<?xml version="1.0" encoding="utf-8"?><testsuites name="pytest tests"><testsuite name="pytest" errors="0" failures="0" skipped="0" tests="14" time="3.080" timestamp="2026-03-01T19:39:56.382096+00:00" hostname="agent-env-2b481bb6-82b8-4b52-85ad-79fa99a56bcf"><testcase classname="backend.tests.test_order_add_remove_items.TestAddRemoveOrderItems" name="test_01_admin_login_success" time="0.385" /><testcase classname="backend.tests.test_order_add_remove_items.TestAddRemoveOrderItems" name="test_02_search_inventory_products_basic" time="0.464" /><testcase classname="backend.tests.test_order_add_remove_items.TestAddRemoveOrderItems" name="test_03_search_inventory_with_grade_filter" time="0.113" /><testcase classname="backend.tests.test_order_add_remove_items.TestAddRemoveOrderItems" name="test_04_search_inventory_by_code" time="0.123" /><testcase classname="backend.tests.test_order_add_remove_items.TestAddRemoveOrderItems" name="test_05_get_order_details" time="0.152" /><testcase classname="backend.tests.test_order_add_remove_items.TestAddRemoveOrderItems" name="test_06_get_all_orders_to_find_test_order" time="0.142" /><testcase classname="backend.tests.test_order_add_remove_items.TestAddRemoveOrderItems" name="test_07_add_item_to_order_success" time="0.477" /><testcase classname="backend.tests.test_order_add_remove_items.TestAddRemoveOrderItems" name="test_08_add_item_missing_book_id_fails" time="0.118" /><testcase classname="backend.tests.test_order_add_remove_items.TestAddRemoveOrderItems" name="test_09_add_item_invalid_book_id_fails" time="0.155" /><testcase classname="backend.tests.test_order_add_remove_items.TestAddRemoveOrderItems" name="test_10_add_item_invalid_order_fails" time="0.111" /><testcase classname="backend.tests.test_order_add_remove_items.TestAddRemoveOrderItems" name="test_11_remove_item_from_order" time="0.374" /><testcase classname="backend.tests.test_order_add_remove_items.TestAddRemoveOrderItems" name="test_12_remove_item_invalid_book_fails" time="0.126" /><testcase classname="backend.tests.test_order_add_remove_items.TestAddRemoveOrderItems" name="test_13_remove_item_invalid_order_fails" time="0.158" /><testcase classname="backend.tests.test_order_add_remove_items.TestAddRemoveOrderItems" name="test_14_search_short_query_returns_empty" time="0.114" /></testsuite></testsuites>