<?xml version="1.0" encoding="utf-8"?><testsuites name="pytest tests"><testsuite name="pytest" errors="0" failures="0" skipped="0" tests="22" time="1.134" timestamp="2026-01-10T04:53:00.979631+00:00" hostname="agent-env-55e4b98e-11ea-474a-982b-b4535c967e32"><testcase classname="tests.test_analytics_achievements_social.TestAnalyticsDashboard" name="test_get_analytics_dashboard" time="0.109" /><testcase classname="tests.test_analytics_achievements_social.TestAnalyticsDashboard" name="test_get_analytics_summary" time="0.044" /><testcase classname="tests.test_analytics_achievements_social.TestAchievementsSystem" name="test_get_all_achievements" time="0.040" /><testcase classname="tests.test_analytics_achievements_social.TestAchievementsSystem" name="test_get_player_achievements" time="0.042" /><testcase classname="tests.test_analytics_achievements_social.TestAchievementsSystem" name="test_check_achievements" time="0.040" /><testcase classname="tests.test_analytics_achievements_social.TestAchievementsSystem" name="test_initialize_achievements" time="0.042" /><testcase classname="tests.test_analytics_achievements_social.TestSocialFollowFeatures" name="test_get_follow_stats" time="0.078" /><testcase classname="tests.test_analytics_achievements_social.TestSocialFollowFeatures" name="test_get_followers" time="0.081" /><testcase classname="tests.test_analytics_achievements_social.TestSocialFollowFeatures" name="test_get_following" time="0.037" /><testcase classname="tests.test_analytics_achievements_social.TestSocialFollowFeatures" name="test_is_following" time="0.037" /><testcase classname="tests.test_analytics_achievements_social.TestSocialFollowFeatures" name="test_follow_player" time="0.038" /><testcase classname="tests.test_analytics_achievements_social.TestSocialFollowFeatures" name="test_follow_self_should_fail" time="0.036" /><testcase classname="tests.test_analytics_achievements_social.TestSocialCommentsFeatures" name="test_get_comments_for_player" time="0.077" /><testcase classname="tests.test_analytics_achievements_social.TestSocialCommentsFeatures" name="test_get_comments_for_match" time="0.040" /><testcase classname="tests.test_analytics_achievements_social.TestSocialCommentsFeatures" name="test_create_comment" time="0.039" /><testcase classname="tests.test_analytics_achievements_social.TestUserWarningsModeration" name="test_get_user_warnings" time="0.037" /><testcase classname="tests.test_analytics_achievements_social.TestSocialReactions" name="test_get_reactions" time="0.035" /><testcase classname="tests.test_analytics_achievements_social.TestSocialReactions" name="test_add_reaction" time="0.038" /><testcase classname="tests.test_analytics_achievements_social.TestActivityFeed" name="test_get_player_feed" time="0.037" /><testcase classname="tests.test_analytics_achievements_social.TestActivityFeed" name="test_get_following_feed" time="0.076" /><testcase classname="tests.test_analytics_achievements_social.TestNotifications" name="test_get_notifications" time="0.038" /><testcase classname="tests.test_analytics_achievements_social.TestNotifications" name="test_get_unread_count" time="0.036" /></testsuite></testsuites>