<?xml version="1.0" encoding="utf-8"?><testsuites name="pytest tests"><testsuite name="pytest" errors="0" failures="0" skipped="0" tests="7" time="67.211" timestamp="2026-02-18T21:56:49.064346+00:00" hostname="agent-env-66e42301-b726-4167-a46d-e6534d91f723"><testcase classname="backend.tests.test_monday_integration_order.TestMondayIntegrationOrderSubmit" name="test_submit_order_endpoint_works" time="53.083" /><testcase classname="backend.tests.test_monday_integration_order.TestMondayIntegrationOrderSubmit" name="test_admin_orders_returns_submitted_orders" time="0.666" /><testcase classname="backend.tests.test_monday_integration_order.TestMondayIntegrationOrderSubmit" name="test_specific_order_has_monday_item_id" time="0.536" /><testcase classname="backend.tests.test_monday_integration_order.TestCrmChatOrderIntegration" name="test_admin_get_topics_for_student" time="1.371" /><testcase classname="backend.tests.test_monday_integration_order.TestCrmChatOrderIntegration" name="test_admin_inbox_returns_conversations" time="1.511" /><testcase classname="backend.tests.test_monday_integration_order.TestGradeLabelMapping" name="test_grade_labels_in_code" time="8.482" /><testcase classname="backend.tests.test_monday_integration_order.TestCrmChatMessagesOrderIdField" name="test_topics_have_local_replies_with_order_id" time="1.496" /></testsuite></testsuites>