<?xml version="1.0" encoding="utf-8"?><testsuites name="pytest tests"><testsuite name="pytest" errors="0" failures="0" skipped="0" tests="14" time="1.750" timestamp="2026-02-06T23:23:20.681485+00:00" hostname="agent-env-935d6a7b-f95a-4e39-8d1a-253813b0477e"><testcase classname="backend.tests.test_new_features_iteration43.TestAuthLogin" name="test_client_login" time="0.305" /><testcase classname="backend.tests.test_new_features_iteration43.TestAuthLogin" name="test_admin_login" time="0.260" /><testcase classname="backend.tests.test_new_features_iteration43.TestSchoolYearConfig" name="test_get_school_year_config" time="0.302" /><testcase classname="backend.tests.test_new_features_iteration43.TestSchoolYearConfig" name="test_get_school_year_status" time="0.036" /><testcase classname="backend.tests.test_new_features_iteration43.TestSchoolYearConfig" name="test_school_year_config_requires_admin" time="0.301" /><testcase classname="backend.tests.test_new_features_iteration43.TestStudentManagement" name="test_get_all_students" time="0.042" /><testcase classname="backend.tests.test_new_features_iteration43.TestStudentManagement" name="test_students_have_expected_fields" time="0.045" /><testcase classname="backend.tests.test_new_features_iteration43.TestStudentManagement" name="test_student_lock_endpoint" time="0.080" /><testcase classname="backend.tests.test_new_features_iteration43.TestStudentManagement" name="test_student_unlock_endpoint" time="0.080" /><testcase classname="backend.tests.test_new_features_iteration43.TestReorderFlow" name="test_get_pending_reorders" time="0.034" /><testcase classname="backend.tests.test_new_features_iteration43.TestReorderFlow" name="test_student_alpha_has_reorder_requested_item" time="0.038" /><testcase classname="backend.tests.test_new_features_iteration43.TestReorderFlow" name="test_reorder_item_has_reason" time="0.035" /><testcase classname="backend.tests.test_new_features_iteration43.TestAllStudentsEndpoint" name="test_all_students_count" time="0.042" /><testcase classname="backend.tests.test_new_features_iteration43.TestAllStudentsEndpoint" name="test_students_have_enrollments" time="0.045" /></testsuite></testsuites>