<?xml version="1.0" encoding="utf-8"?><testsuites name="pytest tests"><testsuite name="pytest" errors="0" failures="0" skipped="0" tests="21" time="1.059" timestamp="2026-01-10T02:22:59.036258+00:00" hostname="agent-env-6a0ce961-beef-4326-b83d-2c38e93a9094"><testcase classname="tests.test_rapidpin.TestRapidPinSeasons" name="test_get_all_seasons" time="0.068" /><testcase classname="tests.test_rapidpin.TestRapidPinSeasons" name="test_get_active_seasons" time="0.039" /><testcase classname="tests.test_rapidpin.TestRapidPinSeasons" name="test_get_season_by_id" time="0.044" /><testcase classname="tests.test_rapidpin.TestRapidPinSeasons" name="test_get_nonexistent_season" time="0.037" /><testcase classname="tests.test_rapidpin.TestRapidPinSeasons" name="test_create_season_requires_auth" time="0.036" /><testcase classname="tests.test_rapidpin.TestRapidPinMatches" name="test_register_match_success" time="0.052" /><testcase classname="tests.test_rapidpin.TestRapidPinMatches" name="test_register_match_same_participants_fails" time="0.037" /><testcase classname="tests.test_rapidpin.TestRapidPinMatches" name="test_register_match_winner_must_be_player" time="0.037" /><testcase classname="tests.test_rapidpin.TestRapidPinMatches" name="test_register_match_registrant_must_be_participant" time="0.038" /><testcase classname="tests.test_rapidpin.TestRapidPinMatches" name="test_confirm_match_by_different_participant" time="0.064" /><testcase classname="tests.test_rapidpin.TestRapidPinMatches" name="test_confirm_match_by_same_registrant_fails" time="0.078" /><testcase classname="tests.test_rapidpin.TestRapidPinMatches" name="test_confirm_match_by_non_participant_fails" time="0.035" /><testcase classname="tests.test_rapidpin.TestRapidPinMatches" name="test_get_match_by_id" time="0.042" /><testcase classname="tests.test_rapidpin.TestRapidPinMatches" name="test_get_season_matches" time="0.038" /><testcase classname="tests.test_rapidpin.TestRapidPinRanking" name="test_get_player_ranking" time="0.035" /><testcase classname="tests.test_rapidpin.TestRapidPinRanking" name="test_get_referee_ranking" time="0.041" /><testcase classname="tests.test_rapidpin.TestRapidPinRanking" name="test_ranking_nonexistent_season" time="0.036" /><testcase classname="tests.test_rapidpin.TestRapidPinScoring" name="test_get_scoring_config" time="0.034" /><testcase classname="tests.test_rapidpin.TestRapidPinPointsValidation" name="test_points_not_applied_before_confirmation" time="0.037" /><testcase classname="tests.test_rapidpin.TestRapidPinPointsValidation" name="test_points_applied_after_confirmation" time="0.050" /><testcase classname="tests.test_rapidpin.TestRapidPinCleanup" name="test_cleanup_pending_matches" time="0.045" /></testsuite></testsuites>