<?xml version="1.0" encoding="utf-8"?><testsuites name="pytest tests"><testsuite name="pytest" errors="0" failures="0" skipped="0" tests="24" time="9.965" timestamp="2026-02-18T02:38:05.833652+00:00" hostname="agent-env-aaee7ea5-d490-48d6-85a5-fee18fc526c5"><testcase classname="backend.tests.test_textbook_e2e_workflow.TestAuthEndpoints" name="test_admin_login" time="0.371" /><testcase classname="backend.tests.test_textbook_e2e_workflow.TestAuthEndpoints" name="test_admin_token_works" time="0.078" /><testcase classname="backend.tests.test_textbook_e2e_workflow.TestStudentRegistration" name="test_get_schools_list" time="0.414" /><testcase classname="backend.tests.test_textbook_e2e_workflow.TestStudentRegistration" name="test_get_all_students_admin" time="0.069" /><testcase classname="backend.tests.test_textbook_e2e_workflow.TestStudentRegistration" name="test_get_pending_requests" time="0.065" /><testcase classname="backend.tests.test_textbook_e2e_workflow.TestApprovalWorkflow" name="test_approve_request_invalid_student" time="0.396" /><testcase classname="backend.tests.test_textbook_e2e_workflow.TestApprovalWorkflow" name="test_reject_request_invalid_student" time="0.061" /><testcase classname="backend.tests.test_textbook_e2e_workflow.TestOrderCRUD" name="test_get_admin_all_orders" time="0.428" /><testcase classname="backend.tests.test_textbook_e2e_workflow.TestOrderCRUD" name="test_get_order_stats" time="0.066" /><testcase classname="backend.tests.test_textbook_e2e_workflow.TestOrderCRUD" name="test_get_pending_reorders" time="0.066" /><testcase classname="backend.tests.test_textbook_e2e_workflow.TestOrderCRUD" name="test_get_order_details_not_found" time="0.076" /><testcase classname="backend.tests.test_textbook_e2e_workflow.TestPresaleImport" name="test_presale_preview" time="1.980" /><testcase classname="backend.tests.test_textbook_e2e_workflow.TestPresaleImport" name="test_presale_orders" time="0.067" /><testcase classname="backend.tests.test_textbook_e2e_workflow.TestPresaleImport" name="test_presale_suggestions" time="0.068" /><testcase classname="backend.tests.test_textbook_e2e_workflow.TestPresaleImport" name="test_presale_execute_no_cycle" time="1.768" /><testcase classname="backend.tests.test_textbook_e2e_workflow.TestInfiniteCycleSafeguards" name="test_monday_adapter_field_map_no_trigger_column" time="0.001" /><testcase classname="backend.tests.test_textbook_e2e_workflow.TestInfiniteCycleSafeguards" name="test_presale_import_trigger_filter" time="0.000" /><testcase classname="backend.tests.test_textbook_e2e_workflow.TestInfiniteCycleSafeguards" name="test_presale_import_duplicate_check" time="0.000" /><testcase classname="backend.tests.test_textbook_e2e_workflow.TestStockManagement" name="test_diagnostic_textbooks_endpoint" time="0.469" /><testcase classname="backend.tests.test_textbook_e2e_workflow.TestWalletIntegration" name="test_wallet_balance_endpoint_exists" time="0.496" /><testcase classname="backend.tests.test_textbook_e2e_workflow.TestAuthGuards" name="test_presale_endpoints_require_auth" time="0.176" /><testcase classname="backend.tests.test_textbook_e2e_workflow.TestAuthGuards" name="test_textbook_orders_admin_require_auth" time="0.141" /><testcase classname="backend.tests.test_textbook_e2e_workflow.TestAuthGuards" name="test_student_access_admin_require_auth" time="0.111" /><testcase classname="backend.tests.test_textbook_e2e_workflow.TestWorkflowSummary" name="test_complete_workflow_summary" time="2.526" /></testsuite></testsuites>