<?xml version="1.0" encoding="utf-8"?><testsuites name="pytest tests"><testsuite name="pytest" errors="0" failures="0" skipped="0" tests="17" time="8.119" timestamp="2026-02-22T17:59:54.309876+00:00" hostname="agent-env-887dd3c5-5a81-4251-9a17-341cd7478c54"><testcase classname="tests.test_student_textbook_workflow.TestTextbookAccessEndpoints" name="test_get_schools" time="0.509" /><testcase classname="tests.test_student_textbook_workflow.TestTextbookAccessEndpoints" name="test_get_config" time="0.462" /><testcase classname="tests.test_student_textbook_workflow.TestTextbookAccessEndpoints" name="test_get_my_students" time="0.460" /><testcase classname="tests.test_student_textbook_workflow.TestPrivateCatalogEndpoints" name="test_get_private_catalog_products" time="0.436" /><testcase classname="tests.test_student_textbook_workflow.TestPrivateCatalogEndpoints" name="test_get_private_catalog_products_with_grade_filter" time="0.457" /><testcase classname="tests.test_student_textbook_workflow.TestPrivateCatalogEndpoints" name="test_admin_get_private_catalog_products" time="0.437" /><testcase classname="tests.test_student_textbook_workflow.TestTextbookOrderEndpoints" name="test_get_my_orders" time="0.462" /><testcase classname="tests.test_student_textbook_workflow.TestTextbookOrderEndpoints" name="test_admin_diagnostic_textbooks" time="0.491" /><testcase classname="tests.test_student_textbook_workflow.TestWalletTopupsEndpoints" name="test_get_wallet_settings" time="0.444" /><testcase classname="tests.test_student_textbook_workflow.TestWalletTopupsEndpoints" name="test_get_wallet_pending" time="0.466" /><testcase classname="tests.test_student_textbook_workflow.TestCRMChatEndpoints" name="test_crm_chat_topics_endpoint_exists" time="0.432" /><testcase classname="tests.test_student_textbook_workflow.TestStoreInventoryWithInventorySource" name="test_store_products_endpoint" time="0.477" /><testcase classname="tests.test_student_textbook_workflow.TestStoreInventoryWithInventorySource" name="test_store_inventory_with_inventory_source_sysbook" time="0.519" /><testcase classname="tests.test_student_textbook_workflow.TestStoreInventoryWithInventorySource" name="test_store_inventory_with_inventory_source_public" time="0.489" /><testcase classname="tests.test_student_textbook_workflow.TestSysbookInventoryEndpoints" name="test_sysbook_inventory_products" time="0.511" /><testcase classname="tests.test_student_textbook_workflow.TestSysbookInventoryEndpoints" name="test_sysbook_inventory_dashboard" time="0.531" /><testcase classname="tests.test_student_textbook_workflow.TestTextbookOrderSubmission" name="test_order_submission_endpoint_exists" time="0.473" /></testsuite></testsuites>