<?xml version="1.0" encoding="utf-8"?><testsuites name="pytest tests"><testsuite name="pytest" errors="0" failures="0" skipped="0" tests="15" time="52.767" timestamp="2026-02-21T15:03:32.587708+00:00" hostname="agent-env-2a6b26f9-dbaf-4e95-9fd7-d9c9f4a87513"><testcase classname="backend.tests.test_spanish_to_english_refactoring.TestRapidPinSeasonsEnglishFields" name="test_get_seasons_returns_english_fields" time="49.781" /><testcase classname="backend.tests.test_spanish_to_english_refactoring.TestRapidPinSeasonsEnglishFields" name="test_get_seasons_active_only" time="0.149" /><testcase classname="backend.tests.test_spanish_to_english_refactoring.TestRefereeSystemEnglishFields" name="test_get_referee_settings_returns_english_fields" time="0.162" /><testcase classname="backend.tests.test_spanish_to_english_refactoring.TestRefereeSystemEnglishFields" name="test_get_hall_of_fame_returns_english_fields" time="0.153" /><testcase classname="backend.tests.test_spanish_to_english_refactoring.TestRefereeSystemEnglishFields" name="test_hall_of_fame_filter_by_mode" time="0.498" /><testcase classname="backend.tests.test_spanish_to_english_refactoring.TestRefereeSystemEnglishFields" name="test_get_referee_profiles_leaderboard" time="0.134" /><testcase classname="backend.tests.test_spanish_to_english_refactoring.TestHallOfFameAdminEndpoints" name="test_refresh_requires_admin_auth" time="0.119" /><testcase classname="backend.tests.test_spanish_to_english_refactoring.TestHallOfFameAdminEndpoints" name="test_get_player_hall_of_fame_not_found" time="0.103" /><testcase classname="backend.tests.test_spanish_to_english_refactoring.TestSeasonsServiceEnglishFields" name="test_get_current_season" time="0.179" /><testcase classname="backend.tests.test_spanish_to_english_refactoring.TestSeasonsServiceEnglishFields" name="test_get_all_seasons" time="0.115" /><testcase classname="backend.tests.test_spanish_to_english_refactoring.TestRapidPinMatchesEnglishFields" name="test_rapidpin_scoring_config" time="0.127" /><testcase classname="backend.tests.test_spanish_to_english_refactoring.TestRapidPinMatchesEnglishFields" name="test_rapidpin_queue_endpoints" time="0.122" /><testcase classname="backend.tests.test_spanish_to_english_refactoring.TestRapidPinMatchesEnglishFields" name="test_rapidpin_public_feed" time="0.128" /><testcase classname="backend.tests.test_spanish_to_english_refactoring.TestAuthenticatedAdminEndpoints" name="test_admin_can_refresh_hall_of_fame" time="0.476" /><testcase classname="backend.tests.test_spanish_to_english_refactoring.TestAuthenticatedAdminEndpoints" name="test_admin_can_update_referee_settings" time="0.434" /></testsuite></testsuites>