<?xml version="1.0" encoding="utf-8"?><testsuites name="pytest tests"><testsuite name="pytest" errors="0" failures="0" skipped="0" tests="15" time="8.853" timestamp="2026-02-14T21:46:54.402455+00:00" hostname="agent-env-5d487975-e708-4af9-8566-7314c9238a7d"><testcase classname="backend.tests.test_txb_create_item_webhook.TestTxbCreateItemWebhookEndpoints" name="test_config_includes_create_item_webhook_config_field" time="0.486" /><testcase classname="backend.tests.test_txb_create_item_webhook.TestTxbCreateItemWebhookEndpoints" name="test_config_still_includes_existing_fields" time="0.460" /><testcase classname="backend.tests.test_txb_create_item_webhook.TestTxbCreateItemWebhookEndpoints" name="test_webhook_challenge_still_works" time="0.644" /><testcase classname="backend.tests.test_txb_create_item_webhook.TestTxbCreateItemWebhookEndpoints" name="test_webhook_routes_create_item_event" time="0.893" /><testcase classname="backend.tests.test_txb_create_item_webhook.TestTxbCreateItemWebhookEndpoints" name="test_webhook_routes_change_column_value_event" time="0.512" /><testcase classname="backend.tests.test_txb_create_item_webhook.TestTxbCreateItemWebhookEndpoints" name="test_webhook_no_event" time="0.535" /><testcase classname="backend.tests.test_txb_create_item_webhook.TestTxbCreateItemWebhookEndpoints" name="test_register_create_item_webhook_endpoint_exists" time="0.621" /><testcase classname="backend.tests.test_txb_create_item_webhook.TestTxbCreateItemWebhookEndpoints" name="test_register_create_item_webhook_requires_auth" time="0.485" /><testcase classname="backend.tests.test_txb_create_item_webhook.TestTxbCreateItemWebhookEndpoints" name="test_unregister_create_item_webhook_endpoint_exists" time="0.492" /><testcase classname="backend.tests.test_txb_create_item_webhook.TestTxbCreateItemWebhookEndpoints" name="test_unregister_create_item_webhook_requires_auth" time="0.464" /><testcase classname="backend.tests.test_txb_create_item_webhook.TestTxbCreateItemWebhookEndpoints" name="test_webhook_dedup_by_monday_item_id" time="0.843" /><testcase classname="backend.tests.test_txb_create_item_webhook.TestTxbCreateItemWebhookEndpoints" name="test_stock_webhook_register_still_works" time="0.492" /><testcase classname="backend.tests.test_txb_create_item_webhook.TestTxbCreateItemWebhookEndpoints" name="test_stock_webhook_unregister_still_works" time="0.522" /><testcase classname="backend.tests.test_txb_create_item_webhook.TestSyncDashboardStillWorks" name="test_sync_dashboard_endpoint_works" time="0.468" /><testcase classname="backend.tests.test_txb_create_item_webhook.TestSyncDashboardStillWorks" name="test_txb_inventory_board_in_dashboard" time="0.877" /></testsuite></testsuites>