<?xml version="1.0" encoding="utf-8"?><testsuites name="pytest tests"><testsuite name="pytest" errors="0" failures="0" skipped="0" tests="10" time="2.415" timestamp="2026-01-19T23:08:22.269475+00:00" hostname="agent-env-1c17fd84-0f88-4314-a3ac-9d3e84e4250e"><testcase classname="tests.test_catalogo_privado.TestPrivateCatalogAccess" name="test_unauthenticated_access_denied" time="0.069" /><testcase classname="tests.test_catalogo_privado.TestPrivateCatalogAccess" name="test_authenticated_user_with_students_has_access" time="0.314" /><testcase classname="tests.test_catalogo_privado.TestPrivateCatalogProducts" name="test_get_private_products_list" time="0.269" /><testcase classname="tests.test_catalogo_privado.TestPrivateCatalogProducts" name="test_get_private_product_detail" time="0.270" /><testcase classname="tests.test_catalogo_privado.TestPrivateCatalogProducts" name="test_filter_products_by_grade" time="0.268" /><testcase classname="tests.test_catalogo_privado.TestPrivateCatalogProducts" name="test_filter_products_by_subject" time="0.271" /><testcase classname="tests.test_catalogo_privado.TestPrivateCatalogProducts" name="test_unauthenticated_product_access_denied" time="0.269" /><testcase classname="tests.test_catalogo_privado.TestPrivateCatalogProducts" name="test_get_products_by_grade" time="0.267" /><testcase classname="tests.test_catalogo_privado.TestPrivateCatalogSummary" name="test_get_catalog_summary" time="0.268" /><testcase classname="tests.test_catalogo_privado.TestPublicStoreExcludesPrivate" name="test_public_products_exclude_private" time="0.038" /></testsuite></testsuites>