<?xml version="1.0" encoding="utf-8"?><testsuites name="pytest tests"><testsuite name="pytest" errors="0" failures="1" skipped="1" tests="25" time="7.736" timestamp="2026-02-15T21:11:46.446123+00:00" hostname="agent-env-d4ddde62-eb82-4cb8-83ce-8dbc1bc200e5"><testcase classname="backend.tests.test_new_animations.TestNewAnimationStatuses" name="test_public_icon_statuses_returns_10_defaults" time="0.169" /><testcase classname="backend.tests.test_new_animations.TestNewAnimationStatuses" name="test_new_animation_types_present_in_defaults" time="0.655" /><testcase classname="backend.tests.test_new_animations.TestNewAnimationStatuses" name="test_admin_icon_statuses_returns_defaults_field" time="0.131" /><testcase classname="backend.tests.test_new_animations.TestNewAnimationStatuses" name="test_default_status_lantern_has_correct_animation" time="0.117" /><testcase classname="backend.tests.test_new_animations.TestNewAnimationStatuses" name="test_default_status_dragon_has_correct_animation" time="0.127" /><testcase classname="backend.tests.test_new_animations.TestNewAnimationStatuses" name="test_default_status_bamboo_has_correct_animation" time="0.130" /><testcase classname="backend.tests.test_new_animations.TestNewAnimationStatuses" name="test_default_status_coding_has_correct_animation" time="0.146" /><testcase classname="backend.tests.test_new_animations.TestNewAnimationStatuses" name="test_default_status_fireworks_has_correct_animation" time="0.111" /><testcase classname="backend.tests.test_new_animations.TestNewAnimationStatuses" name="test_default_status_progress_has_progress_bar_animation" time="0.120" /><testcase classname="backend.tests.test_new_animations.TestNewAnimationStatuses" name="test_all_statuses_have_hex_color" time="0.180" /><testcase classname="backend.tests.test_new_animations.TestLayoutIconsWithAnimations" name="test_layout_icons_endpoint_works" time="0.134" /><testcase classname="backend.tests.test_new_animations.TestLayoutIconsWithAnimations" name="test_admin_layout_icons_returns_resolved" time="0.115" /><testcase classname="backend.tests.test_new_animations.TestOriginalStatusesStillWork" name="test_ready_status_exists" time="0.523" /><testcase classname="backend.tests.test_new_animations.TestOriginalStatusesStillWork" name="test_building_status_exists" time="0.242"><failure message="AssertionError: assert 'blocks' == 'building_bars'&#10;  &#10;  - building_bars&#10;  + blocks">backend/tests/test_new_animations.py:170: in test_building_status_exists
    assert building["animation"] == "building_bars"
E   AssertionError: assert 'blocks' == 'building_bars'
E     
E     - building_bars
E     + blocks</failure></testcase><testcase classname="backend.tests.test_new_animations.TestOriginalStatusesStillWork" name="test_coming_soon_status_exists" time="0.120" /><testcase classname="backend.tests.test_new_animations.TestOriginalStatusesStillWork" name="test_maintenance_status_exists" time="0.116" /><testcase classname="backend.tests.test_icon_statuses.TestIconStatusesPublic" name="test_get_icon_statuses_public" time="0.244" /><testcase classname="backend.tests.test_icon_statuses.TestIconStatusesPublic" name="test_statuses_have_valid_animations" time="0.109" /><testcase classname="backend.tests.test_icon_statuses.TestIconStatusesAdmin" name="test_get_icon_statuses_admin" time="0.456" /><testcase classname="backend.tests.test_icon_statuses.TestIconStatusesAdmin" name="test_create_custom_status" time="1.343" /><testcase classname="backend.tests.test_icon_statuses.TestIconStatusesAdmin" name="test_update_status_animation" time="0.565" /><testcase classname="backend.tests.test_icon_statuses.TestIconStatusesAdmin" name="test_custom_gif_status" time="0.570" /><testcase classname="backend.tests.test_icon_statuses.TestIconStatusesAdmin" name="test_unauthorized_access" time="0.199"><skipped type="pytest.skip" message="Admin endpoints not enforcing token auth (using OAuth session instead)">/app/backend/tests/test_icon_statuses.py:200: Admin endpoints not enforcing token auth (using OAuth session instead)</skipped></testcase><testcase classname="backend.tests.test_icon_statuses.TestLayoutIconsWithStatuses" name="test_get_layout_icons" time="0.463" /><testcase classname="backend.tests.test_icon_statuses.TestLayoutIconsWithStatuses" name="test_update_icon_with_status_animation" time="0.565" /></testsuite></testsuites>