<?xml version="1.0" encoding="utf-8"?><testsuites name="pytest tests"><testsuite name="pytest" errors="0" failures="0" skipped="0" tests="12" time="11.106" timestamp="2026-02-18T20:30:57.924216+00:00" hostname="agent-env-22e0b8e9-5acd-402a-b143-138441720da1"><testcase classname="backend.tests.test_crm_student_link_on_order.TestAdminLogin" name="test_admin_login" time="0.387" /><testcase classname="backend.tests.test_crm_student_link_on_order.TestOrderSubmitEndpoint" name="test_get_existing_students" time="0.532" /><testcase classname="backend.tests.test_crm_student_link_on_order.TestOrderSubmitEndpoint" name="test_order_submit_endpoint_exists" time="0.128" /><testcase classname="backend.tests.test_crm_student_link_on_order.TestCRMChatAdminEndpoints" name="test_admin_inbox_endpoint" time="0.504" /><testcase classname="backend.tests.test_crm_student_link_on_order.TestCRMChatAdminEndpoints" name="test_admin_get_topics_for_student" time="1.402" /><testcase classname="backend.tests.test_crm_student_link_on_order.TestCRMConfig" name="test_crm_config_endpoint" time="0.557" /><testcase classname="backend.tests.test_crm_student_link_on_order.TestCRMStudentLinkCollection" name="test_student_link_via_admin_topics" time="1.899" /><testcase classname="backend.tests.test_crm_student_link_on_order.TestNonBlockingBehavior" name="test_order_submission_completes_even_if_crm_fails" time="0.526" /><testcase classname="backend.tests.test_crm_student_link_on_order.TestCRMChatMessagesCollection" name="test_topics_include_auto_generated_messages" time="1.639" /><testcase classname="backend.tests.test_crm_student_link_on_order.TestEndToEndOrderCRMFlow" name="test_full_order_flow_check" time="2.224" /><testcase classname="backend.tests.test_crm_student_link_on_order.TestCRMAdapterMethods" name="test_crm_adapter_create_item_via_config" time="0.534" /><testcase classname="backend.tests.test_crm_student_link_on_order.TestOrderStats" name="test_order_stats_endpoint" time="0.715" /></testsuite></testsuites>