<?xml version="1.0" encoding="utf-8"?><testsuites name="pytest tests"><testsuite name="pytest" errors="0" failures="0" skipped="0" tests="13" time="63.803" timestamp="2026-02-13T19:55:22.469981+00:00" hostname="agent-env-6923322f-5cea-4f3f-9002-ef44d766cef7"><testcase classname="backend.tests.test_monday_banner_auto_sync.TestAutoSyncGetConfig" name="test_get_auto_sync_config_returns_200" time="58.786" /><testcase classname="backend.tests.test_monday_banner_auto_sync.TestAutoSyncPutConfig" name="test_enable_auto_sync" time="0.384" /><testcase classname="backend.tests.test_monday_banner_auto_sync.TestAutoSyncPutConfig" name="test_disable_auto_sync" time="0.118" /><testcase classname="backend.tests.test_monday_banner_auto_sync.TestAutoSyncPutConfig" name="test_change_interval_minutes" time="0.174" /><testcase classname="backend.tests.test_monday_banner_auto_sync.TestAutoSyncPutConfig" name="test_interval_clamped_minimum" time="0.466" /><testcase classname="backend.tests.test_monday_banner_auto_sync.TestAutoSyncPutConfig" name="test_interval_clamped_maximum" time="0.201" /><testcase classname="backend.tests.test_monday_banner_auto_sync.TestSchedulerBehavior" name="test_scheduler_status_when_auto_sync_enabled" time="0.704" /><testcase classname="backend.tests.test_monday_banner_auto_sync.TestExistingBannerCRUD" name="test_get_admin_banners" time="0.189" /><testcase classname="backend.tests.test_monday_banner_auto_sync.TestExistingBannerCRUD" name="test_create_banner" time="0.474" /><testcase classname="backend.tests.test_monday_banner_auto_sync.TestExistingBannerCRUD" name="test_get_public_banners" time="0.196" /><testcase classname="backend.tests.test_monday_banner_auto_sync.TestExistingMondayConfig" name="test_get_monday_banner_config" time="0.213" /><testcase classname="backend.tests.test_monday_banner_auto_sync.TestExistingMondayConfig" name="test_update_monday_banner_config" time="0.266" /><testcase classname="backend.tests.test_monday_banner_auto_sync.TestAutoSyncEndToEnd" name="test_full_auto_sync_flow" time="1.508" /></testsuite></testsuites>