<?xml version="1.0" encoding="utf-8"?><testsuites name="pytest tests"><testsuite name="pytest" errors="0" failures="0" skipped="3" tests="21" time="9.324" timestamp="2026-02-21T07:30:01.346554+00:00" hostname="agent-env-c4656116-575f-4316-9f39-7073ad8b4cc8"><testcase classname="tests.test_pinpan_arena.TestArenaAuth" name="test_auth_login_success" time="0.503" /><testcase classname="tests.test_pinpan_arena.TestArenaTournamentCRUD" name="test_list_tournaments" time="0.145" /><testcase classname="tests.test_pinpan_arena.TestArenaTournamentCRUD" name="test_create_tournament_requires_auth" time="0.139" /><testcase classname="tests.test_pinpan_arena.TestArenaTournamentCRUD" name="test_create_tournament_single_elimination" time="0.434" /><testcase classname="tests.test_pinpan_arena.TestArenaTournamentCRUD" name="test_create_tournament_round_robin" time="0.098" /><testcase classname="tests.test_pinpan_arena.TestArenaTournamentCRUD" name="test_create_tournament_group_knockout" time="0.101" /><testcase classname="tests.test_pinpan_arena.TestArenaTournamentCRUD" name="test_create_tournament_rapidpin" time="0.138" /><testcase classname="tests.test_pinpan_arena.TestArenaTournamentCRUD" name="test_get_tournament_details" time="0.262" /><testcase classname="tests.test_pinpan_arena.TestArenaTournamentCRUD" name="test_get_nonexistent_tournament" time="0.108" /><testcase classname="tests.test_pinpan_arena.TestArenaTournamentCRUD" name="test_delete_tournament" time="0.314" /><testcase classname="tests.test_pinpan_arena.TestArenaRegistrationFlow" name="test_open_registration" time="0.573" /><testcase classname="tests.test_pinpan_arena.TestArenaRegistrationFlow" name="test_register_player_admin" time="0.371"><skipped type="pytest.skip" message="No players available for registration test">/app/backend/tests/test_pinpan_arena.py:265: No players available for registration test</skipped></testcase><testcase classname="tests.test_pinpan_arena.TestArenaRegistrationFlow" name="test_close_registration" time="0.333" /><testcase classname="tests.test_pinpan_arena.TestArenaBracketGeneration" name="test_apply_seeding" time="0.753" /><testcase classname="tests.test_pinpan_arena.TestArenaBracketGeneration" name="test_generate_brackets" time="0.433"><skipped type="pytest.skip" message="Not enough players for bracket generation">/app/backend/tests/test_pinpan_arena.py:353: Not enough players for bracket generation</skipped></testcase><testcase classname="tests.test_pinpan_arena.TestArenaBracketGeneration" name="test_get_tournament_matches" time="0.558" /><testcase classname="tests.test_pinpan_arena.TestArenaMatchResults" name="test_submit_match_result" time="0.676"><skipped type="pytest.skip" message="Not enough players registered">/app/backend/tests/test_pinpan_arena.py:427: Not enough players registered</skipped></testcase><testcase classname="tests.test_pinpan_arena.TestArenaTournamentCompletion" name="test_complete_tournament" time="0.663" /><testcase classname="tests.test_pinpan_arena.TestArenaAccessControl" name="test_create_without_auth_fails" time="0.109" /><testcase classname="tests.test_pinpan_arena.TestArenaAccessControl" name="test_delete_without_auth_fails" time="0.633" /><testcase classname="tests.test_pinpan_arena.TestCleanup" name="test_cleanup_test_tournaments" time="1.846" /></testsuite></testsuites>