<?xml version="1.0" encoding="utf-8"?><testsuites name="pytest tests"><testsuite name="pytest" errors="0" failures="0" skipped="0" tests="20" time="1.511" timestamp="2026-02-12T17:58:00.554312+00:00" hostname="agent-env-25fd003d-7940-4ef9-9e5e-33f6241a91f9"><testcase classname="backend.tests.test_dev_control.TestArchitectureEndpoint" name="test_architecture_requires_auth" time="0.097" /><testcase classname="backend.tests.test_dev_control.TestArchitectureEndpoint" name="test_architecture_returns_file_tree" time="0.322" /><testcase classname="backend.tests.test_dev_control.TestEndpointsDiscovery" name="test_endpoints_requires_auth" time="0.039" /><testcase classname="backend.tests.test_dev_control.TestEndpointsDiscovery" name="test_endpoints_returns_grouped_routes" time="0.055" /><testcase classname="backend.tests.test_dev_control.TestModulesEndpoint" name="test_modules_requires_auth" time="0.050" /><testcase classname="backend.tests.test_dev_control.TestModulesEndpoint" name="test_modules_returns_module_list" time="0.040" /><testcase classname="backend.tests.test_dev_control.TestPrinciplesEndpoint" name="test_principles_requires_auth" time="0.039" /><testcase classname="backend.tests.test_dev_control.TestPrinciplesEndpoint" name="test_principles_returns_categorized_principles" time="0.042" /><testcase classname="backend.tests.test_dev_control.TestRoadmapEndpoint" name="test_roadmap_requires_auth" time="0.041" /><testcase classname="backend.tests.test_dev_control.TestRoadmapEndpoint" name="test_roadmap_returns_items" time="0.048" /><testcase classname="backend.tests.test_dev_control.TestRoadmapEndpoint" name="test_roadmap_update_status" time="0.158" /><testcase classname="backend.tests.test_dev_control.TestAnnotationsCRUD" name="test_annotations_requires_auth" time="0.036" /><testcase classname="backend.tests.test_dev_control.TestAnnotationsCRUD" name="test_create_annotation" time="0.040" /><testcase classname="backend.tests.test_dev_control.TestAnnotationsCRUD" name="test_get_annotations" time="0.042" /><testcase classname="backend.tests.test_dev_control.TestAnnotationsCRUD" name="test_update_annotation" time="0.083" /><testcase classname="backend.tests.test_dev_control.TestAnnotationsCRUD" name="test_delete_annotation" time="0.079" /><testcase classname="backend.tests.test_dev_control.TestAnnotationsCRUD" name="test_create_annotation_without_content_fails" time="0.042" /><testcase classname="backend.tests.test_dev_control.TestErrorHandling" name="test_update_nonexistent_roadmap_item" time="0.040" /><testcase classname="backend.tests.test_dev_control.TestErrorHandling" name="test_update_nonexistent_annotation" time="0.042" /><testcase classname="backend.tests.test_dev_control.TestErrorHandling" name="test_delete_nonexistent_annotation" time="0.041" /></testsuite></testsuites>