<?xml version="1.0" encoding="utf-8"?><testsuites name="pytest tests"><testsuite name="pytest" errors="0" failures="0" skipped="0" tests="23" time="95.222" timestamp="2026-02-14T20:28:45.277191+00:00" hostname="agent-env-bd162be3-c2b3-41c1-bfaf-aaa53c07e9bb"><testcase classname="backend.tests.test_txb_inventory_bidirectional_sync.TestEnhancedTxbInventoryConfig" name="test_get_config_returns_stock_column_in_column_mapping" time="48.452" /><testcase classname="backend.tests.test_txb_inventory_bidirectional_sync.TestEnhancedTxbInventoryConfig" name="test_get_config_can_save_subject_in_column_mapping" time="0.527" /><testcase classname="backend.tests.test_txb_inventory_bidirectional_sync.TestEnhancedTxbInventoryConfig" name="test_get_config_returns_status_in_column_mapping" time="0.133" /><testcase classname="backend.tests.test_txb_inventory_bidirectional_sync.TestEnhancedTxbInventoryConfig" name="test_get_config_returns_webhook_config" time="0.142" /><testcase classname="backend.tests.test_txb_inventory_bidirectional_sync.TestEnhancedTxbInventoryConfig" name="test_get_config_returns_sync_stats" time="0.119" /><testcase classname="backend.tests.test_txb_inventory_bidirectional_sync.TestEnhancedTxbInventoryConfig" name="test_get_config_returns_last_full_sync" time="0.101" /><testcase classname="backend.tests.test_txb_inventory_bidirectional_sync.TestEnhancedTxbInventoryConfig" name="test_get_config_returns_use_grade_groups" time="0.130" /><testcase classname="backend.tests.test_txb_inventory_bidirectional_sync.TestEnhancedTxbInventoryConfig" name="test_put_config_saves_new_fields" time="0.502" /><testcase classname="backend.tests.test_txb_inventory_bidirectional_sync.TestTxbInventoryFullSync" name="test_full_sync_requires_auth" time="0.137" /><testcase classname="backend.tests.test_txb_inventory_bidirectional_sync.TestTxbInventoryFullSync" name="test_full_sync_returns_sync_stats" time="19.326" /><testcase classname="backend.tests.test_txb_inventory_bidirectional_sync.TestTxbInventoryFullSync" name="test_full_sync_updates_sync_stats_in_config" time="20.511" /><testcase classname="backend.tests.test_txb_inventory_bidirectional_sync.TestTxbSyncStockSingleBook" name="test_sync_stock_requires_auth" time="0.119" /><testcase classname="backend.tests.test_txb_inventory_bidirectional_sync.TestTxbSyncStockSingleBook" name="test_sync_stock_returns_result" time="0.991" /><testcase classname="backend.tests.test_txb_inventory_bidirectional_sync.TestTxbSyncStockSingleBook" name="test_sync_stock_404_for_nonexistent_book" time="0.135" /><testcase classname="backend.tests.test_txb_inventory_bidirectional_sync.TestTxbInventoryWebhook" name="test_webhook_handles_challenge_verification" time="0.610" /><testcase classname="backend.tests.test_txb_inventory_bidirectional_sync.TestTxbInventoryWebhook" name="test_webhook_returns_no_event_for_empty_body" time="0.134" /><testcase classname="backend.tests.test_txb_inventory_bidirectional_sync.TestTxbInventoryWebhook" name="test_webhook_processes_stock_column_change_event" time="0.362" /><testcase classname="backend.tests.test_txb_inventory_bidirectional_sync.TestInventoryAdjustMondaySync" name="test_inventory_adjust_requires_auth" time="0.128" /><testcase classname="backend.tests.test_txb_inventory_bidirectional_sync.TestInventoryAdjustMondaySync" name="test_inventory_adjust_includes_monday_sync_for_private_catalog" time="0.674" /><testcase classname="backend.tests.test_txb_inventory_bidirectional_sync.TestInventoryAdjustMondaySync" name="test_inventory_adjust_increments_stock" time="1.464" /><testcase classname="backend.tests.test_txb_inventory_bidirectional_sync.TestTxbInventoryWebhookRegistration" name="test_register_webhook_requires_auth" time="0.136" /><testcase classname="backend.tests.test_txb_inventory_bidirectional_sync.TestTxbInventoryWebhookRegistration" name="test_register_webhook_requires_url" time="0.109" /><testcase classname="backend.tests.test_txb_inventory_bidirectional_sync.TestTxbInventoryWebhookRegistration" name="test_unregister_webhook_requires_auth" time="0.183" /></testsuite></testsuites>