<?xml version="1.0" encoding="utf-8"?><testsuites name="pytest tests"><testsuite name="pytest" errors="0" failures="0" skipped="0" tests="13" time="93.829" timestamp="2026-02-15T23:21:05.706431+00:00" hostname="agent-env-dc3a6e45-0aef-4ca9-b793-eac57b611773"><testcase classname="backend.tests.test_media_player_new_features.TestMediaPlayerNewFeatures" name="test_public_get_media_player_returns_new_fields" time="89.463" /><testcase classname="backend.tests.test_media_player_new_features.TestMediaPlayerNewFeatures" name="test_admin_get_media_player_config" time="0.652" /><testcase classname="backend.tests.test_media_player_new_features.TestMediaPlayerNewFeatures" name="test_admin_save_disable_swipe_true" time="0.393" /><testcase classname="backend.tests.test_media_player_new_features.TestMediaPlayerNewFeatures" name="test_admin_save_disable_swipe_false" time="0.405" /><testcase classname="backend.tests.test_media_player_new_features.TestMediaPlayerNewFeatures" name="test_admin_save_fit_mode_smart" time="0.445" /><testcase classname="backend.tests.test_media_player_new_features.TestMediaPlayerNewFeatures" name="test_admin_save_fit_mode_contain" time="0.369" /><testcase classname="backend.tests.test_media_player_new_features.TestMediaPlayerNewFeatures" name="test_admin_save_fit_mode_cover" time="0.480" /><testcase classname="backend.tests.test_media_player_new_features.TestMediaPlayerNewFeatures" name="test_admin_save_all_new_settings" time="0.615" /><testcase classname="backend.tests.test_media_player_new_features.TestMediaPlayerNewFeatures" name="test_admin_add_test_image_item" time="0.129" /><testcase classname="backend.tests.test_media_player_new_features.TestMediaPlayerNewFeatures" name="test_admin_add_test_video_item" time="0.176" /><testcase classname="backend.tests.test_media_player_new_features.TestMediaPlayerNewFeatures" name="test_admin_add_portrait_images" time="0.251" /><testcase classname="backend.tests.test_media_player_new_features.TestMediaPlayerNewFeatures" name="test_z_reset_to_smart_mode" time="0.231" /><testcase classname="backend.tests.test_media_player_new_features.TestMediaPlayerVideoAutoplay" name="test_get_media_player_video_autoplay_setting" time="0.111" /></testsuite></testsuites>