<?xml version="1.0" encoding="utf-8"?><testsuites name="pytest tests"><testsuite name="pytest" errors="0" failures="0" skipped="0" tests="27" time="2.595" timestamp="2026-02-12T20:29:05.321211+00:00" hostname="agent-env-25fd003d-7940-4ef9-9e5e-33f6241a91f9"><testcase classname="backend.tests.test_wallet_topups_payment_alerts.TestPendingTopupsAuth" name="test_list_pending_requires_auth" time="0.078" /><testcase classname="backend.tests.test_wallet_topups_payment_alerts.TestPendingTopupsAuth" name="test_create_pending_requires_auth" time="0.049" /><testcase classname="backend.tests.test_wallet_topups_payment_alerts.TestPendingTopupsCRUD" name="test_list_pending_topups" time="0.392" /><testcase classname="backend.tests.test_wallet_topups_payment_alerts.TestPendingTopupsCRUD" name="test_list_pending_with_filter" time="0.264" /><testcase classname="backend.tests.test_wallet_topups_payment_alerts.TestPendingTopupsCRUD" name="test_create_pending_topup_invalid" time="0.139" /><testcase classname="backend.tests.test_wallet_topups_payment_alerts.TestPendingTopupsCRUD" name="test_create_pending_topup_success" time="0.042" /><testcase classname="backend.tests.test_wallet_topups_payment_alerts.TestPendingTopupsCRUD" name="test_get_pending_topup_by_id" time="0.047" /><testcase classname="backend.tests.test_wallet_topups_payment_alerts.TestPendingTopupsCRUD" name="test_get_nonexistent_topup" time="0.039" /><testcase classname="backend.tests.test_wallet_topups_payment_alerts.TestTopupApproveReject" name="test_approve_nonexistent" time="0.043" /><testcase classname="backend.tests.test_wallet_topups_payment_alerts.TestTopupApproveReject" name="test_reject_nonexistent" time="0.049" /><testcase classname="backend.tests.test_wallet_topups_payment_alerts.TestTopupApproveReject" name="test_approve_topup" time="0.165" /><testcase classname="backend.tests.test_wallet_topups_payment_alerts.TestTopupApproveReject" name="test_cannot_approve_already_approved" time="0.127" /><testcase classname="backend.tests.test_wallet_topups_payment_alerts.TestTopupApproveReject" name="test_reject_topup" time="0.133" /><testcase classname="backend.tests.test_wallet_topups_payment_alerts.TestTopupApproveReject" name="test_cannot_reject_already_rejected" time="0.124" /><testcase classname="backend.tests.test_wallet_topups_payment_alerts.TestStats" name="test_stats_requires_auth" time="0.037" /><testcase classname="backend.tests.test_wallet_topups_payment_alerts.TestStats" name="test_get_stats" time="0.052" /><testcase classname="backend.tests.test_wallet_topups_payment_alerts.TestRules" name="test_rules_requires_auth" time="0.040" /><testcase classname="backend.tests.test_wallet_topups_payment_alerts.TestRules" name="test_get_rules" time="0.042" /><testcase classname="backend.tests.test_wallet_topups_payment_alerts.TestRules" name="test_update_rules_invalid" time="0.035" /><testcase classname="backend.tests.test_wallet_topups_payment_alerts.TestRules" name="test_update_rules_sender_whitelist" time="0.126" /><testcase classname="backend.tests.test_wallet_topups_payment_alerts.TestRules" name="test_update_rules_thresholds" time="0.083" /><testcase classname="backend.tests.test_wallet_topups_payment_alerts.TestSettings" name="test_settings_requires_auth" time="0.039" /><testcase classname="backend.tests.test_wallet_topups_payment_alerts.TestSettings" name="test_get_settings" time="0.043" /><testcase classname="backend.tests.test_wallet_topups_payment_alerts.TestSettings" name="test_update_settings_invalid" time="0.041" /><testcase classname="backend.tests.test_wallet_topups_payment_alerts.TestSettings" name="test_update_settings_polling_mode" time="0.123" /><testcase classname="backend.tests.test_wallet_topups_payment_alerts.TestSettings" name="test_update_settings_processing_options" time="0.086" /><testcase classname="backend.tests.test_wallet_topups_payment_alerts.TestDevControlChangesFix" name="test_changes_log_returns_gracefully" time="0.051" /></testsuite></testsuites>