<?xml version="1.0" encoding="utf-8"?><testsuites name="pytest tests"><testsuite name="pytest" errors="0" failures="0" skipped="1" tests="21" time="6.544" timestamp="2026-01-12T04:54:57.049946+00:00" hostname="agent-env-7939b107-b7c6-40a8-a0ff-ae70765fbe43"><testcase classname="tests.test_transferencias_alertas.TestTransferenciasAlertas" name="test_transferir_requires_auth" time="0.329" /><testcase classname="tests.test_transferencias_alertas.TestTransferenciasAlertas" name="test_transferir_requires_connection" time="0.303" /><testcase classname="tests.test_transferencias_alertas.TestTransferenciasAlertas" name="test_transferir_positive_amount_required" time="0.341" /><testcase classname="tests.test_transferencias_alertas.TestTransferenciasAlertas" name="test_transferir_to_connected_user" time="0.338"><skipped type="pytest.skip" message="Insufficient balance for transfer test: $0">/app/tests/test_transferencias_alertas.py:134: Insufficient balance for transfer test: $0</skipped></testcase><testcase classname="tests.test_transferencias_alertas.TestTransferenciasAlertas" name="test_crear_alerta_saldo_insuficiente" time="0.299" /><testcase classname="tests.test_transferencias_alertas.TestTransferenciasAlertas" name="test_crear_alerta_requires_auth" time="0.334" /><testcase classname="tests.test_transferencias_alertas.TestTransferenciasAlertas" name="test_get_mis_alertas" time="0.302" /><testcase classname="tests.test_transferencias_alertas.TestTransferenciasAlertas" name="test_get_mis_alertas_requires_auth" time="0.294" /><testcase classname="tests.test_transferencias_alertas.TestTransferenciasAlertas" name="test_resolver_alerta" time="0.331" /><testcase classname="tests.test_transferencias_alertas.TestTransferenciasAlertas" name="test_resolver_alerta_not_found" time="0.301" /><testcase classname="tests.test_transferencias_alertas.TestTransferenciasAlertas" name="test_resolver_alerta_requires_auth" time="0.308" /><testcase classname="tests.test_transferencias_alertas.TestTransferenciasAlertas" name="test_alertas_bilateral_structure" time="0.297" /><testcase classname="tests.test_transferencias_alertas.TestTransferenciasAlertas" name="test_alerta_includes_acudientes_ids" time="0.302" /><testcase classname="tests.test_transferencias_alertas.TestTransferenciasEndpointValidation" name="test_transferir_endpoint_exists" time="0.298" /><testcase classname="tests.test_transferencias_alertas.TestTransferenciasEndpointValidation" name="test_transferir_validates_monto_type" time="0.297" /><testcase classname="tests.test_transferencias_alertas.TestTransferenciasEndpointValidation" name="test_transferir_requires_para_usuario_id" time="0.295" /><testcase classname="tests.test_transferencias_alertas.TestAlertasEndpointValidation" name="test_alerta_endpoint_exists" time="0.311" /><testcase classname="tests.test_transferencias_alertas.TestAlertasEndpointValidation" name="test_mis_alertas_endpoint_exists" time="0.293" /><testcase classname="tests.test_transferencias_alertas.TestAlertasEndpointValidation" name="test_resolver_alerta_endpoint_exists" time="0.294" /><testcase classname="tests.test_transferencias_alertas.TestAlertasEndpointValidation" name="test_alerta_validates_monto_requerido" time="0.292" /><testcase classname="tests.test_transferencias_alertas.TestAlertasEndpointValidation" name="test_alerta_requires_descripcion" time="0.295" /></testsuite></testsuites>