<?xml version="1.0" encoding="utf-8"?><testsuites name="pytest tests"><testsuite name="pytest" errors="0" failures="0" skipped="2" tests="8" time="166.860" timestamp="2026-02-22T13:57:24.535589+00:00" hostname="agent-env-887dd3c5-5a81-4251-9a17-341cd7478c54"><testcase classname="backend.tests.test_sysbook_custom_threshold.TestSysbookCustomThreshold" name="test_get_alert_settings_returns_global_threshold" time="60.210"><skipped type="pytest.skip" message="Auth failed">/app/backend/tests/test_sysbook_custom_threshold.py:55: Auth failed</skipped></testcase><testcase classname="backend.tests.test_sysbook_custom_threshold.TestSysbookCustomThreshold" name="test_create_product_then_set_custom_threshold" time="60.241"><skipped type="pytest.skip" message="Auth failed">/app/backend/tests/test_sysbook_custom_threshold.py:73: Auth failed</skipped></testcase><testcase classname="backend.tests.test_sysbook_custom_threshold.TestSysbookCustomThreshold" name="test_get_products_includes_low_stock_threshold" time="42.656" /><testcase classname="backend.tests.test_sysbook_custom_threshold.TestSysbookCustomThreshold" name="test_clear_custom_threshold_with_null" time="0.675" /><testcase classname="backend.tests.test_sysbook_custom_threshold.TestSysbookCustomThreshold" name="test_check_stock_uses_custom_threshold" time="0.909" /><testcase classname="backend.tests.test_sysbook_custom_threshold.TestSysbookCustomThreshold" name="test_product_without_custom_threshold_uses_global" time="0.925" /><testcase classname="backend.tests.test_sysbook_custom_threshold.TestThresholdUpdateValidation" name="test_update_nonexistent_product_returns_404" time="0.440" /><testcase classname="backend.tests.test_sysbook_custom_threshold.TestThresholdUpdateValidation" name="test_threshold_zero_is_valid" time="0.737" /></testsuite></testsuites>