<?xml version="1.0" encoding="utf-8"?><testsuites name="pytest tests"><testsuite name="pytest" errors="0" failures="0" skipped="0" tests="12" time="55.914" timestamp="2026-02-21T16:59:49.704791+00:00" hostname="agent-env-2a6b26f9-dbaf-4e95-9fd7-d9c9f4a87513"><testcase classname="backend.tests.test_inventory_bulk_operations.TestInventoryBulkOperations" name="test_get_products_returns_book_id_field" time="53.074" /><testcase classname="backend.tests.test_inventory_bulk_operations.TestInventoryBulkOperations" name="test_bulk_archive_requires_product_ids" time="0.108" /><testcase classname="backend.tests.test_inventory_bulk_operations.TestInventoryBulkOperations" name="test_bulk_unarchive_requires_product_ids" time="0.136" /><testcase classname="backend.tests.test_inventory_bulk_operations.TestInventoryBulkOperations" name="test_bulk_delete_requires_product_ids" time="0.190" /><testcase classname="backend.tests.test_inventory_bulk_operations.TestInventoryBulkOperations" name="test_bulk_archive_nonexistent_ids" time="0.107" /><testcase classname="backend.tests.test_inventory_bulk_operations.TestInventoryBulkOperations" name="test_bulk_unarchive_nonexistent_ids" time="0.121" /><testcase classname="backend.tests.test_inventory_bulk_operations.TestInventoryBulkOperations" name="test_bulk_delete_nonexistent_ids" time="0.148" /><testcase classname="backend.tests.test_inventory_bulk_operations.TestInventoryBulkOperations" name="test_bulk_archive_requires_auth" time="0.116" /><testcase classname="backend.tests.test_inventory_bulk_operations.TestInventoryBulkOperations" name="test_bulk_unarchive_requires_auth" time="0.121" /><testcase classname="backend.tests.test_inventory_bulk_operations.TestInventoryBulkOperations" name="test_bulk_delete_requires_auth" time="0.116" /><testcase classname="backend.tests.test_inventory_bulk_operations.TestInventoryArchiveUnarchiveFlow" name="test_archive_unarchive_flow_with_real_product" time="0.967" /><testcase classname="backend.tests.test_inventory_bulk_operations.TestInventoryCreateAndDeleteFlow" name="test_bulk_delete_removes_product" time="0.643" /></testsuite></testsuites>