<?xml version="1.0" encoding="utf-8"?><testsuites name="pytest tests"><testsuite name="pytest" errors="0" failures="0" skipped="0" tests="6" time="2.014" timestamp="2026-02-28T15:10:00.475032+00:00" hostname="agent-env-506873c0-99f3-4326-abd5-e0c19a5513ec"><testcase classname="backend.tests.test_presale_sync_inventory.TestPresaleSyncToInventory" name="test_sync_inventory_endpoint_returns_sync_results" time="0.612" /><testcase classname="backend.tests.test_presale_sync_inventory.TestPresaleSyncToInventory" name="test_inventory_products_have_reserved_quantity" time="0.110" /><testcase classname="backend.tests.test_presale_sync_inventory.TestPresaleSyncToInventory" name="test_presale_orders_items_are_matched" time="0.201" /><testcase classname="backend.tests.test_presale_sync_inventory.TestPresaleSyncToInventory" name="test_sync_is_idempotent" time="0.651" /><testcase classname="backend.tests.test_presale_sync_inventory.TestPresaleSyncToInventory" name="test_presale_column_shows_correct_values" time="0.244" /><testcase classname="backend.tests.test_presale_sync_inventory.TestPresaleOrdersEndpoint" name="test_get_presale_orders" time="0.143" /></testsuite></testsuites>