<?xml version="1.0" encoding="utf-8"?><testsuites name="pytest tests"><testsuite name="pytest" errors="0" failures="0" skipped="0" tests="18" time="0.775" timestamp="2026-01-10T00:39:38.292009+00:00" hostname="agent-env-2389c44d-d8d6-4afc-8369-04e3e3bcab9e"><testcase classname="tests.test_player_profile.TestPlayerStatisticsEndpoint" name="test_get_carlos_statistics_success" time="0.082" /><testcase classname="tests.test_player_profile.TestPlayerStatisticsEndpoint" name="test_get_carlos_league_rankings" time="0.045" /><testcase classname="tests.test_player_profile.TestPlayerStatisticsEndpoint" name="test_get_carlos_match_history" time="0.038" /><testcase classname="tests.test_player_profile.TestPlayerStatisticsEndpoint" name="test_get_carlos_badges" time="0.045" /><testcase classname="tests.test_player_profile.TestPlayerStatisticsEndpoint" name="test_get_carlos_badge_count" time="0.044" /><testcase classname="tests.test_player_profile.TestPlayerStatisticsEndpoint" name="test_get_carlos_recent_form" time="0.042" /><testcase classname="tests.test_player_profile.TestPlayerStatisticsEndpoint" name="test_get_maria_statistics" time="0.039" /><testcase classname="tests.test_player_profile.TestPlayerStatisticsEndpoint" name="test_get_nonexistent_player_returns_404" time="0.036" /><testcase classname="tests.test_player_profile.TestPlayerStatisticsEndpoint" name="test_statistics_with_liga_filter" time="0.039" /><testcase classname="tests.test_player_profile.TestHeadToHeadEndpoint" name="test_head_to_head_carlos_vs_maria" time="0.037" /><testcase classname="tests.test_player_profile.TestHeadToHeadEndpoint" name="test_head_to_head_reversed_order" time="0.041" /><testcase classname="tests.test_player_profile.TestHeadToHeadEndpoint" name="test_head_to_head_matches_list" time="0.039" /><testcase classname="tests.test_player_profile.TestHeadToHeadEndpoint" name="test_head_to_head_no_matches" time="0.039" /><testcase classname="tests.test_player_profile.TestHeadToHeadEndpoint" name="test_head_to_head_sets_count" time="0.038" /><testcase classname="tests.test_player_profile.TestRankingPlayerNavigation" name="test_ranking_has_jugador_id" time="0.080" /><testcase classname="tests.test_player_profile.TestI18nProfileTranslations" name="test_es_profile_translations_exist" time="0.000" /><testcase classname="tests.test_player_profile.TestI18nProfileTranslations" name="test_en_profile_translations_exist" time="0.000" /><testcase classname="tests.test_player_profile.TestI18nProfileTranslations" name="test_zh_profile_translations_exist" time="0.000" /></testsuite></testsuites>