<?xml version="1.0" encoding="utf-8"?><testsuites name="pytest tests"><testsuite name="pytest" errors="0" failures="0" skipped="5" tests="30" time="12.515" timestamp="2026-02-21T13:23:08.597009+00:00" hostname="agent-env-c4656116-575f-4316-9f39-7073ad8b4cc8"><testcase classname="backend.tests.test_pinpan_arena.TestArenaAuth" name="test_auth_login_success" time="0.356" /><testcase classname="backend.tests.test_pinpan_arena.TestArenaTournamentCRUD" name="test_list_tournaments" time="0.133" /><testcase classname="backend.tests.test_pinpan_arena.TestArenaTournamentCRUD" name="test_create_tournament_requires_auth" time="0.108" /><testcase classname="backend.tests.test_pinpan_arena.TestArenaTournamentCRUD" name="test_create_tournament_single_elimination" time="0.423" /><testcase classname="backend.tests.test_pinpan_arena.TestArenaTournamentCRUD" name="test_create_tournament_round_robin" time="0.108" /><testcase classname="backend.tests.test_pinpan_arena.TestArenaTournamentCRUD" name="test_create_tournament_group_knockout" time="0.154" /><testcase classname="backend.tests.test_pinpan_arena.TestArenaTournamentCRUD" name="test_create_tournament_rapidpin" time="0.102" /><testcase classname="backend.tests.test_pinpan_arena.TestArenaTournamentCRUD" name="test_get_tournament_details" time="0.211" /><testcase classname="backend.tests.test_pinpan_arena.TestArenaTournamentCRUD" name="test_get_nonexistent_tournament" time="0.115" /><testcase classname="backend.tests.test_pinpan_arena.TestArenaTournamentCRUD" name="test_delete_tournament" time="0.333" /><testcase classname="backend.tests.test_pinpan_arena.TestArenaRegistrationFlow" name="test_open_registration" time="0.549" /><testcase classname="backend.tests.test_pinpan_arena.TestArenaRegistrationFlow" name="test_register_player_admin" time="0.311"><skipped type="pytest.skip" message="No players available for registration test">/app/backend/tests/test_pinpan_arena.py:265: No players available for registration test</skipped></testcase><testcase classname="backend.tests.test_pinpan_arena.TestArenaRegistrationFlow" name="test_close_registration" time="0.318" /><testcase classname="backend.tests.test_pinpan_arena.TestArenaBracketGeneration" name="test_apply_seeding" time="0.817" /><testcase classname="backend.tests.test_pinpan_arena.TestArenaBracketGeneration" name="test_generate_brackets" time="0.446"><skipped type="pytest.skip" message="Not enough players for bracket generation">/app/backend/tests/test_pinpan_arena.py:353: Not enough players for bracket generation</skipped></testcase><testcase classname="backend.tests.test_pinpan_arena.TestArenaBracketGeneration" name="test_get_tournament_matches" time="0.617" /><testcase classname="backend.tests.test_pinpan_arena.TestArenaMatchResults" name="test_submit_match_result" time="0.649"><skipped type="pytest.skip" message="Not enough players registered">/app/backend/tests/test_pinpan_arena.py:427: Not enough players registered</skipped></testcase><testcase classname="backend.tests.test_pinpan_arena.TestArenaTournamentCompletion" name="test_complete_tournament" time="0.638" /><testcase classname="backend.tests.test_pinpan_arena.TestArenaAccessControl" name="test_create_without_auth_fails" time="0.121" /><testcase classname="backend.tests.test_pinpan_arena.TestArenaAccessControl" name="test_delete_without_auth_fails" time="0.658" /><testcase classname="backend.tests.test_pinpan_arena.TestCleanup" name="test_cleanup_test_tournaments" time="1.893" /><testcase classname="backend.tests.test_pinpan_arena_new_features.TestArenaFullLifecycle" name="test_full_lifecycle_single_elimination" time="0.445"><skipped type="pytest.skip" message="Need at least 4 players for full lifecycle test">/app/backend/tests/test_pinpan_arena_new_features.py:56: Need at least 4 players for full lifecycle test</skipped></testcase><testcase classname="backend.tests.test_pinpan_arena_new_features.TestArenaWebSocketEndpoint" name="test_websocket_stats_endpoint" time="0.100" /><testcase classname="backend.tests.test_pinpan_arena_new_features.TestArenaWebSocketEndpoint" name="test_websocket_broadcast_endpoint" time="0.425" /><testcase classname="backend.tests.test_pinpan_arena_new_features.TestArenaPublicAccess" name="test_get_tournament_no_auth" time="0.552" /><testcase classname="backend.tests.test_pinpan_arena_new_features.TestArenaPublicAccess" name="test_get_tournament_matches_no_auth" time="0.103" /><testcase classname="backend.tests.test_pinpan_arena_new_features.TestArenaPublicAccess" name="test_list_tournaments_no_auth" time="0.102" /><testcase classname="backend.tests.test_pinpan_arena_new_features.TestArenaPublicAccess" name="test_get_active_tournaments_no_auth" time="0.224" /><testcase classname="backend.tests.test_pinpan_arena_new_features.TestArenaBroadcastOnResult" name="test_submit_result_triggers_broadcast" time="0.970"><skipped type="pytest.skip" message="Not enough players for broadcast test">/app/backend/tests/test_pinpan_arena_new_features.py:304: Not enough players for broadcast test</skipped></testcase><testcase classname="backend.tests.test_pinpan_arena_new_features.TestCleanupNewFeatures" name="test_cleanup_test_tournaments" time="0.456" /></testsuite></testsuites>