<?xml version="1.0" encoding="utf-8"?><testsuites name="pytest tests"><testsuite name="pytest" errors="0" failures="0" skipped="0" tests="21" time="6.592" timestamp="2026-02-13T16:52:48.864921+00:00" hostname="agent-env-e5965784-ec68-40c6-842d-7f79b725de31"><testcase classname="backend.tests.test_showcase_banners_media.TestPublicBannerEndpoints" name="test_get_banners_returns_200" time="3.188" /><testcase classname="backend.tests.test_showcase_banners_media.TestPublicBannerEndpoints" name="test_get_banners_returns_list" time="0.117" /><testcase classname="backend.tests.test_showcase_banners_media.TestPublicBannerEndpoints" name="test_get_banners_has_demo_data" time="0.147" /><testcase classname="backend.tests.test_showcase_banners_media.TestPublicBannerEndpoints" name="test_banners_have_required_fields" time="0.109" /><testcase classname="backend.tests.test_showcase_banners_media.TestPublicMediaPlayerEndpoints" name="test_get_media_player_returns_200" time="0.275" /><testcase classname="backend.tests.test_showcase_banners_media.TestPublicMediaPlayerEndpoints" name="test_media_player_returns_config" time="0.091" /><testcase classname="backend.tests.test_showcase_banners_media.TestPublicMediaPlayerEndpoints" name="test_media_player_has_items" time="0.118" /><testcase classname="backend.tests.test_showcase_banners_media.TestPublicMediaPlayerEndpoints" name="test_media_items_have_required_fields" time="0.104" /><testcase classname="backend.tests.test_showcase_banners_media.TestPublicMediaPlayerEndpoints" name="test_media_player_config_fields" time="0.087" /><testcase classname="backend.tests.test_showcase_banners_media.TestAdminBannerEndpoints" name="test_create_banner" time="0.151" /><testcase classname="backend.tests.test_showcase_banners_media.TestAdminBannerEndpoints" name="test_create_image_banner" time="0.095" /><testcase classname="backend.tests.test_showcase_banners_media.TestAdminBannerEndpoints" name="test_update_banner" time="0.200" /><testcase classname="backend.tests.test_showcase_banners_media.TestAdminBannerEndpoints" name="test_delete_banner" time="0.254" /><testcase classname="backend.tests.test_showcase_banners_media.TestAdminBannerEndpoints" name="test_delete_nonexistent_banner_returns_404" time="0.091" /><testcase classname="backend.tests.test_showcase_banners_media.TestAdminMediaPlayerEndpoints" name="test_add_media_item" time="0.077" /><testcase classname="backend.tests.test_showcase_banners_media.TestAdminMediaPlayerEndpoints" name="test_add_video_item" time="0.083" /><testcase classname="backend.tests.test_showcase_banners_media.TestAdminMediaPlayerEndpoints" name="test_delete_media_item" time="0.189" /><testcase classname="backend.tests.test_showcase_banners_media.TestAdminMediaPlayerEndpoints" name="test_update_player_settings" time="0.346" /><testcase classname="backend.tests.test_showcase_banners_media.TestAdminMediaPlayerEndpoints" name="test_fetch_album_graceful_response" time="0.168" /><testcase classname="backend.tests.test_showcase_banners_media.TestAdminMediaPlayerEndpoints" name="test_fetch_album_requires_url" time="0.169" /><testcase classname="backend.tests.test_showcase_banners_media.TestCleanupTestData" name="test_cleanup_test_banners" time="0.396" /></testsuite></testsuites>