<?xml version="1.0" encoding="utf-8"?><testsuites name="pytest tests"><testsuite name="pytest" errors="0" failures="0" skipped="0" tests="19" time="1.193" timestamp="2026-01-11T19:22:06.629316+00:00" hostname="agent-env-480db9e7-5c19-446a-896d-40961d5d38eb"><testcase classname="tests.test_rapidpin_date_likes_comments.TestDateNegotiationChallengeCreation" name="test_create_challenge_with_date_success" time="0.080" /><testcase classname="tests.test_rapidpin_date_likes_comments.TestDateNegotiationChallengeCreation" name="test_create_challenge_with_date_self_fails" time="0.042" /><testcase classname="tests.test_rapidpin_date_likes_comments.TestDateNegotiationResponses" name="test_respond_date_accept" time="0.044" /><testcase classname="tests.test_rapidpin_date_likes_comments.TestDateNegotiationResponses" name="test_respond_date_counter" time="0.041" /><testcase classname="tests.test_rapidpin_date_likes_comments.TestDateNegotiationResponses" name="test_respond_date_queue" time="0.085" /><testcase classname="tests.test_rapidpin_date_likes_comments.TestDateNegotiationResponses" name="test_respond_date_wrong_user_fails" time="0.042" /><testcase classname="tests.test_rapidpin_date_likes_comments.TestResumeFromQueue" name="test_resume_from_queue" time="0.074" /><testcase classname="tests.test_rapidpin_date_likes_comments.TestLikesSystem" name="test_toggle_like_add" time="0.046" /><testcase classname="tests.test_rapidpin_date_likes_comments.TestLikesSystem" name="test_toggle_like_remove" time="0.077" /><testcase classname="tests.test_rapidpin_date_likes_comments.TestLikesSystem" name="test_check_user_liked" time="0.046" /><testcase classname="tests.test_rapidpin_date_likes_comments.TestLikesSystem" name="test_like_invalid_challenge_fails" time="0.036" /><testcase classname="tests.test_rapidpin_date_likes_comments.TestCommentsSystem" name="test_add_comment_success" time="0.047" /><testcase classname="tests.test_rapidpin_date_likes_comments.TestCommentsSystem" name="test_get_comments" time="0.039" /><testcase classname="tests.test_rapidpin_date_likes_comments.TestCommentsSystem" name="test_add_comment_too_long_fails" time="0.038" /><testcase classname="tests.test_rapidpin_date_likes_comments.TestCommentsSystem" name="test_add_comment_invalid_challenge_fails" time="0.038" /><testcase classname="tests.test_rapidpin_date_likes_comments.TestCommentConfiguration" name="test_get_comment_config" time="0.038" /><testcase classname="tests.test_rapidpin_date_likes_comments.TestPublicFeedWithDateAndInteractions" name="test_public_feed_includes_date_fields" time="0.048" /><testcase classname="tests.test_rapidpin_date_likes_comments.TestPublicFeedWithDateAndInteractions" name="test_waiting_matches_have_date_info" time="0.039" /><testcase classname="tests.test_rapidpin_date_likes_comments.TestMyChallengesWithDateStatus" name="test_my_challenges_includes_date_negotiation" time="0.080" /></testsuite></testsuites>