<?xml version="1.0" encoding="utf-8"?><testsuites name="pytest tests"><testsuite name="pytest" errors="0" failures="0" skipped="0" tests="7" time="0.909" timestamp="2026-02-14T04:19:04.878323+00:00" hostname="agent-env-7756acb6-ad66-4a26-ba81-a23e956630b9"><testcase classname="backend.tests.test_telegram_feed_card.TestTelegramFeedPublicEndpoint" name="test_public_recent_posts_no_auth" time="0.137" /><testcase classname="backend.tests.test_telegram_feed_card.TestTelegramFeedPublicEndpoint" name="test_public_recent_posts_with_limit" time="0.122" /><testcase classname="backend.tests.test_telegram_feed_card.TestTelegramFeedPublicEndpoint" name="test_public_recent_posts_max_limit" time="0.113" /><testcase classname="backend.tests.test_telegram_feed_card.TestTelegramFeedPublicEndpoint" name="test_public_recent_posts_structure" time="0.114" /><testcase classname="backend.tests.test_telegram_feed_card.TestShowcaseBanners" name="test_get_banners" time="0.132" /><testcase classname="backend.tests.test_telegram_feed_card.TestShowcaseMediaPlayer" name="test_get_media_player_config" time="0.119" /><testcase classname="backend.tests.test_telegram_feed_card.TestHealthCheck" name="test_health" time="0.121" /></testsuite></testsuites>