<?xml version="1.0" encoding="utf-8"?><testsuites name="pytest tests"><testsuite name="pytest" errors="0" failures="0" skipped="0" tests="10" time="1.042" timestamp="2026-02-07T17:29:42.940185+00:00" hostname="agent-env-31d20bbf-62c0-43f5-bbdf-08e613accb05"><testcase classname="backend.tests.test_student_name_fields.TestCreateStudentWithSplitNames" name="test_create_student_with_first_last_name" time="0.347" /><testcase classname="backend.tests.test_student_name_fields.TestCreateStudentWithSplitNames" name="test_create_student_missing_first_name_fails" time="0.044" /><testcase classname="backend.tests.test_student_name_fields.TestCreateStudentWithSplitNames" name="test_create_student_missing_last_name_fails" time="0.040" /><testcase classname="backend.tests.test_student_name_fields.TestMyStudentsReturnsAllNameFields" name="test_my_students_returns_name_fields" time="0.041" /><testcase classname="backend.tests.test_student_name_fields.TestUpdateStudentNameFields" name="test_update_student_first_name" time="0.125" /><testcase classname="backend.tests.test_student_name_fields.TestUpdateStudentNameFields" name="test_update_student_last_name" time="0.081" /><testcase classname="backend.tests.test_student_name_fields.TestUpdateStudentNameFields" name="test_update_student_both_names" time="0.080" /><testcase classname="backend.tests.test_student_name_fields.TestAdminAllStudentsReturnsNameFields" name="test_admin_all_students_name_fields" time="0.045" /><testcase classname="backend.tests.test_student_name_fields.TestBackwardCompatibility" name="test_normalize_name_fields_computed" time="0.042" /><testcase classname="backend.tests.test_student_name_fields.TestLegacyFullNameUpdate" name="test_update_with_full_name_only" time="0.078" /></testsuite></testsuites>