<?xml version="1.0" encoding="utf-8"?><testsuites name="pytest tests"><testsuite name="pytest" errors="0" failures="0" skipped="0" tests="11" time="4.278" timestamp="2026-02-14T17:29:14.201021+00:00" hostname="agent-env-f2dd2c2f-8bc5-418d-8944-9d3a72658a14"><testcase classname="tests.test_item_counter_fix.TestTextbookOrderSubmitWarnings" name="test_submit_endpoint_structure" time="0.549" /><testcase classname="tests.test_item_counter_fix.TestTextbookOrderSubmitWarnings" name="test_admin_all_orders_endpoint" time="0.450" /><testcase classname="tests.test_item_counter_fix.TestTextbookOrderSubmitWarnings" name="test_admin_stats_endpoint" time="0.468" /><testcase classname="tests.test_item_counter_fix.TestTextbookAccessEndpoints" name="test_private_catalog_access" time="0.501" /><testcase classname="tests.test_item_counter_fix.TestTextbookAccessEndpoints" name="test_my_students_endpoint" time="0.477" /><testcase classname="tests.test_item_counter_fix.TestAdminDashboardEndpoints" name="test_admin_login_success" time="0.351" /><testcase classname="tests.test_item_counter_fix.TestAdminDashboardEndpoints" name="test_site_config_endpoint" time="0.502" /><testcase classname="tests.test_item_counter_fix.TestAdminDashboardEndpoints" name="test_module_status_endpoint" time="0.438" /><testcase classname="tests.test_item_counter_fix.TestUnatiendaStoreEndpoints" name="test_store_products_public" time="0.149" /><testcase classname="tests.test_item_counter_fix.TestUnatiendaStoreEndpoints" name="test_store_categories_public" time="0.237" /><testcase classname="tests.test_item_counter_fix.TestUnatiendaStoreEndpoints" name="test_store_config_public" time="0.102" /></testsuite></testsuites>