<?xml version="1.0" encoding="utf-8"?><testsuites name="pytest tests"><testsuite name="pytest" errors="0" failures="0" skipped="0" tests="7" time="48.417" timestamp="2026-02-16T22:41:45.996233+00:00" hostname="agent-env-84e9bebb-001c-45f9-b4ee-078ba9f71f78"><testcase classname="backend.tests.test_crm_chat.TestCrmChatAdminConfig" name="test_get_crm_config" time="43.596" /><testcase classname="backend.tests.test_crm_chat.TestCrmChatAdminConfig" name="test_put_crm_config" time="0.771" /><testcase classname="backend.tests.test_crm_chat.TestCrmChatAdminConfig" name="test_get_board_columns" time="1.480" /><testcase classname="backend.tests.test_crm_chat.TestCrmChatAdminConfig" name="test_get_admin_inbox" time="0.545" /><testcase classname="backend.tests.test_crm_chat.TestCrmChatAdminConfig" name="test_config_requires_auth" time="0.902" /><testcase classname="backend.tests.test_crm_chat.TestCrmChatClientEndpoints" name="test_get_topics_for_invalid_student" time="0.511" /><testcase classname="backend.tests.test_crm_chat.TestCrmChatClientEndpoints" name="test_create_topic_requires_auth" time="0.509" /></testsuite></testsuites>