<?xml version="1.0" encoding="utf-8"?><testsuites name="pytest tests"><testsuite name="pytest" errors="0" failures="0" skipped="0" tests="16" time="14.937" timestamp="2026-02-25T00:00:44.253618+00:00" hostname="agent-env-7e8611ff-f183-46e6-b40d-fa0e26372e51"><testcase classname="tests.test_deposit_methods.TestDepositMethodsUserEndpoint" name="test_get_deposit_methods_returns_4_methods" time="0.595" /><testcase classname="tests.test_deposit_methods.TestDepositMethodsUserEndpoint" name="test_yappy_method_has_correct_config" time="0.138" /><testcase classname="tests.test_deposit_methods.TestDepositMethodsUserEndpoint" name="test_card_method_has_under_construction_status" time="0.164" /><testcase classname="tests.test_deposit_methods.TestDepositMethodsUserEndpoint" name="test_cash_method_has_rich_text_instructions" time="0.124" /><testcase classname="tests.test_deposit_methods.TestDepositMethodsUserEndpoint" name="test_transfer_method_has_bank_details_and_alert_email" time="0.111" /><testcase classname="tests.test_deposit_methods.TestDepositMethodsUserEndpoint" name="test_requires_authentication" time="0.153" /><testcase classname="tests.test_deposit_methods.TestDepositMethodsAdminEndpoint" name="test_admin_get_returns_full_config" time="0.200" /><testcase classname="tests.test_deposit_methods.TestDepositMethodsAdminUpdate" name="test_admin_can_toggle_method_enabled" time="0.422" /><testcase classname="tests.test_deposit_methods.TestDepositMethodsAdminUpdate" name="test_admin_can_update_label" time="0.284" /><testcase classname="tests.test_deposit_methods.TestDepositMethodsAdminUpdate" name="test_admin_update_requires_methods_field" time="0.125" /><testcase classname="tests.test_deposit_methods.TestDepositEndpoint" name="test_deposit_creates_pending_topup" time="0.169" /><testcase classname="tests.test_deposit_methods.TestDepositEndpoint" name="test_deposit_with_yappy_payment_method" time="0.125" /><testcase classname="tests.test_deposit_methods.TestDepositEndpoint" name="test_deposit_with_bank_transfer_payment_method" time="11.409" /><testcase classname="tests.test_deposit_methods.TestDepositEndpoint" name="test_deposit_rejects_negative_amount" time="0.351" /><testcase classname="tests.test_deposit_methods.TestDepositEndpoint" name="test_deposit_rejects_zero_amount" time="0.249" /><testcase classname="tests.test_deposit_methods.TestDepositEndpoint" name="test_deposit_requires_authentication" time="0.182" /></testsuite></testsuites>