<?xml version="1.0" encoding="utf-8"?><testsuites name="pytest tests"><testsuite name="pytest" errors="0" failures="5" skipped="1" tests="26" time="5.137" timestamp="2026-02-25T17:38:10.781725+00:00" hostname="agent-env-4f77e924-19d0-4f8c-b56b-c6e8bf66fe70"><testcase classname="backend.tests.test_generic_archive_system.TestStudentArchive" name="test_archive_students_endpoint_exists" time="0.547"><failure message="AssertionError: Archive endpoint failed: Internal Server Error&#10;assert 500 == 200&#10; +  where 500 = &lt;Response [500]&gt;.status_code">backend/tests/test_generic_archive_system.py:98: in test_archive_students_endpoint_exists
    assert response.status_code == 200, f"Archive endpoint failed: {response.text}"
E   AssertionError: Archive endpoint failed: Internal Server Error
E   assert 500 == 200
E    +  where 500 = &lt;Response [500]&gt;.status_code</failure></testcase><testcase classname="backend.tests.test_generic_archive_system.TestStudentArchive" name="test_get_archived_students" time="0.162" /><testcase classname="backend.tests.test_generic_archive_system.TestStudentArchive" name="test_get_student_counts" time="0.141" /><testcase classname="backend.tests.test_generic_archive_system.TestStudentArchive" name="test_restore_students_endpoint" time="0.123" /><testcase classname="backend.tests.test_generic_archive_system.TestStudentArchive" name="test_permanent_delete_students_endpoint" time="0.147" /><testcase classname="backend.tests.test_generic_archive_system.TestOrderArchive" name="test_archive_orders_endpoint_exists" time="0.132"><failure message="AssertionError: Archive endpoint failed: Internal Server Error&#10;assert 500 == 200&#10; +  where 500 = &lt;Response [500]&gt;.status_code">backend/tests/test_generic_archive_system.py:152: in test_archive_orders_endpoint_exists
    assert response.status_code == 200, f"Archive endpoint failed: {response.text}"
E   AssertionError: Archive endpoint failed: Internal Server Error
E   assert 500 == 200
E    +  where 500 = &lt;Response [500]&gt;.status_code</failure></testcase><testcase classname="backend.tests.test_generic_archive_system.TestOrderArchive" name="test_get_archived_orders" time="0.176" /><testcase classname="backend.tests.test_generic_archive_system.TestOrderArchive" name="test_get_order_counts" time="0.118" /><testcase classname="backend.tests.test_generic_archive_system.TestOrderArchive" name="test_restore_orders_endpoint" time="0.186" /><testcase classname="backend.tests.test_generic_archive_system.TestOrderArchive" name="test_permanent_delete_orders_endpoint" time="0.111" /><testcase classname="backend.tests.test_generic_archive_system.TestAlertsArchive" name="test_archive_alerts_endpoint_exists" time="0.123"><failure message="AssertionError: Archive endpoint failed: Internal Server Error&#10;assert 500 == 200&#10; +  where 500 = &lt;Response [500]&gt;.status_code">backend/tests/test_generic_archive_system.py:203: in test_archive_alerts_endpoint_exists
    assert response.status_code == 200, f"Archive endpoint failed: {response.text}"
E   AssertionError: Archive endpoint failed: Internal Server Error
E   assert 500 == 200
E    +  where 500 = &lt;Response [500]&gt;.status_code</failure></testcase><testcase classname="backend.tests.test_generic_archive_system.TestAlertsArchive" name="test_get_archived_alerts" time="0.177" /><testcase classname="backend.tests.test_generic_archive_system.TestAlertsArchive" name="test_get_alert_counts" time="0.139" /><testcase classname="backend.tests.test_generic_archive_system.TestMovementsArchive" name="test_archive_movements_endpoint_exists" time="0.112"><failure message="AssertionError: Archive endpoint failed: Internal Server Error&#10;assert 500 == 200&#10; +  where 500 = &lt;Response [500]&gt;.status_code">backend/tests/test_generic_archive_system.py:238: in test_archive_movements_endpoint_exists
    assert response.status_code == 200, f"Archive endpoint failed: {response.text}"
E   AssertionError: Archive endpoint failed: Internal Server Error
E   assert 500 == 200
E    +  where 500 = &lt;Response [500]&gt;.status_code</failure></testcase><testcase classname="backend.tests.test_generic_archive_system.TestMovementsArchive" name="test_get_archived_movements" time="0.171" /><testcase classname="backend.tests.test_generic_archive_system.TestMovementsArchive" name="test_get_movement_counts" time="0.144" /><testcase classname="backend.tests.test_generic_archive_system.TestProductsArchive" name="test_archive_products_endpoint_exists" time="0.280"><failure message="AssertionError: Archive endpoint failed: Internal Server Error&#10;assert 500 == 200&#10; +  where 500 = &lt;Response [500]&gt;.status_code">backend/tests/test_generic_archive_system.py:273: in test_archive_products_endpoint_exists
    assert response.status_code == 200, f"Archive endpoint failed: {response.text}"
E   AssertionError: Archive endpoint failed: Internal Server Error
E   assert 500 == 200
E    +  where 500 = &lt;Response [500]&gt;.status_code</failure></testcase><testcase classname="backend.tests.test_generic_archive_system.TestProductsArchive" name="test_get_archived_products" time="0.128" /><testcase classname="backend.tests.test_generic_archive_system.TestProductsArchive" name="test_get_product_counts" time="0.330" /><testcase classname="backend.tests.test_generic_archive_system.TestUnknownEntityType" name="test_unknown_entity_type_returns_400" time="0.183" /><testcase classname="backend.tests.test_generic_archive_system.TestFullArchiveWorkflow" name="test_student_archive_workflow" time="0.228"><skipped type="pytest.skip" message="Cannot create test student: {&quot;detail&quot;:&quot;Not Found&quot;}">/app/backend/tests/test_generic_archive_system.py:345: Cannot create test student: {"detail":"Not Found"}</skipped></testcase><testcase classname="backend.tests.test_generic_archive_system.TestFullArchiveWorkflow" name="test_permanent_delete_requires_archived_status" time="0.145" /><testcase classname="backend.tests.test_generic_archive_system.TestListingExclusion" name="test_students_listing_excludes_archived" time="0.253" /><testcase classname="backend.tests.test_generic_archive_system.TestListingExclusion" name="test_orders_listing_excludes_archived" time="0.358" /><testcase classname="backend.tests.test_generic_archive_system.TestListingExclusion" name="test_alerts_listing_excludes_archived" time="0.181" /><testcase classname="backend.tests.test_generic_archive_system.TestListingExclusion" name="test_stock_movements_listing_excludes_archived" time="0.134" /></testsuite></testsuites>