<?xml version="1.0" encoding="utf-8"?><testsuites name="pytest tests"><testsuite name="pytest" errors="0" failures="0" skipped="0" tests="15" time="0.848" timestamp="2026-02-20T03:23:04.870310+00:00" hostname="agent-env-8083145f-0219-4a1d-9009-6ef7bf4713f8"><testcase classname="backend.tests.test_textbook_draft_filter.TestTextbookDraftFiltering" name="test_api_health" time="0.172" /><testcase classname="backend.tests.test_textbook_draft_filter.TestTextbookDraftFiltering" name="test_admin_orders_requires_auth" time="0.155" /><testcase classname="backend.tests.test_textbook_draft_filter.TestTextbookDraftFiltering" name="test_admin_orders_no_drafts" time="0.464" /><testcase classname="backend.tests.test_textbook_draft_filter.TestUseGuardedActionHook" name="test_hook_file_exists" time="0.000" /><testcase classname="backend.tests.test_textbook_draft_filter.TestUseGuardedActionHook" name="test_hook_has_guard_ref" time="0.000" /><testcase classname="backend.tests.test_textbook_draft_filter.TestUseGuardedActionHook" name="test_hook_returns_execute_and_isrunning" time="0.000" /><testcase classname="backend.tests.test_textbook_draft_filter.TestSchoolTextbooksViewIntegration" name="test_imports_use_guarded_action" time="0.000" /><testcase classname="backend.tests.test_textbook_draft_filter.TestSchoolTextbooksViewIntegration" name="test_uses_execute_submit" time="0.000" /><testcase classname="backend.tests.test_textbook_draft_filter.TestSchoolTextbooksViewIntegration" name="test_handle_confirm_order_uses_execute_submit" time="0.000" /><testcase classname="backend.tests.test_textbook_draft_filter.TestSchoolTextbooksViewIntegration" name="test_no_manual_set_submitting" time="0.000" /><testcase classname="backend.tests.test_textbook_draft_filter.TestTextbookOrderViewIntegration" name="test_imports_use_guarded_action" time="0.000" /><testcase classname="backend.tests.test_textbook_draft_filter.TestTextbookOrderViewIntegration" name="test_uses_execute_submit" time="0.000" /><testcase classname="backend.tests.test_textbook_draft_filter.TestTextbookOrderViewIntegration" name="test_handle_confirm_submit_order_uses_execute_submit" time="0.000" /><testcase classname="backend.tests.test_textbook_draft_filter.TestTextbookOrderViewIntegration" name="test_no_manual_set_submitting_in_confirm" time="0.000" /><testcase classname="backend.tests.test_textbook_draft_filter.TestBackendRepositoryDraftFilter" name="test_repository_get_all_excludes_drafts" time="0.000" /></testsuite></testsuites>