<?xml version="1.0" encoding="utf-8"?><testsuites name="pytest tests"><testsuite name="pytest" errors="0" failures="0" skipped="0" tests="15" time="1.457" timestamp="2026-02-07T13:06:31.088344+00:00" hostname="agent-env-8729a01d-30d2-43da-b834-a8cb3481d524"><testcase classname="backend.tests.test_monday_adapters_service_layer.TestPinPanClubAdapterConfig" name="test_get_pinpanclub_config" time="0.415" /><testcase classname="backend.tests.test_monday_adapters_service_layer.TestPinPanClubAdapterConfig" name="test_update_pinpanclub_config" time="0.085" /><testcase classname="backend.tests.test_monday_adapters_service_layer.TestPinPanClubAdapterConfig" name="test_pinpanclub_config_requires_auth" time="0.042" /><testcase classname="backend.tests.test_monday_adapters_service_layer.TestMembershipsAdapterConfig" name="test_get_memberships_config" time="0.044" /><testcase classname="backend.tests.test_monday_adapters_service_layer.TestMembershipsAdapterConfig" name="test_update_memberships_config" time="0.084" /><testcase classname="backend.tests.test_monday_adapters_service_layer.TestMembershipsAdapterConfig" name="test_memberships_config_requires_auth" time="0.039" /><testcase classname="backend.tests.test_monday_adapters_service_layer.TestModuleStatusServiceLayer" name="test_get_admin_module_status" time="0.039" /><testcase classname="backend.tests.test_monday_adapters_service_layer.TestModuleStatusServiceLayer" name="test_update_admin_module_status" time="0.038" /><testcase classname="backend.tests.test_monday_adapters_service_layer.TestModuleStatusServiceLayer" name="test_get_public_module_status" time="0.039" /><testcase classname="backend.tests.test_monday_adapters_service_layer.TestUIStyleServiceLayer" name="test_get_admin_ui_style" time="0.040" /><testcase classname="backend.tests.test_monday_adapters_service_layer.TestUIStyleServiceLayer" name="test_update_admin_ui_style" time="0.087" /><testcase classname="backend.tests.test_monday_adapters_service_layer.TestUIStyleServiceLayer" name="test_get_public_ui_style" time="0.038" /><testcase classname="backend.tests.test_monday_adapters_service_layer.TestInventoryDashboard" name="test_get_inventory_dashboard" time="0.044" /><testcase classname="backend.tests.test_monday_adapters_service_layer.TestInventoryDashboard" name="test_inventory_dashboard_requires_auth" time="0.037" /><testcase classname="backend.tests.test_monday_adapters_service_layer.TestAdminLogin" name="test_admin_login" time="0.263" /></testsuite></testsuites>