<?xml version="1.0" encoding="utf-8"?><testsuites name="pytest tests"><testsuite name="pytest" errors="0" failures="0" skipped="0" tests="12" time="1.174" timestamp="2026-02-08T14:42:41.105116+00:00" hostname="agent-env-14599e90-b43e-4027-8cbb-186599fd7499"><testcase classname="tests.test_ui_style_forms_manager.TestAdminAuth" name="test_admin_login_valid" time="0.286" /><testcase classname="tests.test_ui_style_forms_manager.TestAdminAuth" name="test_admin_login_invalid" time="0.037" /><testcase classname="tests.test_ui_style_forms_manager.TestPublicUIStyle" name="test_public_ui_style_returns_both_scopes" time="0.041" /><testcase classname="tests.test_ui_style_forms_manager.TestAdminUIStyle" name="test_admin_ui_style_endpoint_requires_auth" time="0.041" /><testcase classname="tests.test_ui_style_forms_manager.TestAdminUIStyle" name="test_admin_ui_style_returns_full_config" time="0.297" /><testcase classname="tests.test_ui_style_forms_manager.TestAdminUIStyle" name="test_admin_ui_style_update" time="0.159" /><testcase classname="tests.test_ui_style_forms_manager.TestFormsManager" name="test_form_types_list_requires_auth" time="0.043" /><testcase classname="tests.test_ui_style_forms_manager.TestFormsManager" name="test_form_types_list_returns_3_types" time="0.035" /><testcase classname="tests.test_ui_style_forms_manager.TestFormsManager" name="test_order_form_has_4_seeded_fields" time="0.043" /><testcase classname="tests.test_ui_style_forms_manager.TestFormsManager" name="test_order_form_fields_have_multilingual_labels" time="0.039" /><testcase classname="tests.test_ui_style_forms_manager.TestUIStylePublicAdminSeparation" name="test_public_style_applies_to_frontend" time="0.040" /><testcase classname="tests.test_ui_style_forms_manager.TestUIStylePublicAdminSeparation" name="test_admin_style_has_density_compact_default" time="0.037" /></testsuite></testsuites>