<?xml version="1.0" encoding="utf-8"?><testsuites name="pytest tests"><testsuite name="pytest" errors="0" failures="0" skipped="0" tests="9" time="22.040" timestamp="2026-02-12T11:07:03.212537+00:00" hostname="agent-env-d10ea1ba-b66c-4ce1-9cf8-8f9e5dfd25ff"><testcase classname="backend.tests.test_sync_dashboard.TestSyncDashboard" name="test_01_sync_dashboard_returns_data" time="0.304" /><testcase classname="backend.tests.test_sync_dashboard.TestSyncDashboard" name="test_02_sync_dashboard_user_items_structure" time="0.271" /><testcase classname="backend.tests.test_sync_dashboard.TestSyncDashboard" name="test_03_sync_dashboard_logs_structure" time="0.276" /><testcase classname="backend.tests.test_sync_dashboard.TestSyncDashboard" name="test_04_sync_dashboard_requires_auth" time="0.300" /><testcase classname="backend.tests.test_sync_dashboard.TestSyncDashboard" name="test_05_resync_user_endpoint" time="1.411" /><testcase classname="backend.tests.test_sync_dashboard.TestSyncDashboard" name="test_06_resync_nonexistent_user" time="0.275" /><testcase classname="backend.tests.test_sync_dashboard.TestSyncDashboard" name="test_07_resync_user_requires_auth" time="0.302" /><testcase classname="backend.tests.test_sync_dashboard.TestSyncDashboard" name="test_08_sync_all_users_endpoint" time="18.449" /><testcase classname="backend.tests.test_sync_dashboard.TestSyncDashboard" name="test_09_sync_all_users_requires_auth" time="0.389" /></testsuite></testsuites>