<?xml version="1.0" encoding="utf-8"?><testsuites name="pytest tests"><testsuite name="pytest" errors="0" failures="0" skipped="0" tests="11" time="3.334" timestamp="2026-02-12T11:33:45.886139+00:00" hostname="agent-env-d10ea1ba-b66c-4ce1-9cf8-8f9e5dfd25ff"><testcase classname="backend.tests.test_bank_alert_parser.TestBankAlertParser" name="test_parse_bank_alert_with_existing_user_email" time="0.368" /><testcase classname="backend.tests.test_bank_alert_parser.TestBankAlertParser" name="test_parse_bank_alert_no_email_in_text" time="0.303" /><testcase classname="backend.tests.test_bank_alert_parser.TestBankAlertParser" name="test_parse_bank_alert_nonexistent_user_email" time="0.309" /><testcase classname="backend.tests.test_bank_alert_parser.TestBankAlertParser" name="test_parse_bank_alert_requires_auth" time="0.268" /><testcase classname="backend.tests.test_bank_alert_parser.TestBankAlertParser" name="test_process_bank_alert_success" time="0.321" /><testcase classname="backend.tests.test_bank_alert_parser.TestBankAlertParser" name="test_process_bank_alert_nonexistent_email_404" time="0.280" /><testcase classname="backend.tests.test_bank_alert_parser.TestBankAlertParser" name="test_process_bank_alert_requires_auth" time="0.271" /><testcase classname="backend.tests.test_bank_alert_parser.TestBankAlertParser" name="test_get_bank_alert_logs" time="0.276" /><testcase classname="backend.tests.test_bank_alert_parser.TestBankAlertParser" name="test_get_bank_alert_logs_requires_auth" time="0.272" /><testcase classname="backend.tests.test_bank_alert_parser.TestBankAlertParserEdgeCases" name="test_parse_different_amount_formats" time="0.320" /><testcase classname="backend.tests.test_bank_alert_parser.TestBankAlertParserEdgeCases" name="test_parse_empty_alert_text" time="0.269" /></testsuite></testsuites>