<?xml version="1.0" encoding="utf-8"?><testsuites name="pytest tests"><testsuite name="pytest" errors="0" failures="1" skipped="0" tests="16" time="4.411" timestamp="2026-01-12T05:58:38.837134+00:00" hostname="agent-env-7939b107-b7c6-40a8-a0ff-ae70765fbe43"><testcase classname="tests.test_admin_permisos_capacidades.TestAdminPermisosCapacidades" name="test_01_get_permisos_relacion" time="0.335" /><testcase classname="tests.test_admin_permisos_capacidades.TestAdminPermisosCapacidades" name="test_02_update_permisos_relacion" time="0.271" /><testcase classname="tests.test_admin_permisos_capacidades.TestAdminPermisosCapacidades" name="test_03_update_permisos_relacion_acudiente" time="0.310" /><testcase classname="tests.test_admin_permisos_capacidades.TestAdminPermisosCapacidades" name="test_04_verify_permisos_persisted" time="0.273" /><testcase classname="tests.test_admin_permisos_capacidades.TestAdminPermisosCapacidades" name="test_05_create_capacidad" time="0.280" /><testcase classname="tests.test_admin_permisos_capacidades.TestAdminPermisosCapacidades" name="test_06_create_capacidad_duplicate_fails" time="0.270" /><testcase classname="tests.test_admin_permisos_capacidades.TestAdminPermisosCapacidades" name="test_07_update_capacidad" time="0.308" /><testcase classname="tests.test_admin_permisos_capacidades.TestAdminPermisosCapacidades" name="test_08_verify_capacidad_updated" time="0.296" /><testcase classname="tests.test_admin_permisos_capacidades.TestAdminPermisosCapacidades" name="test_09_delete_capacidad" time="0.313" /><testcase classname="tests.test_admin_permisos_capacidades.TestAdminPermisosCapacidades" name="test_10_verify_capacidad_deactivated" time="0.271"><failure message="AssertionError: Test capacidad test_cap_1768197520 should still exist&#10;assert None is not None">tests/test_admin_permisos_capacidades.py:316: in test_10_verify_capacidad_deactivated
    assert test_cap is not None, f"Test capacidad {test_cap_id} should still exist"
E   AssertionError: Test capacidad test_cap_1768197520 should still exist
E   assert None is not None</failure></testcase><testcase classname="tests.test_admin_permisos_capacidades.TestAdminPermisosCapacidades" name="test_11_delete_nonexistent_capacidad" time="0.271" /><testcase classname="tests.test_admin_permisos_capacidades.TestAdminPermisosCapacidades" name="test_12_update_nonexistent_capacidad" time="0.273" /><testcase classname="tests.test_admin_permisos_capacidades.TestAdminPermisosCapacidades" name="test_13_permisos_requires_admin" time="0.044" /><testcase classname="tests.test_admin_permisos_capacidades.TestAdminPermisosCapacidades" name="test_14_capacidades_crud_requires_admin" time="0.086" /><testcase classname="tests.test_admin_permisos_capacidades.TestAdminPermisosCapacidades" name="test_15_create_capacidad_validation" time="0.318" /><testcase classname="tests.test_admin_permisos_capacidades.TestAdminPermisosCapacidades" name="test_16_update_permisos_validation" time="0.275" /></testsuite></testsuites>