<?xml version="1.0" encoding="utf-8"?><testsuites name="pytest tests"><testsuite name="pytest" errors="0" failures="0" skipped="0" tests="8" time="2.153" timestamp="2026-02-26T16:55:29.964929+00:00" hostname="agent-env-be8c71de-32f3-44bd-9977-e0172a79dcc9"><testcase classname="backend.tests.test_print_thermal_fix.TestThermalPageEndpoint" name="test_thermal_page_returns_html_with_book_codes" time="0.738" /><testcase classname="backend.tests.test_print_thermal_fix.TestThermalPageEndpoint" name="test_thermal_page_returns_html_with_book_names" time="0.164" /><testcase classname="backend.tests.test_print_thermal_fix.TestThermalPageEndpoint" name="test_thermal_page_no_generic_item_names" time="0.136" /><testcase classname="backend.tests.test_print_thermal_fix.TestPrintJobsEndpoint" name="test_print_jobs_returns_order_data_with_book_code" time="0.308" /><testcase classname="backend.tests.test_print_thermal_fix.TestPrintJobsEndpoint" name="test_print_jobs_returns_order_data_with_book_name" time="0.235" /><testcase classname="backend.tests.test_print_thermal_fix.TestPrintJobsEndpoint" name="test_print_jobs_returns_thermal_html" time="0.194" /><testcase classname="backend.tests.test_print_thermal_fix.TestPrintJobsEndpoint" name="test_print_jobs_returns_format_config" time="0.150" /><testcase classname="backend.tests.test_print_thermal_fix.TestPrintJobsNormalization" name="test_item_fields_normalized_for_frontend" time="0.124" /></testsuite></testsuites>