<?xml version="1.0" encoding="utf-8"?><testsuites name="pytest tests"><testsuite name="pytest" errors="0" failures="0" skipped="0" tests="11" time="3.414" timestamp="2026-02-20T00:15:20.965514+00:00" hostname="agent-env-22864f8a-87df-4a17-989f-7a78ca53c859"><testcase classname="backend.tests.test_store_checkout_form_config.TestStoreCheckoutFormConfig" name="test_get_public_fields_requires_auth" time="0.239" /><testcase classname="backend.tests.test_store_checkout_form_config.TestStoreCheckoutFormConfig" name="test_get_public_fields" time="0.480" /><testcase classname="backend.tests.test_store_checkout_form_config.TestStoreCheckoutFormConfig" name="test_get_field_types" time="0.124" /><testcase classname="backend.tests.test_store_checkout_form_config.TestStoreCheckoutFormConfig" name="test_get_admin_fields_requires_admin" time="0.110" /><testcase classname="backend.tests.test_store_checkout_form_config.TestStoreCheckoutFormConfig" name="test_create_field" time="0.181" /><testcase classname="backend.tests.test_store_checkout_form_config.TestStoreCheckoutFormConfig" name="test_update_field" time="0.419" /><testcase classname="backend.tests.test_store_checkout_form_config.TestStoreCheckoutFormConfig" name="test_delete_field" time="0.209" /><testcase classname="backend.tests.test_store_checkout_form_config.TestStoreCheckoutFormConfig" name="test_delete_nonexistent_field" time="0.227" /><testcase classname="backend.tests.test_store_checkout_form_config.TestExistingTextbookFormConfig" name="test_existing_textbook_form_config_works" time="0.500" /><testcase classname="backend.tests.test_store_checkout_form_config.TestExistingTextbookFormConfig" name="test_textbook_form_field_types" time="0.213" /><testcase classname="backend.tests.test_store_checkout_form_config.TestCleanup" name="test_cleanup_test_fields" time="0.638" /></testsuite></testsuites>