<?xml version="1.0" encoding="utf-8"?><testsuites name="pytest tests"><testsuite name="pytest" errors="0" failures="1" skipped="8" tests="9" time="131.010" timestamp="2026-02-22T21:04:16.309074+00:00" hostname="agent-env-731e4732-2d81-4958-8ed8-6218b64b5950"><testcase classname="backend.tests.test_sysbook_catalog_rename.TestSysbookCatalogRename" name="test_new_sysbook_catalog_access_endpoint" time="60.275"><skipped type="pytest.skip" message="Admin login failed: 520">/app/backend/tests/test_sysbook_catalog_rename.py:29: Admin login failed: 520</skipped></testcase><testcase classname="backend.tests.test_sysbook_catalog_rename.TestSysbookCatalogRename" name="test_old_private_catalog_route_returns_404" time="60.256"><skipped type="pytest.skip" message="Admin login failed: 520">/app/backend/tests/test_sysbook_catalog_rename.py:41: Admin login failed: 520</skipped></testcase><testcase classname="backend.tests.test_sysbook_catalog_rename.TestSysbookCatalogRename" name="test_stock_orders_inventory_counts_field" time="9.514"><skipped type="pytest.skip" message="Admin login failed: 422">/app/backend/tests/test_sysbook_catalog_rename.py:50: Admin login failed: 422</skipped></testcase><testcase classname="backend.tests.test_sysbook_catalog_rename.TestSysbookCatalogRename" name="test_sysbook_catalog_products_endpoint" time="0.144"><skipped type="pytest.skip" message="Admin login failed: 422">/app/backend/tests/test_sysbook_catalog_rename.py:64: Admin login failed: 422</skipped></testcase><testcase classname="backend.tests.test_sysbook_catalog_rename.TestSysbookCatalogRename" name="test_sysbook_catalog_admin_products" time="0.209"><skipped type="pytest.skip" message="Admin login failed: 422">/app/backend/tests/test_sysbook_catalog_rename.py:79: Admin login failed: 422</skipped></testcase><testcase classname="backend.tests.test_sysbook_catalog_rename.TestUnatiendaStatsEndpoint" name="test_unatienda_stats" time="0.110"><skipped type="pytest.skip" message="Admin login failed">/app/backend/tests/test_sysbook_catalog_rename.py:108: Admin login failed</skipped></testcase><testcase classname="backend.tests.test_sysbook_catalog_rename.TestSysbookInventoryEndpoint" name="test_sysbook_inventory_products" time="0.147"><skipped type="pytest.skip" message="Admin login failed">/app/backend/tests/test_sysbook_catalog_rename.py:137: Admin login failed</skipped></testcase><testcase classname="backend.tests.test_sysbook_catalog_rename.TestSysbookInventoryEndpoint" name="test_store_inventory_with_source_filter" time="0.153"><skipped type="pytest.skip" message="Admin login failed">/app/backend/tests/test_sysbook_catalog_rename.py:148: Admin login failed</skipped></testcase><testcase classname="backend.tests.test_sysbook_catalog_rename.TestAdminLogin" name="test_admin_login_success" time="0.117"><failure message="AssertionError: Login failed: 422 - {&quot;detail&quot;:[{&quot;type&quot;:&quot;missing&quot;,&quot;loc&quot;:[&quot;body&quot;,&quot;password&quot;],&quot;msg&quot;:&quot;Field required&quot;,&quot;input&quot;:{&quot;email&quot;:&quot;teck@koh.one&quot;,&quot;contrasena&quot;:&quot;Acdb##0897&quot;},&quot;url&quot;:&quot;https://errors.pydantic.dev/2.12/v/missing&quot;}]}&#10;assert 422 == 200&#10; +  where 422 = &lt;Response [422]&gt;.status_code">backend/tests/test_sysbook_catalog_rename.py:173: in test_admin_login_success
    assert response.status_code == 200, f"Login failed: {response.status_code} - {response.text}"
E   AssertionError: Login failed: 422 - {"detail":[{"type":"missing","loc":["body","password"],"msg":"Field required","input":{"email":"teck@koh.one","contrasena":"Acdb##0897"},"url":"https://errors.pydantic.dev/2.12/v/missing"}]}
E   assert 422 == 200
E    +  where 422 = &lt;Response [422]&gt;.status_code</failure></testcase></testsuite></testsuites>