<?xml version="1.0" encoding="utf-8"?><testsuites name="pytest tests"><testsuite name="pytest" errors="0" failures="0" skipped="0" tests="13" time="3.650" timestamp="2026-02-24T22:13:38.173510+00:00" hostname="agent-env-7e8611ff-f183-46e6-b40d-fa0e26372e51"><testcase classname="backend.tests.test_orders_integration.TestAuthentication" name="test_login_returns_token" time="0.492" /><testcase classname="backend.tests.test_orders_integration.TestPlatformStoreMyOrders" name="test_my_orders_returns_200_with_auth" time="0.588" /><testcase classname="backend.tests.test_orders_integration.TestPlatformStoreMyOrders" name="test_my_orders_returns_orders_array" time="0.131" /><testcase classname="backend.tests.test_orders_integration.TestPlatformStoreMyOrders" name="test_my_orders_returns_401_without_auth" time="0.191" /><testcase classname="backend.tests.test_orders_integration.TestSysbookMyOrders" name="test_textbook_orders_returns_200_with_auth" time="0.551" /><testcase classname="backend.tests.test_orders_integration.TestSysbookMyOrders" name="test_textbook_orders_returns_orders_array" time="0.209" /><testcase classname="backend.tests.test_orders_integration.TestSysbookMyOrders" name="test_textbook_orders_have_expected_fields" time="0.150" /><testcase classname="backend.tests.test_orders_integration.TestSysbookMyOrders" name="test_textbook_orders_returns_401_without_auth" time="0.099" /><testcase classname="backend.tests.test_orders_integration.TestPlatformStoreOrderCreation" name="test_create_order_with_english_field_names" time="0.173" /><testcase classname="backend.tests.test_orders_integration.TestPlatformStoreOrderCreation" name="test_create_order_rejects_empty_cart" time="0.124" /><testcase classname="backend.tests.test_orders_integration.TestPlatformStoreOrderCreation" name="test_order_returns_correct_order_id_format" time="0.173" /><testcase classname="backend.tests.test_orders_integration.TestStatusFilterValues" name="test_store_orders_use_english_status_values" time="0.522" /><testcase classname="backend.tests.test_orders_integration.TestStatusFilterValues" name="test_textbook_orders_use_english_status_values" time="0.137" /></testsuite></testsuites>