<?xml version="1.0" encoding="utf-8"?><testsuites name="pytest tests"><testsuite name="pytest" errors="0" failures="1" skipped="4" tests="14" time="3.942" timestamp="2026-01-12T06:31:44.227384+00:00" hostname="agent-env-7939b107-b7c6-40a8-a0ff-ae70765fbe43"><testcase classname="tests.test_push_notifications_conexiones.TestPushNotificationsConexiones" name="test_connections_category_exists" time="0.301" /><testcase classname="tests.test_push_notifications_conexiones.TestPushNotificationsConexiones" name="test_search_users_for_connection" time="0.275" /><testcase classname="tests.test_push_notifications_conexiones.TestPushNotificationsConexiones" name="test_get_existing_solicitudes" time="0.274" /><testcase classname="tests.test_push_notifications_conexiones.TestPushNotificationsConexiones" name="test_get_received_solicitudes" time="0.280" /><testcase classname="tests.test_push_notifications_conexiones.TestPushNotificationsConexiones" name="test_crear_solicitud_returns_push_notification" time="0.338"><skipped type="pytest.skip" message="Already have connection/request with available users">/app/tests/test_push_notifications_conexiones.py:157: Already have connection/request with available users</skipped></testcase><testcase classname="tests.test_push_notifications_conexiones.TestPushNotificationsConexiones" name="test_responder_solicitud_aceptar_returns_push_notification" time="0.268"><skipped type="pytest.skip" message="No received requests to respond to">/app/tests/test_push_notifications_conexiones.py:206: No received requests to respond to</skipped></testcase><testcase classname="tests.test_push_notifications_conexiones.TestPushNotificationsConexiones" name="test_responder_solicitud_rechazar_returns_push_notification" time="0.266"><skipped type="pytest.skip" message="No received requests to respond to">/app/tests/test_push_notifications_conexiones.py:259: No received requests to respond to</skipped></testcase><testcase classname="tests.test_push_notifications_conexiones.TestPushNotificationContent" name="test_connections_category_has_correct_properties" time="0.272"><failure message="AssertionError: Expected icon #x1F517, got None&#10;assert None == '#x1F517'&#10; +  where None = &lt;built-in method get of dict object at 0xf9767f8f4cc0&gt;('icon')&#10; +    where &lt;built-in method get of dict object at 0xf9767f8f4cc0&gt; = {'category': {'category_id': 'connections', 'color': '#8b5cf6', 'created_at': '2026-01-12T06:07:33.267094+00:00', 'default_enabled': True, ...}, 'success': True}.get">tests/test_push_notifications_conexiones.py:356: in test_connections_category_has_correct_properties
    assert data.get("icon") == "#x1F517", f"Expected icon #x1F517, got {data.get('icon')}"
E   AssertionError: Expected icon #x1F517, got None
E   assert None == '#x1F517'
E    +  where None = &lt;built-in method get of dict object at 0xf9767f8f4cc0&gt;('icon')
E    +    where &lt;built-in method get of dict object at 0xf9767f8f4cc0&gt; = {'category': {'category_id': 'connections', 'color': '#8b5cf6', 'created_at': '2026-01-12T06:07:33.267094+00:00', 'default_enabled': True, ...}, 'success': True}.get</failure></testcase><testcase classname="tests.test_push_notifications_conexiones.TestPushNotificationContent" name="test_code_review_crear_solicitud_push_content" time="0.259" /><testcase classname="tests.test_push_notifications_conexiones.TestPushNotificationContent" name="test_code_review_responder_solicitud_aceptar_push_content" time="0.259" /><testcase classname="tests.test_push_notifications_conexiones.TestPushNotificationContent" name="test_code_review_responder_solicitud_rechazar_push_content" time="0.259" /><testcase classname="tests.test_push_notifications_conexiones.TestPushNotificationContent" name="test_subtipo_label_conversion" time="0.260" /><testcase classname="tests.test_push_notifications_conexiones.TestAdminSolicitudesEndpoint" name="test_admin_get_all_pending_solicitudes" time="0.266" /><testcase classname="tests.test_push_notifications_conexiones.TestAdminSolicitudesEndpoint" name="test_admin_responder_solicitud_returns_push_notification" time="0.267"><skipped type="pytest.skip" message="No pending requests for admin to respond to">/app/tests/test_push_notifications_conexiones.py:496: No pending requests for admin to respond to</skipped></testcase></testsuite></testsuites>