<?xml version="1.0" encoding="utf-8"?><testsuites name="pytest tests"><testsuite name="pytest" errors="0" failures="0" skipped="0" tests="17" time="147.890" timestamp="2026-02-13T22:05:05.913356+00:00" hostname="agent-env-6923322f-5cea-4f3f-9002-ef44d766cef7"><testcase classname="backend.tests.test_webhook_management.TestWebhookStatus" name="test_webhook_status_endpoint_returns_200" time="22.137" /><testcase classname="backend.tests.test_webhook_management.TestWebhookStatus" name="test_webhook_status_returns_registered_field" time="0.089" /><testcase classname="backend.tests.test_webhook_management.TestWebhookStatus" name="test_webhook_status_returns_webhook_id_field" time="0.065" /><testcase classname="backend.tests.test_webhook_management.TestWebhookRegister" name="test_webhook_register_endpoint_returns_response" time="124.344" /><testcase classname="backend.tests.test_webhook_management.TestWebhookRegister" name="test_webhook_register_without_board_returns_error" time="0.130" /><testcase classname="backend.tests.test_webhook_management.TestWebhookUnregister" name="test_webhook_unregister_endpoint_returns_200" time="0.089" /><testcase classname="backend.tests.test_webhook_management.TestWebhookUnregister" name="test_webhook_unregister_returns_ok_status" time="0.063" /><testcase classname="backend.tests.test_webhook_management.TestWebhookUnregister" name="test_webhook_status_after_unregister_shows_not_registered" time="0.141" /><testcase classname="backend.tests.test_webhook_management.TestWebhookIncomingChallenge" name="test_webhook_incoming_challenge_returns_challenge" time="0.068" /><testcase classname="backend.tests.test_webhook_management.TestWebhookIncomingChallenge" name="test_webhook_incoming_no_event_returns_no_event" time="0.067" /><testcase classname="backend.tests.test_webhook_management.TestExistingAutoSyncEndpoints" name="test_get_auto_sync_config_still_works" time="0.060" /><testcase classname="backend.tests.test_webhook_management.TestExistingAutoSyncEndpoints" name="test_put_auto_sync_config_still_works" time="0.118" /><testcase classname="backend.tests.test_webhook_management.TestExistingSyncHistoryEndpoint" name="test_get_sync_history_still_works" time="0.070" /><testcase classname="backend.tests.test_webhook_management.TestExistingBannerCRUD" name="test_get_banners_admin_still_works" time="0.066" /><testcase classname="backend.tests.test_webhook_management.TestExistingBannerCRUD" name="test_banner_crud_flow" time="0.176" /><testcase classname="backend.tests.test_webhook_management.TestManualSyncWithTrigger" name="test_manual_sync_returns_response" time="0.059" /><testcase classname="backend.tests.test_webhook_management.TestWebhookRegisteredHandlers" name="test_registered_handlers_endpoint" time="0.064" /></testsuite></testsuites>