<?xml version="1.0" encoding="utf-8"?><testsuites name="pytest tests"><testsuite name="pytest" errors="0" failures="0" skipped="0" tests="12" time="3.496" timestamp="2026-02-07T06:58:48.309142+00:00" hostname="agent-env-8729a01d-30d2-43da-b834-a8cb3481d524"><testcase classname="backend.tests.test_ui_style_inventory.TestUIStyleTemplates" name="test_public_ui_style_returns_default_style_and_template" time="0.102" /><testcase classname="backend.tests.test_ui_style_inventory.TestUIStyleTemplates" name="test_admin_change_template_to_elegant" time="0.312" /><testcase classname="backend.tests.test_ui_style_inventory.TestUIStyleTemplates" name="test_public_ui_style_reflects_elegant_after_save" time="0.340" /><testcase classname="backend.tests.test_ui_style_inventory.TestUIStyleTemplates" name="test_admin_reset_template_to_default" time="0.332" /><testcase classname="backend.tests.test_ui_style_inventory.TestInventoryDashboard" name="test_inventory_dashboard_requires_auth" time="0.036" /><testcase classname="backend.tests.test_ui_style_inventory.TestInventoryDashboard" name="test_inventory_dashboard_returns_stats" time="0.300" /><testcase classname="backend.tests.test_ui_style_inventory.TestInventoryProducts" name="test_inventory_products_returns_list" time="0.303" /><testcase classname="backend.tests.test_ui_style_inventory.TestInventoryProducts" name="test_inventory_products_filter_out_of_stock" time="0.302" /><testcase classname="backend.tests.test_ui_style_inventory.TestStockAdjustments" name="test_stock_adjust_add" time="0.344" /><testcase classname="backend.tests.test_ui_style_inventory.TestStockAdjustments" name="test_stock_adjust_remove" time="0.374" /><testcase classname="backend.tests.test_ui_style_inventory.TestInventoryMovements" name="test_inventory_movements_returns_history" time="0.299" /><testcase classname="backend.tests.test_ui_style_inventory.TestLowStockAlerts" name="test_low_stock_alerts_with_threshold" time="0.304" /></testsuite></testsuites>