<?xml version="1.0" encoding="utf-8"?><testsuites name="pytest tests"><testsuite name="pytest" errors="0" failures="0" skipped="0" tests="20" time="1.494" timestamp="2026-01-10T00:30:29.240283+00:00" hostname="agent-env-2389c44d-d8d6-4afc-8369-04e3e3bcab9e"><testcase classname="tests.test_superpin_badges.TestBadgeDefinitions" name="test_get_badge_definitions_success" time="0.077" /><testcase classname="tests.test_superpin_badges.TestBadgeDefinitions" name="test_badge_definitions_have_translations" time="0.038" /><testcase classname="tests.test_superpin_badges.TestBadgeDefinitions" name="test_badge_definitions_have_rarity" time="0.036" /><testcase classname="tests.test_superpin_badges.TestBadgeDefinitions" name="test_badge_definitions_have_icons" time="0.039" /><testcase classname="tests.test_superpin_badges.TestPlayerBadges" name="test_get_player_badges_carlos" time="0.039" /><testcase classname="tests.test_superpin_badges.TestPlayerBadges" name="test_get_player_badges_maria" time="0.037" /><testcase classname="tests.test_superpin_badges.TestPlayerBadges" name="test_player_badge_structure" time="0.072" /><testcase classname="tests.test_superpin_badges.TestPlayerBadges" name="test_get_player_badges_nonexistent" time="0.039" /><testcase classname="tests.test_superpin_badges.TestRecentBadges" name="test_get_recent_badges_success" time="0.041" /><testcase classname="tests.test_superpin_badges.TestRecentBadges" name="test_recent_badges_with_limit" time="0.038" /><testcase classname="tests.test_superpin_badges.TestRecentBadges" name="test_recent_badges_have_player_info" time="0.034" /><testcase classname="tests.test_superpin_badges.TestRecentBadges" name="test_recent_badges_sorted_by_date" time="0.035" /><testcase classname="tests.test_superpin_badges.TestBadgeLeaderboard" name="test_get_badge_leaderboard_success" time="0.035" /><testcase classname="tests.test_superpin_badges.TestBadgeLeaderboard" name="test_leaderboard_with_limit" time="0.037" /><testcase classname="tests.test_superpin_badges.TestBadgeLeaderboard" name="test_leaderboard_structure" time="0.042" /><testcase classname="tests.test_superpin_badges.TestBadgeLeaderboard" name="test_leaderboard_sorted_by_rarity" time="0.040" /><testcase classname="tests.test_superpin_badges.TestAwardTournamentBadges" name="test_award_badges_requires_auth" time="0.080" /><testcase classname="tests.test_superpin_badges.TestAwardTournamentBadges" name="test_award_badges_with_auth" time="0.337" /><testcase classname="tests.test_superpin_badges.TestAwardTournamentBadges" name="test_award_badges_invalid_tournament" time="0.302" /><testcase classname="tests.test_superpin_badges.TestBadgesInRanking" name="test_ranking_includes_player_ids_for_badges" time="0.040" /></testsuite></testsuites>