<?xml version="1.0" encoding="utf-8"?><testsuites name="pytest tests"><testsuite name="pytest" errors="0" failures="1" skipped="0" tests="7" time="87.444" timestamp="2026-02-15T17:18:21.015599+00:00" hostname="agent-env-d4ddde62-eb82-4cb8-83ce-8dbc1bc200e5"><testcase classname="backend.tests.test_telegram_horizontal_feed.TestTelegramFeedPublicAPI" name="test_public_containers_returns_new_fields" time="60.229"><failure message="AssertionError: Expected 200, got 520&#10;assert 520 == 200&#10; +  where 520 = &lt;Response [520]&gt;.status_code">backend/tests/test_telegram_horizontal_feed.py:17: in test_public_containers_returns_new_fields
    assert response.status_code == 200, f"Expected 200, got {response.status_code}"
E   AssertionError: Expected 200, got 520
E   assert 520 == 200
E    +  where 520 = &lt;Response [520]&gt;.status_code</failure></testcase><testcase classname="backend.tests.test_telegram_horizontal_feed.TestTelegramFeedPublicAPI" name="test_public_recent_posts" time="23.817" /><testcase classname="backend.tests.test_telegram_horizontal_feed.TestTelegramFeedAdminAPI" name="test_admin_get_containers" time="0.629" /><testcase classname="backend.tests.test_telegram_horizontal_feed.TestTelegramFeedAdminAPI" name="test_admin_create_container_with_horizontal_settings" time="0.712" /><testcase classname="backend.tests.test_telegram_horizontal_feed.TestTelegramFeedAdminAPI" name="test_admin_update_container_horizontal_settings" time="0.868" /><testcase classname="backend.tests.test_telegram_horizontal_feed.TestTelegramFeedAdminAPI" name="test_admin_delete_test_containers" time="0.636" /><testcase classname="backend.tests.test_telegram_horizontal_feed.TestTelegramFeedStats" name="test_admin_stats" time="0.467" /></testsuite></testsuites>