<?xml version="1.0" encoding="utf-8"?><testsuites name="pytest tests"><testsuite name="pytest" errors="0" failures="0" skipped="0" tests="15" time="2.804" timestamp="2026-02-08T15:40:49.298505+00:00" hostname="agent-env-14599e90-b43e-4027-8cbb-186599fd7499"><testcase classname="backend.tests.test_widget_module.TestWidgetPublicEndpoints" name="test_embed_config_returns_200" time="0.076" /><testcase classname="backend.tests.test_widget_module.TestWidgetPublicEndpoints" name="test_embed_config_has_enabled_flag" time="0.046" /><testcase classname="backend.tests.test_widget_module.TestWidgetPublicEndpoints" name="test_embed_config_has_features" time="0.041" /><testcase classname="backend.tests.test_widget_module.TestWidgetPublicEndpoints" name="test_embed_config_has_appearance" time="0.041" /><testcase classname="backend.tests.test_widget_module.TestWidgetPublicEndpoints" name="test_embed_config_has_placement" time="0.043" /><testcase classname="backend.tests.test_widget_module.TestWidgetPublicEndpoints" name="test_embed_config_no_security_section" time="0.041" /><testcase classname="backend.tests.test_widget_module.TestWidgetPublicEndpoints" name="test_loader_js_returns_javascript" time="0.042" /><testcase classname="backend.tests.test_widget_module.TestWidgetPublicEndpoints" name="test_loader_js_has_api_url" time="0.051" /><testcase classname="backend.tests.test_widget_module.TestWidgetPublicEndpoints" name="test_loader_js_has_config" time="0.039" /><testcase classname="backend.tests.test_widget_module.TestWidgetAdminEndpoints" name="test_admin_config_returns_200" time="0.305" /><testcase classname="backend.tests.test_widget_module.TestWidgetAdminEndpoints" name="test_admin_config_has_security_section" time="0.596" /><testcase classname="backend.tests.test_widget_module.TestWidgetAdminEndpoints" name="test_admin_config_has_all_features_with_enabled_flag" time="0.299" /><testcase classname="backend.tests.test_widget_module.TestWidgetAdminEndpoints" name="test_update_config_returns_200" time="0.350" /><testcase classname="backend.tests.test_widget_module.TestWidgetAdminEndpoints" name="test_update_config_persists_changes" time="0.419" /><testcase classname="backend.tests.test_widget_module.TestWidgetAdminEndpoints" name="test_unauthenticated_admin_config_fails" time="0.297" /></testsuite></testsuites>