<?xml version="1.0" encoding="utf-8"?><testsuites name="pytest tests"><testsuite name="pytest" errors="0" failures="0" skipped="0" tests="17" time="16.394" timestamp="2026-02-12T22:50:50.424304+00:00" hostname="agent-env-25fd003d-7940-4ef9-9e5e-33f6241a91f9"><testcase classname="backend.tests.test_gmail_integration.TestGmailConnection" name="test_gmail_status_requires_auth" time="0.077" /><testcase classname="backend.tests.test_gmail_integration.TestGmailConnection" name="test_gmail_status_connected" time="1.044" /><testcase classname="backend.tests.test_gmail_integration.TestGmailEmails" name="test_gmail_emails_requires_auth" time="0.042" /><testcase classname="backend.tests.test_gmail_integration.TestGmailEmails" name="test_gmail_emails_returns_list" time="1.615" /><testcase classname="backend.tests.test_gmail_integration.TestAIEmailParsing" name="test_process_single_requires_auth" time="0.042" /><testcase classname="backend.tests.test_gmail_integration.TestAIEmailParsing" name="test_process_single_requires_body" time="0.045" /><testcase classname="backend.tests.test_gmail_integration.TestAIEmailParsing" name="test_process_single_bank_email_spanish" time="3.096" /><testcase classname="backend.tests.test_gmail_integration.TestAIEmailParsing" name="test_process_single_non_bank_email" time="2.035" /><testcase classname="backend.tests.test_gmail_integration.TestAIEmailParsing" name="test_process_single_english_bank_email" time="1.895" /><testcase classname="backend.tests.test_gmail_integration.TestRulesEngine" name="test_rules_sender_whitelist" time="1.354" /><testcase classname="backend.tests.test_gmail_integration.TestRulesEngine" name="test_rules_must_not_contain" time="1.486" /><testcase classname="backend.tests.test_gmail_integration.TestRulesEngine" name="test_rules_amount_max_threshold" time="1.613" /><testcase classname="backend.tests.test_gmail_integration.TestGmailProcess" name="test_gmail_process_requires_auth" time="0.037" /><testcase classname="backend.tests.test_gmail_integration.TestGmailProcess" name="test_gmail_process_scans_inbox" time="1.014" /><testcase classname="backend.tests.test_gmail_integration.TestProcessingLog" name="test_processed_requires_auth" time="0.043" /><testcase classname="backend.tests.test_gmail_integration.TestProcessingLog" name="test_processed_returns_log" time="0.041" /><testcase classname="backend.tests.test_gmail_integration.TestStatsAfterOperations" name="test_stats_show_gmail_connected" time="0.785" /></testsuite></testsuites>