<?xml version="1.0" encoding="utf-8"?><testsuites name="pytest tests"><testsuite name="pytest" errors="0" failures="0" skipped="1" tests="15" time="1.809" timestamp="2026-02-18T23:03:32.326303+00:00" hostname="agent-env-66e42301-b726-4167-a46d-e6534d91f723"><testcase classname="backend.tests.test_cleanup_wallet_user_extension.TestStudentsListWalletFields" name="test_students_have_wallet_balance_field" time="0.578" /><testcase classname="backend.tests.test_cleanup_wallet_user_extension.TestStudentsListWalletFields" name="test_students_have_wallet_txn_count_field" time="0.080" /><testcase classname="backend.tests.test_cleanup_wallet_user_extension.TestStudentsListWalletFields" name="test_all_students_have_wallet_fields" time="0.073" /><testcase classname="backend.tests.test_cleanup_wallet_user_extension.TestPreviewWalletCollections" name="test_preview_includes_wallets_count" time="0.075" /><testcase classname="backend.tests.test_cleanup_wallet_user_extension.TestPreviewWalletCollections" name="test_preview_includes_wallet_transactions_count" time="0.066" /><testcase classname="backend.tests.test_cleanup_wallet_user_extension.TestPreviewWalletCollections" name="test_preview_includes_wallet_alerts_count" time="0.070" /><testcase classname="backend.tests.test_cleanup_wallet_user_extension.TestPreviewWalletCollections" name="test_preview_includes_users_count" time="0.060" /><testcase classname="backend.tests.test_cleanup_wallet_user_extension.TestPreviewProtectedUsers" name="test_preview_includes_protected_user_ids" time="0.060" /><testcase classname="backend.tests.test_cleanup_wallet_user_extension.TestPreviewProtectedUsers" name="test_admin_user_is_in_protected_list" time="0.086" /><testcase classname="backend.tests.test_cleanup_wallet_user_extension.TestPreviewProtectedUsers" name="test_preview_demo_only_shows_users_count_greater_than_zero_for_non_admin_parents" time="0.057" /><testcase classname="backend.tests.test_cleanup_wallet_user_extension.TestPreviewWithSpecificStudents" name="test_preview_with_regular_user_student_shows_user_count" time="0.156" /><testcase classname="backend.tests.test_cleanup_wallet_user_extension.TestExecuteProtectsAdminUsers" name="test_execute_returns_protected_users_skipped" time="0.143"><skipped type="pytest.skip" message="Could not create test data, skipping execute test">/app/backend/tests/test_cleanup_wallet_user_extension.py:276: Could not create test data, skipping execute test</skipped></testcase><testcase classname="backend.tests.test_cleanup_wallet_user_extension.TestPreviewStructureValidation" name="test_preview_has_all_wallet_collections" time="0.078" /><testcase classname="backend.tests.test_cleanup_wallet_user_extension.TestPreviewStructureValidation" name="test_wallet_samples_included_in_preview" time="0.071" /><testcase classname="backend.tests.test_cleanup_wallet_user_extension.TestPreviewStructureValidation" name="test_users_samples_included_in_preview" time="0.080" /></testsuite></testsuites>