<?xml version="1.0" encoding="utf-8"?><testsuites name="pytest tests"><testsuite name="pytest" errors="0" failures="0" skipped="0" tests="8" time="1.055" timestamp="2026-02-12T15:57:11.944838+00:00" hostname="agent-env-53636de5-ed13-4197-bb2e-b2405806a38c"><testcase classname="tests.test_translation_coverage.TestTranslationCoverageAPI" name="test_coverage_endpoint_exists" time="0.395" /><testcase classname="tests.test_translation_coverage.TestTranslationCoverageAPI" name="test_coverage_response_structure" time="0.044" /><testcase classname="tests.test_translation_coverage.TestTranslationCoverageAPI" name="test_coverage_languages" time="0.049" /><testcase classname="tests.test_translation_coverage.TestTranslationCoverageAPI" name="test_coverage_percentages_valid" time="0.050" /><testcase classname="tests.test_translation_coverage.TestTranslationCoverageAPI" name="test_categories_breakdown" time="0.044" /><testcase classname="tests.test_translation_coverage.TestTranslationCoverageAPI" name="test_missing_keys_for_zh" time="0.048" /><testcase classname="tests.test_translation_coverage.TestTranslationAdminEndpoints" name="test_translation_list_endpoint" time="0.307" /><testcase classname="tests.test_translation_coverage.TestTranslationAdminEndpoints" name="test_translation_export_endpoint" time="0.056" /></testsuite></testsuites>