<?xml version="1.0" encoding="utf-8"?><testsuites name="pytest tests"><testsuite name="pytest" errors="0" failures="0" skipped="0" tests="8" time="2.843" timestamp="2026-02-20T21:38:34.873778+00:00" hostname="agent-env-e916709f-bf66-439d-a92b-1b1da63455a4"><testcase classname="backend.tests.test_impersonation_draft_filter.TestDraftOrdersFilter" name="test_admin_login_works" time="0.403" /><testcase classname="backend.tests.test_impersonation_draft_filter.TestDraftOrdersFilter" name="test_my_orders_endpoint_excludes_drafts" time="0.137" /><testcase classname="backend.tests.test_impersonation_draft_filter.TestAdminImpersonation" name="test_impersonate_endpoint_returns_token" time="0.633" /><testcase classname="backend.tests.test_impersonation_draft_filter.TestAdminImpersonation" name="test_impersonation_token_accesses_me_endpoint" time="0.258" /><testcase classname="backend.tests.test_impersonation_draft_filter.TestAdminImpersonation" name="test_impersonation_token_blocked_from_admin_endpoints" time="0.318" /><testcase classname="backend.tests.test_impersonation_draft_filter.TestAdminImpersonation" name="test_impersonate_nonexistent_user_returns_404" time="0.116" /><testcase classname="backend.tests.test_impersonation_draft_filter.TestAdminImpersonation" name="test_regular_user_cannot_impersonate" time="0.271" /><testcase classname="backend.tests.test_impersonation_draft_filter.TestImpersonationAuditLogging" name="test_impersonation_creates_audit_log" time="0.650" /></testsuite></testsuites>