<?xml version="1.0" encoding="utf-8"?><testsuites name="pytest tests"><testsuite name="pytest" errors="0" failures="0" skipped="0" tests="15" time="1.683" timestamp="2026-01-10T14:53:10.741817+00:00" hostname="agent-env-adc16a15-3c09-4bb9-9f7f-88e12c2636e1"><testcase classname="tests.test_pinpanclub_public_feed.TestPinPanClubPublicFeed" name="test_activity_feed_no_auth_required" time="0.073" /><testcase classname="tests.test_pinpanclub_public_feed.TestPinPanClubPublicFeed" name="test_activity_feed_default_language" time="0.047" /><testcase classname="tests.test_pinpanclub_public_feed.TestPinPanClubPublicFeed" name="test_activity_feed_english_language" time="0.038" /><testcase classname="tests.test_pinpanclub_public_feed.TestPinPanClubPublicFeed" name="test_activity_feed_chinese_language" time="0.038" /><testcase classname="tests.test_pinpanclub_public_feed.TestPinPanClubPublicFeed" name="test_activity_feed_response_structure" time="0.036" /><testcase classname="tests.test_pinpanclub_public_feed.TestPinPanClubPublicFeed" name="test_activity_feed_stats_structure" time="0.038" /><testcase classname="tests.test_pinpanclub_public_feed.TestPinPanClubPublicFeed" name="test_activity_feed_section_toggles" time="0.039" /><testcase classname="tests.test_pinpanclub_public_feed.TestPinPanClubPublicFeed" name="test_activity_feed_limit_parameters" time="0.041" /><testcase classname="tests.test_pinpanclub_public_feed.TestPinPanClubPublicFeed" name="test_stats_summary_no_auth_required" time="0.037" /><testcase classname="tests.test_pinpanclub_public_feed.TestPinPanClubPublicFeed" name="test_stats_summary_response_structure" time="0.039" /><testcase classname="tests.test_pinpanclub_public_feed.TestPinPanClubPublicFeed" name="test_stats_summary_data_types" time="0.039" /><testcase classname="tests.test_pinpanclub_public_feed.TestBlockTemplates" name="test_block_templates_requires_auth" time="0.293" /><testcase classname="tests.test_pinpanclub_public_feed.TestBlockTemplates" name="test_block_templates_includes_pinpanclub_feed" time="0.276" /><testcase classname="tests.test_pinpanclub_public_feed.TestBlockTemplates" name="test_pinpanclub_feed_template_structure" time="0.271" /><testcase classname="tests.test_pinpanclub_public_feed.TestBlockTemplates" name="test_pinpanclub_feed_visibility_defaults" time="0.287" /></testsuite></testsuites>