<?xml version="1.0" encoding="utf-8"?><testsuites name="pytest tests"><testsuite name="pytest" errors="0" failures="2" skipped="0" tests="23" time="48.743" timestamp="2026-02-14T20:27:24.492193+00:00" hostname="agent-env-bd162be3-c2b3-41c1-bfaf-aaa53c07e9bb"><testcase classname="backend.tests.test_txb_inventory_bidirectional_sync.TestEnhancedTxbInventoryConfig" name="test_get_config_returns_stock_quantity_in_column_mapping" time="0.782"><failure message="AssertionError: column_mapping must have 'stock_quantity' key&#10;assert 'stock_quantity' in {'code': 'text_mm02vh63', 'date': 'date4', 'status': 'status', 'stock': 'numeric_mm025r1m'}">backend/tests/test_txb_inventory_bidirectional_sync.py:52: in test_get_config_returns_stock_quantity_in_column_mapping
    assert "stock_quantity" in col_map, "column_mapping must have 'stock_quantity' key"
E   AssertionError: column_mapping must have 'stock_quantity' key
E   assert 'stock_quantity' in {'code': 'text_mm02vh63', 'date': 'date4', 'status': 'status', 'stock': 'numeric_mm025r1m'}</failure></testcase><testcase classname="backend.tests.test_txb_inventory_bidirectional_sync.TestEnhancedTxbInventoryConfig" name="test_get_config_returns_subject_in_column_mapping" time="0.182"><failure message="AssertionError: column_mapping must have 'subject' key&#10;assert 'subject' in {'code': 'text_mm02vh63', 'date': 'date4', 'status': 'status', 'stock': 'numeric_mm025r1m'}">backend/tests/test_txb_inventory_bidirectional_sync.py:63: in test_get_config_returns_subject_in_column_mapping
    assert "subject" in col_map, "column_mapping must have 'subject' key"
E   AssertionError: column_mapping must have 'subject' key
E   assert 'subject' in {'code': 'text_mm02vh63', 'date': 'date4', 'status': 'status', 'stock': 'numeric_mm025r1m'}</failure></testcase><testcase classname="backend.tests.test_txb_inventory_bidirectional_sync.TestEnhancedTxbInventoryConfig" name="test_get_config_returns_status_in_column_mapping" time="0.178" /><testcase classname="backend.tests.test_txb_inventory_bidirectional_sync.TestEnhancedTxbInventoryConfig" name="test_get_config_returns_webhook_config" time="0.145" /><testcase classname="backend.tests.test_txb_inventory_bidirectional_sync.TestEnhancedTxbInventoryConfig" name="test_get_config_returns_sync_stats" time="0.133" /><testcase classname="backend.tests.test_txb_inventory_bidirectional_sync.TestEnhancedTxbInventoryConfig" name="test_get_config_returns_last_full_sync" time="0.118" /><testcase classname="backend.tests.test_txb_inventory_bidirectional_sync.TestEnhancedTxbInventoryConfig" name="test_get_config_returns_use_grade_groups" time="0.134" /><testcase classname="backend.tests.test_txb_inventory_bidirectional_sync.TestEnhancedTxbInventoryConfig" name="test_put_config_saves_new_fields" time="0.611" /><testcase classname="backend.tests.test_txb_inventory_bidirectional_sync.TestTxbInventoryFullSync" name="test_full_sync_requires_auth" time="0.118" /><testcase classname="backend.tests.test_txb_inventory_bidirectional_sync.TestTxbInventoryFullSync" name="test_full_sync_returns_sync_stats" time="20.664" /><testcase classname="backend.tests.test_txb_inventory_bidirectional_sync.TestTxbInventoryFullSync" name="test_full_sync_updates_sync_stats_in_config" time="20.633" /><testcase classname="backend.tests.test_txb_inventory_bidirectional_sync.TestTxbSyncStockSingleBook" name="test_sync_stock_requires_auth" time="0.121" /><testcase classname="backend.tests.test_txb_inventory_bidirectional_sync.TestTxbSyncStockSingleBook" name="test_sync_stock_returns_result" time="0.765" /><testcase classname="backend.tests.test_txb_inventory_bidirectional_sync.TestTxbSyncStockSingleBook" name="test_sync_stock_404_for_nonexistent_book" time="0.151" /><testcase classname="backend.tests.test_txb_inventory_bidirectional_sync.TestTxbInventoryWebhook" name="test_webhook_handles_challenge_verification" time="0.169" /><testcase classname="backend.tests.test_txb_inventory_bidirectional_sync.TestTxbInventoryWebhook" name="test_webhook_returns_no_event_for_empty_body" time="0.130" /><testcase classname="backend.tests.test_txb_inventory_bidirectional_sync.TestTxbInventoryWebhook" name="test_webhook_processes_stock_column_change_event" time="0.582" /><testcase classname="backend.tests.test_txb_inventory_bidirectional_sync.TestInventoryAdjustMondaySync" name="test_inventory_adjust_requires_auth" time="0.169" /><testcase classname="backend.tests.test_txb_inventory_bidirectional_sync.TestInventoryAdjustMondaySync" name="test_inventory_adjust_includes_monday_sync_for_private_catalog" time="0.603" /><testcase classname="backend.tests.test_txb_inventory_bidirectional_sync.TestInventoryAdjustMondaySync" name="test_inventory_adjust_increments_stock" time="1.466" /><testcase classname="backend.tests.test_txb_inventory_bidirectional_sync.TestTxbInventoryWebhookRegistration" name="test_register_webhook_requires_auth" time="0.517" /><testcase classname="backend.tests.test_txb_inventory_bidirectional_sync.TestTxbInventoryWebhookRegistration" name="test_register_webhook_requires_url" time="0.121" /><testcase classname="backend.tests.test_txb_inventory_bidirectional_sync.TestTxbInventoryWebhookRegistration" name="test_unregister_webhook_requires_auth" time="0.129" /></testsuite></testsuites>