<?xml version="1.0" encoding="utf-8"?><testsuites name="pytest tests"><testsuite name="pytest" errors="0" failures="0" skipped="0" tests="41" time="4.234" timestamp="2026-01-10T14:04:34.590765+00:00" hostname="agent-env-adc16a15-3c09-4bb9-9f7f-88e12c2636e1"><testcase classname="tests.test_notifications_posts.TestNotificationCategories" name="test_get_categories_public" time="0.054" /><testcase classname="tests.test_notifications_posts.TestNotificationCategories" name="test_get_categories_with_inactive" time="0.304" /><testcase classname="tests.test_notifications_posts.TestNotificationCategories" name="test_create_category_admin" time="0.040" /><testcase classname="tests.test_notifications_posts.TestNotificationCategories" name="test_get_single_category" time="0.040" /><testcase classname="tests.test_notifications_posts.TestNotificationCategories" name="test_update_category_admin" time="0.039" /><testcase classname="tests.test_notifications_posts.TestNotificationCategories" name="test_get_category_not_found" time="0.039" /><testcase classname="tests.test_notifications_posts.TestUserPreferences" name="test_get_preferences_requires_auth" time="0.040" /><testcase classname="tests.test_notifications_posts.TestUserPreferences" name="test_get_preferences" time="0.296" /><testcase classname="tests.test_notifications_posts.TestUserPreferences" name="test_update_preferences_push" time="0.039" /><testcase classname="tests.test_notifications_posts.TestUserPreferences" name="test_update_preferences_email" time="0.036" /><testcase classname="tests.test_notifications_posts.TestUserPreferences" name="test_update_preferences_quiet_hours" time="0.038" /><testcase classname="tests.test_notifications_posts.TestUserPreferences" name="test_update_preferences_no_data" time="0.037" /><testcase classname="tests.test_notifications_posts.TestUserPreferences" name="test_update_category_preference" time="0.035" /><testcase classname="tests.test_notifications_posts.TestProviderConfig" name="test_get_config_requires_admin" time="0.073" /><testcase classname="tests.test_notifications_posts.TestProviderConfig" name="test_get_config" time="0.293" /><testcase classname="tests.test_notifications_posts.TestProviderConfig" name="test_update_fcm_config" time="0.035" /><testcase classname="tests.test_notifications_posts.TestProviderConfig" name="test_update_onesignal_config" time="0.041" /><testcase classname="tests.test_notifications_posts.TestProviderConfig" name="test_update_invalid_provider" time="0.040" /><testcase classname="tests.test_notifications_posts.TestProviderConfig" name="test_update_config_no_data" time="0.081" /><testcase classname="tests.test_notifications_posts.TestSendNotification" name="test_send_notification_requires_admin" time="0.033" /><testcase classname="tests.test_notifications_posts.TestSendNotification" name="test_send_notification_no_devices" time="0.301" /><testcase classname="tests.test_notifications_posts.TestPosts" name="test_get_public_posts" time="0.036" /><testcase classname="tests.test_notifications_posts.TestPosts" name="test_get_admin_all_posts" time="0.294" /><testcase classname="tests.test_notifications_posts.TestPosts" name="test_create_post_admin" time="0.035" /><testcase classname="tests.test_notifications_posts.TestPosts" name="test_get_single_post" time="0.040" /><testcase classname="tests.test_notifications_posts.TestPosts" name="test_update_post_admin" time="0.037" /><testcase classname="tests.test_notifications_posts.TestPosts" name="test_publish_post_admin" time="0.034" /><testcase classname="tests.test_notifications_posts.TestPosts" name="test_get_post_not_found" time="0.035" /><testcase classname="tests.test_notifications_posts.TestPosts" name="test_like_post" time="0.080" /><testcase classname="tests.test_notifications_posts.TestPosts" name="test_get_scheduled_posts" time="0.036" /><testcase classname="tests.test_notifications_posts.TestPosts" name="test_get_media_library" time="0.036" /><testcase classname="tests.test_notifications_posts.TestDeviceManagement" name="test_get_devices_requires_auth" time="0.036" /><testcase classname="tests.test_notifications_posts.TestDeviceManagement" name="test_get_my_devices" time="0.294" /><testcase classname="tests.test_notifications_posts.TestDeviceManagement" name="test_register_device" time="0.038" /><testcase classname="tests.test_notifications_posts.TestDeviceManagement" name="test_remove_device" time="0.076" /><testcase classname="tests.test_notifications_posts.TestNotificationHistory" name="test_get_history_requires_auth" time="0.081" /><testcase classname="tests.test_notifications_posts.TestNotificationHistory" name="test_get_my_history" time="0.337" /><testcase classname="tests.test_notifications_posts.TestNotificationHistory" name="test_get_admin_logs" time="0.036" /><testcase classname="tests.test_notifications_posts.TestTemplates" name="test_get_templates" time="0.297" /><testcase classname="tests.test_notifications_posts.TestCleanup" name="test_delete_test_category" time="0.300" /><testcase classname="tests.test_notifications_posts.TestCleanup" name="test_delete_test_post" time="0.037" /></testsuite></testsuites>