<?xml version="1.0" encoding="utf-8"?><testsuites name="pytest tests"><testsuite name="pytest" errors="0" failures="2" skipped="5" tests="10" time="145.489" timestamp="2026-02-14T03:14:33.017049+00:00" hostname="agent-env-7756acb6-ad66-4a26-ba81-a23e956630b9"><testcase classname="backend.tests.test_showcase_defaults.TestShowcaseDefaults" name="test_health_check" time="60.346"><failure message="assert 520 == 200&#10; +  where 520 = &lt;Response [520]&gt;.status_code">backend/tests/test_showcase_defaults.py:41: in test_health_check
    assert response.status_code == 200
E   assert 520 == 200
E    +  where 520 = &lt;Response [520]&gt;.status_code</failure></testcase><testcase classname="backend.tests.test_showcase_defaults.TestShowcaseDefaults" name="test_get_banners_returns_seeded_defaults" time="62.100"><failure message="assert 520 == 200&#10; +  where 520 = &lt;Response [520]&gt;.status_code">backend/tests/test_showcase_defaults.py:49: in test_get_banners_returns_seeded_defaults
    assert response.status_code == 200
E   assert 520 == 200
E    +  where 520 = &lt;Response [520]&gt;.status_code</failure></testcase><testcase classname="backend.tests.test_showcase_defaults.TestShowcaseDefaults" name="test_get_media_player_returns_seeded_defaults" time="22.129" /><testcase classname="backend.tests.test_showcase_defaults.TestShowcaseDefaults" name="test_banner_admin_create_still_works" time="0.315"><skipped type="pytest.skip" message="Admin authentication failed">/app/backend/tests/test_showcase_defaults.py:89: Admin authentication failed</skipped></testcase><testcase classname="backend.tests.test_showcase_defaults.TestShowcaseDefaults" name="test_banner_admin_delete_still_works" time="0.000"><skipped type="pytest.skip" message="Admin authentication failed">/app/backend/tests/test_showcase_defaults.py:119: Admin authentication failed</skipped></testcase><testcase classname="backend.tests.test_showcase_defaults.TestShowcaseDefaults" name="test_media_player_add_item_still_works" time="0.000"><skipped type="pytest.skip" message="Admin authentication failed">/app/backend/tests/test_showcase_defaults.py:148: Admin authentication failed</skipped></testcase><testcase classname="backend.tests.test_showcase_defaults.TestShowcaseDefaults" name="test_media_player_delete_item_still_works" time="0.000"><skipped type="pytest.skip" message="Admin authentication failed">/app/backend/tests/test_showcase_defaults.py:174: Admin authentication failed</skipped></testcase><testcase classname="backend.tests.test_showcase_defaults.TestShowcaseDefaults" name="test_banners_not_empty_after_seed" time="0.117" /><testcase classname="backend.tests.test_showcase_defaults.TestShowcaseDefaults" name="test_media_player_items_not_empty_after_seed" time="0.143" /><testcase classname="backend.tests.test_showcase_defaults.TestCleanupTestData" name="test_cleanup_test_banners" time="0.245"><skipped type="pytest.skip" message="Admin authentication failed">/app/backend/tests/test_showcase_defaults.py:246: Admin authentication failed</skipped></testcase></testsuite></testsuites>