<?xml version="1.0" encoding="utf-8"?><testsuites name="pytest tests"><testsuite name="pytest" errors="0" failures="1" skipped="1" tests="15" time="31.046" timestamp="2026-02-20T01:24:03.891486+00:00" hostname="agent-env-8083145f-0219-4a1d-9009-6ef7bf4713f8"><testcase classname="backend.tests.test_textbook_order_bugfix.TestTextbookOrderBugFix" name="test_health_check" time="29.941" /><testcase classname="backend.tests.test_textbook_order_bugfix.TestTextbookOrderBugFix" name="test_submit_endpoint_exists" time="0.609"><failure message="AssertionError: Unexpected status: 401, body: {&quot;detail&quot;:&quot;Invalid token&quot;}&#10;assert 401 in [400, 404]&#10; +  where 401 = &lt;Response [401]&gt;.status_code">backend/tests/test_textbook_order_bugfix.py:55: in test_submit_endpoint_exists
    assert response.status_code in [400, 404], f"Unexpected status: {response.status_code}, body: {response.text}"
E   AssertionError: Unexpected status: 401, body: {"detail":"Invalid token"}
E   assert 401 in [400, 404]
E    +  where 401 = &lt;Response [401]&gt;.status_code</failure></testcase><testcase classname="backend.tests.test_textbook_order_bugfix.TestTextbookOrderBugFix" name="test_submit_endpoint_no_nameerror" time="0.123" /><testcase classname="backend.tests.test_textbook_order_bugfix.TestTextbookOrderBugFix" name="test_wallet_error_message_spanish" time="0.116" /><testcase classname="backend.tests.test_textbook_order_bugfix.TestTextbookOrderBugFix" name="test_submit_with_valid_structure" time="0.131"><skipped type="pytest.skip" message="Cannot get students list">/app/backend/tests/test_textbook_order_bugfix.py:115: Cannot get students list</skipped></testcase><testcase classname="backend.tests.test_textbook_order_bugfix.TestFrontendWalletRefresh" name="test_school_textbooks_view_has_wallet_refresh_before_submit" time="0.000" /><testcase classname="backend.tests.test_textbook_order_bugfix.TestFrontendWalletRefresh" name="test_school_textbooks_view_has_wallet_refresh_on_error" time="0.000" /><testcase classname="backend.tests.test_textbook_order_bugfix.TestFrontendWalletRefresh" name="test_school_textbooks_view_has_timeout" time="0.000" /><testcase classname="backend.tests.test_textbook_order_bugfix.TestFrontendWalletRefresh" name="test_textbook_order_view_has_wallet_refresh_before_submit" time="0.000" /><testcase classname="backend.tests.test_textbook_order_bugfix.TestFrontendWalletRefresh" name="test_textbook_order_view_has_wallet_refresh_on_error" time="0.000" /><testcase classname="backend.tests.test_textbook_order_bugfix.TestFrontendWalletRefresh" name="test_textbook_order_view_has_timeout" time="0.000" /><testcase classname="backend.tests.test_textbook_order_bugfix.TestBackendCodeFix" name="test_current_year_variable_used_not_year" time="0.000" /><testcase classname="backend.tests.test_textbook_order_bugfix.TestBackendCodeFix" name="test_step_8_wrapped_in_try_except" time="0.000" /><testcase classname="backend.tests.test_textbook_order_bugfix.TestBackendCodeFix" name="test_step_8b_wrapped_in_try_except" time="0.000" /><testcase classname="backend.tests.test_textbook_order_bugfix.TestBackendCodeFix" name="test_wallet_error_message_is_spanish" time="0.000" /></testsuite></testsuites>