<?xml version="1.0" encoding="utf-8"?><testsuites name="pytest tests"><testsuite name="pytest" errors="0" failures="0" skipped="3" tests="9" time="226.649" timestamp="2026-02-22T21:06:40.722118+00:00" hostname="agent-env-731e4732-2d81-4958-8ed8-6218b64b5950"><testcase classname="backend.tests.test_sysbook_catalog_rename.TestSysbookCatalogRename" name="test_new_sysbook_catalog_access_endpoint" time="60.142"><skipped type="pytest.skip" message="Admin login failed: 520">/app/backend/tests/test_sysbook_catalog_rename.py:29: Admin login failed: 520</skipped></testcase><testcase classname="backend.tests.test_sysbook_catalog_rename.TestSysbookCatalogRename" name="test_old_private_catalog_route_returns_404" time="60.258"><skipped type="pytest.skip" message="Admin login failed: 520">/app/backend/tests/test_sysbook_catalog_rename.py:41: Admin login failed: 520</skipped></testcase><testcase classname="backend.tests.test_sysbook_catalog_rename.TestSysbookCatalogRename" name="test_stock_orders_inventory_counts_field" time="60.161"><skipped type="pytest.skip" message="Admin login failed: 520">/app/backend/tests/test_sysbook_catalog_rename.py:50: Admin login failed: 520</skipped></testcase><testcase classname="backend.tests.test_sysbook_catalog_rename.TestSysbookCatalogRename" name="test_sysbook_catalog_products_endpoint" time="43.538" /><testcase classname="backend.tests.test_sysbook_catalog_rename.TestSysbookCatalogRename" name="test_sysbook_catalog_admin_products" time="0.507" /><testcase classname="backend.tests.test_sysbook_catalog_rename.TestUnatiendaStatsEndpoint" name="test_unatienda_stats" time="0.488" /><testcase classname="backend.tests.test_sysbook_catalog_rename.TestSysbookInventoryEndpoint" name="test_sysbook_inventory_products" time="0.523" /><testcase classname="backend.tests.test_sysbook_catalog_rename.TestSysbookInventoryEndpoint" name="test_store_inventory_with_source_filter" time="0.598" /><testcase classname="backend.tests.test_sysbook_catalog_rename.TestAdminLogin" name="test_admin_login_success" time="0.367" /></testsuite></testsuites>