<?xml version="1.0" encoding="utf-8"?><testsuites name="pytest tests"><testsuite name="pytest" errors="0" failures="0" skipped="0" tests="15" time="0.824" timestamp="2026-01-09T23:02:41.412309+00:00" hostname="agent-env-2389c44d-d8d6-4afc-8369-04e3e3bcab9e"><testcase classname="tests.test_superpin_checkin.TestCheckInEndpoints" name="test_get_available_players_endpoint" time="0.082" /><testcase classname="tests.test_superpin_checkin.TestCheckInEndpoints" name="test_get_league_detail" time="0.039" /><testcase classname="tests.test_superpin_checkin.TestCheckInEndpoints" name="test_get_players_list" time="0.044" /><testcase classname="tests.test_superpin_checkin.TestCheckInEndpoints" name="test_checkin_manual_method" time="0.094" /><testcase classname="tests.test_superpin_checkin.TestCheckInEndpoints" name="test_checkout_endpoint" time="0.078" /><testcase classname="tests.test_superpin_checkin.TestCheckInEndpoints" name="test_checkin_qr_method" time="0.119" /><testcase classname="tests.test_superpin_checkin.TestCheckInEndpoints" name="test_checkin_geolocation_without_coords" time="0.077" /><testcase classname="tests.test_superpin_checkin.TestCheckInEndpoints" name="test_checkin_geolocation_with_coords" time="0.076" /><testcase classname="tests.test_superpin_checkin.TestLeagueMatchesEndpoints" name="test_get_league_matches" time="0.040" /><testcase classname="tests.test_superpin_checkin.TestLeagueMatchesEndpoints" name="test_get_league_ranking" time="0.040" /><testcase classname="tests.test_superpin_checkin.TestI18nTranslations" name="test_es_translations_checkin" time="0.000" /><testcase classname="tests.test_superpin_checkin.TestI18nTranslations" name="test_en_translations_checkin" time="0.000" /><testcase classname="tests.test_superpin_checkin.TestI18nTranslations" name="test_zh_translations_checkin" time="0.000" /><testcase classname="tests.test_superpin_checkin.TestI18nTranslations" name="test_superpin_match_translations" time="0.000" /><testcase classname="tests.test_superpin_checkin.TestI18nTranslations" name="test_superpin_league_detail_translations" time="0.000" /></testsuite></testsuites>