<?xml version="1.0" encoding="utf-8"?><testsuites name="pytest tests"><testsuite name="pytest" errors="0" failures="0" skipped="0" tests="20" time="3.365" timestamp="2026-02-22T21:42:01.210596+00:00" hostname="agent-env-731e4732-2d81-4958-8ed8-6218b64b5950"><testcase classname="backend.tests.test_sysbook_route_migration.TestAuthEndpoint" name="test_admin_login" time="0.424" /><testcase classname="backend.tests.test_sysbook_route_migration.TestNewSysbookRoutes" name="test_browse_access" time="0.499" /><testcase classname="backend.tests.test_sysbook_route_migration.TestNewSysbookRoutes" name="test_access_my_students" time="0.121" /><testcase classname="backend.tests.test_sysbook_route_migration.TestNewSysbookRoutes" name="test_orders_my_orders" time="0.111" /><testcase classname="backend.tests.test_sysbook_route_migration.TestNewSysbookRoutes" name="test_presale_import_orders" time="0.123" /><testcase classname="backend.tests.test_sysbook_route_migration.TestNewSysbookRoutes" name="test_school_year_config" time="0.135" /><testcase classname="backend.tests.test_sysbook_route_migration.TestNewSysbookRoutes" name="test_bulk_import_history" time="0.157" /><testcase classname="backend.tests.test_sysbook_route_migration.TestNewSysbookRoutes" name="test_browse_products" time="0.130" /><testcase classname="backend.tests.test_sysbook_route_migration.TestNewSysbookRoutes" name="test_sysbook_inventory_products" time="0.133" /><testcase classname="backend.tests.test_sysbook_route_migration.TestOldRoutesRemoved" name="test_old_sysbook_catalog_access_404" time="0.148" /><testcase classname="backend.tests.test_sysbook_route_migration.TestOldRoutesRemoved" name="test_old_textbook_access_my_students_404" time="0.150" /><testcase classname="backend.tests.test_sysbook_route_migration.TestOldRoutesRemoved" name="test_old_textbook_orders_my_orders_404" time="0.107" /><testcase classname="backend.tests.test_sysbook_route_migration.TestOldRoutesRemoved" name="test_old_presale_import_orders_404" time="0.114" /><testcase classname="backend.tests.test_sysbook_route_migration.TestOldRoutesRemoved" name="test_old_school_year_config_404" time="0.143" /><testcase classname="backend.tests.test_sysbook_route_migration.TestOldRoutesRemoved" name="test_old_bulk_import_history_404" time="0.111" /><testcase classname="backend.tests.test_sysbook_route_migration.TestAccessConfig" name="test_access_config_no_auth" time="0.163" /><testcase classname="backend.tests.test_sysbook_route_migration.TestAdminStudentRoutes" name="test_admin_all_students" time="0.135" /><testcase classname="backend.tests.test_sysbook_route_migration.TestAdminStudentRoutes" name="test_admin_requests" time="0.114" /><testcase classname="backend.tests.test_sysbook_route_migration.TestAdminOrderRoutes" name="test_admin_all_orders" time="0.125" /><testcase classname="backend.tests.test_sysbook_route_migration.TestAdminOrderRoutes" name="test_admin_order_stats" time="0.139" /></testsuite></testsuites>