<?xml version="1.0" encoding="utf-8"?><testsuites name="pytest tests"><testsuite name="pytest" errors="0" failures="0" skipped="0" tests="17" time="3.653" timestamp="2026-02-13T04:04:45.313651+00:00" hostname="agent-env-9e182a75-ae28-4a70-9f94-ab59d245b843"><testcase classname="backend.tests.test_ticker_module.TestTickerPublicFeed" name="test_feed_returns_200" time="2.461" /><testcase classname="backend.tests.test_ticker_module.TestTickerPublicFeed" name="test_feed_structure" time="0.046" /><testcase classname="backend.tests.test_ticker_module.TestTickerPublicFeed" name="test_feed_config_has_style" time="0.046" /><testcase classname="backend.tests.test_ticker_module.TestTickerPublicFeed" name="test_feed_has_real_activities" time="0.044" /><testcase classname="backend.tests.test_ticker_module.TestTickerPublicFeed" name="test_feed_activity_types" time="0.046" /><testcase classname="backend.tests.test_ticker_module.TestTickerAdminConfig" name="test_get_config_returns_200" time="0.038" /><testcase classname="backend.tests.test_ticker_module.TestTickerAdminConfig" name="test_config_structure" time="0.043" /><testcase classname="backend.tests.test_ticker_module.TestTickerAdminConfig" name="test_config_activity_sources" time="0.041" /><testcase classname="backend.tests.test_ticker_module.TestTickerAdminConfig" name="test_config_style_settings" time="0.041" /><testcase classname="backend.tests.test_ticker_module.TestTickerAdminConfig" name="test_update_config_partial" time="0.126" /><testcase classname="backend.tests.test_ticker_module.TestTickerAdminConfig" name="test_update_config_deep_merge_style" time="0.114" /><testcase classname="backend.tests.test_ticker_module.TestTickerSponsorCRUD" name="test_create_sponsor" time="0.042" /><testcase classname="backend.tests.test_ticker_module.TestTickerSponsorCRUD" name="test_sponsor_appears_in_config" time="0.042" /><testcase classname="backend.tests.test_ticker_module.TestTickerSponsorCRUD" name="test_update_sponsor" time="0.073" /><testcase classname="backend.tests.test_ticker_module.TestTickerSponsorCRUD" name="test_update_nonexistent_sponsor_returns_404" time="0.042" /><testcase classname="backend.tests.test_ticker_module.TestTickerSponsorCRUD" name="test_delete_sponsor" time="0.079" /><testcase classname="backend.tests.test_ticker_module.TestTickerActivitySources" name="test_toggle_activity_source" time="0.167" /></testsuite></testsuites>