<?xml version="1.0" encoding="utf-8"?><testsuites name="pytest tests"><testsuite name="pytest" errors="0" failures="0" skipped="0" tests="18" time="1.979" timestamp="2026-01-10T17:27:48.580652+00:00" hostname="agent-env-83677c54-db95-4d4f-8c2f-040ce61f025d"><testcase classname="tests.test_seed_demo.TestSeedDemoEndpoints" name="test_demo_stats_endpoint_accessible" time="0.073" /><testcase classname="tests.test_seed_demo.TestSeedDemoEndpoints" name="test_demo_stats_returns_correct_structure" time="0.045" /><testcase classname="tests.test_seed_demo.TestSeedDemoEndpoints" name="test_demo_stats_has_seeded_data" time="0.045" /><testcase classname="tests.test_seed_demo.TestSeedDemoEndpoints" name="test_seed_demo_data_requires_auth" time="0.038" /><testcase classname="tests.test_seed_demo.TestSeedDemoEndpoints" name="test_seed_demo_data_with_admin_auth" time="0.342" /><testcase classname="tests.test_seed_demo.TestSeedDemoEndpoints" name="test_seed_demo_data_creates_pinpanclub_data" time="0.132" /><testcase classname="tests.test_seed_demo.TestSeedDemoEndpoints" name="test_delete_demo_data_requires_auth" time="0.045" /><testcase classname="tests.test_seed_demo.TestSeedDemoEndpoints" name="test_activity_feed_accessible" time="0.065" /><testcase classname="tests.test_seed_demo.TestSeedDemoEndpoints" name="test_activity_feed_returns_matches" time="0.072" /><testcase classname="tests.test_seed_demo.TestSeedDemoEndpoints" name="test_activity_feed_returns_leaderboard" time="0.070" /><testcase classname="tests.test_seed_demo.TestSeedDemoEndpoints" name="test_activity_feed_returns_challenges" time="0.057" /><testcase classname="tests.test_seed_demo.TestSeedDemoEndpoints" name="test_activity_feed_returns_achievements" time="0.058" /><testcase classname="tests.test_seed_demo.TestSeedDemoEndpoints" name="test_activity_feed_returns_stats" time="0.057" /><testcase classname="tests.test_seed_demo.TestSeedDemoEndpoints" name="test_activity_feed_returns_tournaments" time="0.057" /><testcase classname="tests.test_seed_demo.TestSeedDemoEndpoints" name="test_activity_feed_with_language_param" time="0.117" /><testcase classname="tests.test_seed_demo.TestSeedDemoEndpoints" name="test_activity_feed_with_limit_params" time="0.050" /><testcase classname="tests.test_seed_demo.TestSeedDemoIntegration" name="test_delete_demo_data_with_admin_auth" time="0.307" /><testcase classname="tests.test_seed_demo.TestSeedDemoIntegration" name="test_full_seed_workflow" time="0.255" /></testsuite></testsuites>