<?xml version="1.0" encoding="utf-8"?><testsuites name="pytest tests"><testsuite name="pytest" errors="0" failures="3" skipped="0" tests="14" time="7.262" timestamp="2026-02-25T00:41:58.135532+00:00" hostname="agent-env-7e8611ff-f183-46e6-b40d-fa0e26372e51"><testcase classname="backend.tests.test_print_module.TestPrintConfig" name="test_get_format_config_returns_default" time="0.508" /><testcase classname="backend.tests.test_print_module.TestPrintConfig" name="test_get_format_config_requires_auth" time="0.462"><failure message="AssertionError: Expected 401/403 without auth, got 200&#10;assert 200 in [401, 403]&#10; +  where 200 = &lt;Response [200]&gt;.status_code">backend/tests/test_print_module.py:74: in test_get_format_config_requires_auth
    assert res.status_code in [401, 403], f"Expected 401/403 without auth, got {res.status_code}"
E   AssertionError: Expected 401/403 without auth, got 200
E   assert 200 in [401, 403]
E    +  where 200 = &lt;Response [200]&gt;.status_code</failure></testcase><testcase classname="backend.tests.test_print_module.TestPrintConfig" name="test_put_format_config_saves_format" time="1.058" /><testcase classname="backend.tests.test_print_module.TestPrintConfig" name="test_get_printer_config_returns_default" time="0.498" /><testcase classname="backend.tests.test_print_module.TestPrintConfig" name="test_get_printer_config_requires_auth" time="0.513"><failure message="AssertionError: Expected 401/403 without auth, got 200&#10;assert 200 in [401, 403]&#10; +  where 200 = &lt;Response [200]&gt;.status_code">backend/tests/test_print_module.py:125: in test_get_printer_config_requires_auth
    assert res.status_code in [401, 403], f"Expected 401/403 without auth, got {res.status_code}"
E   AssertionError: Expected 401/403 without auth, got 200
E   assert 200 in [401, 403]
E    +  where 200 = &lt;Response [200]&gt;.status_code</failure></testcase><testcase classname="backend.tests.test_print_module.TestPrintConfig" name="test_put_printer_config_saves_printer" time="0.653" /><testcase classname="backend.tests.test_print_module.TestPrintJobs" name="test_create_print_job_with_valid_orders" time="0.670" /><testcase classname="backend.tests.test_print_module.TestPrintJobs" name="test_create_print_job_requires_order_ids" time="0.620" /><testcase classname="backend.tests.test_print_module.TestPrintJobs" name="test_create_print_job_returns_404_for_invalid_orders" time="0.626" /><testcase classname="backend.tests.test_print_module.TestPrintJobs" name="test_create_print_job_requires_auth" time="0.707"><failure message="AssertionError: Expected 401/403 without auth, got 404&#10;assert 404 in [401, 403]&#10; +  where 404 = &lt;Response [404]&gt;.status_code">backend/tests/test_print_module.py:229: in test_create_print_job_requires_auth
    assert res.status_code in [401, 403], f"Expected 401/403 without auth, got {res.status_code}"
E   AssertionError: Expected 401/403 without auth, got 404
E   assert 404 in [401, 403]
E    +  where 404 = &lt;Response [404]&gt;.status_code</failure></testcase><testcase classname="backend.tests.test_print_module.TestMondayTrigger" name="test_monday_trigger_challenge_verification" time="0.135" /><testcase classname="backend.tests.test_print_module.TestMondayTrigger" name="test_monday_trigger_with_item_id" time="0.111" /><testcase classname="backend.tests.test_print_module.TestMondayTrigger" name="test_monday_trigger_no_item_id_returns_400" time="0.120" /><testcase classname="backend.tests.test_print_module.TestPrintJobRetrieval" name="test_get_print_job_not_found" time="0.491" /></testsuite></testsuites>