<?xml version="1.0" encoding="utf-8"?><testsuites name="pytest tests"><testsuite name="pytest" errors="0" failures="0" skipped="0" tests="9" time="1.987" timestamp="2026-02-07T06:37:04.160558+00:00" hostname="agent-env-8729a01d-30d2-43da-b834-a8cb3481d524"><testcase classname="backend.tests.test_module_status_ui_style.TestPublicEndpoints" name="test_public_module_status_returns_default_statuses" time="0.108" /><testcase classname="backend.tests.test_module_status_ui_style.TestPublicEndpoints" name="test_public_ui_style_returns_default_style" time="0.038" /><testcase classname="backend.tests.test_module_status_ui_style.TestAdminLogin" name="test_admin_login_success" time="0.264" /><testcase classname="backend.tests.test_module_status_ui_style.TestAdminModuleStatus" name="test_admin_module_status_requires_auth" time="0.038" /><testcase classname="backend.tests.test_module_status_ui_style.TestAdminModuleStatus" name="test_admin_get_module_status_with_auth" time="0.305" /><testcase classname="backend.tests.test_module_status_ui_style.TestAdminModuleStatus" name="test_admin_update_module_status" time="0.399" /><testcase classname="backend.tests.test_module_status_ui_style.TestAdminUIStyle" name="test_admin_ui_style_requires_auth" time="0.033" /><testcase classname="backend.tests.test_module_status_ui_style.TestAdminUIStyle" name="test_admin_get_ui_style_with_auth" time="0.296" /><testcase classname="backend.tests.test_module_status_ui_style.TestAdminUIStyle" name="test_admin_update_ui_style" time="0.398" /></testsuite></testsuites>