<?xml version="1.0" encoding="utf-8"?><testsuites name="pytest tests"><testsuite name="pytest" errors="0" failures="0" skipped="1" tests="12" time="2.072" timestamp="2026-02-18T22:35:58.720925+00:00" hostname="agent-env-66e42301-b726-4167-a46d-e6534d91f723"><testcase classname="backend.tests.test_data_cleanup.TestCleanupStudentsList" name="test_get_students_returns_list" time="0.605" /><testcase classname="backend.tests.test_data_cleanup.TestCleanupStudentsList" name="test_students_have_required_fields" time="0.068" /><testcase classname="backend.tests.test_data_cleanup.TestCleanupStudentsList" name="test_students_endpoint_requires_auth" time="0.256" /><testcase classname="backend.tests.test_data_cleanup.TestCleanupPreview" name="test_preview_with_student_ids" time="0.145" /><testcase classname="backend.tests.test_data_cleanup.TestCleanupPreview" name="test_preview_includes_sample_orders" time="0.134" /><testcase classname="backend.tests.test_data_cleanup.TestCleanupPreview" name="test_preview_requires_auth" time="0.193" /><testcase classname="backend.tests.test_data_cleanup.TestCleanupExecute" name="test_execute_without_filters_returns_400" time="0.087" /><testcase classname="backend.tests.test_data_cleanup.TestCleanupExecute" name="test_execute_with_empty_student_ids_returns_400" time="0.105" /><testcase classname="backend.tests.test_data_cleanup.TestCleanupExecute" name="test_execute_requires_auth" time="0.147" /><testcase classname="backend.tests.test_data_cleanup.TestCleanupExecute" name="test_execute_returns_deleted_counts" time="0.089"><skipped type="pytest.skip" message="Unable to create test order for cleanup testing">/app/backend/tests/test_data_cleanup.py:210: Unable to create test order for cleanup testing</skipped></testcase><testcase classname="backend.tests.test_data_cleanup.TestCleanupPreviewDemoOnly" name="test_preview_with_demo_only_flag" time="0.051" /><testcase classname="backend.tests.test_data_cleanup.TestCleanupEndpointStructure" name="test_preview_response_structure" time="0.117" /></testsuite></testsuites>