<?xml version="1.0" encoding="utf-8"?><testsuites name="pytest tests"><testsuite name="pytest" errors="0" failures="0" skipped="0" tests="13" time="2.954" timestamp="2026-02-22T22:22:08.000914+00:00" hostname="agent-env-f7c2d032-fac0-4c32-ac61-3420c23a82b1"><testcase classname="tests.test_data_manager.TestDataManagerStats" name="test_stats_returns_200" time="0.711" /><testcase classname="tests.test_data_manager.TestDataManagerStats" name="test_stats_returns_all_8_modules" time="0.156" /><testcase classname="tests.test_data_manager.TestDataManagerStats" name="test_stats_returns_collection_level_counts" time="0.136" /><testcase classname="tests.test_data_manager.TestDataManagerStats" name="test_stats_returns_meta_admin_count" time="0.178" /><testcase classname="tests.test_data_manager.TestDataManagerClear" name="test_clear_without_confirm_returns_400" time="0.216" /><testcase classname="tests.test_data_manager.TestDataManagerClear" name="test_clear_without_module_or_collections_returns_400" time="0.161" /><testcase classname="tests.test_data_manager.TestDataManagerClear" name="test_clear_with_invalid_module_returns_404" time="0.135" /><testcase classname="tests.test_data_manager.TestDataManagerClear" name="test_clear_collection_works_with_confirm_true" time="0.138" /><testcase classname="tests.test_data_manager.TestDataManagerAdminProtection" name="test_clear_auth_users_protects_admins" time="0.427" /><testcase classname="tests.test_data_manager.TestDataManagerSeedDemo" name="test_seed_demo_returns_success" time="0.216" /><testcase classname="tests.test_data_manager.TestDataManagerUnauthenticated" name="test_stats_requires_auth" time="0.159" /><testcase classname="tests.test_data_manager.TestDataManagerUnauthenticated" name="test_clear_requires_auth" time="0.130" /><testcase classname="tests.test_data_manager.TestDataManagerUnauthenticated" name="test_seed_demo_requires_auth" time="0.120" /></testsuite></testsuites>