<?xml version="1.0" encoding="utf-8"?><testsuites name="pytest tests"><testsuite name="pytest" errors="0" failures="0" skipped="0" tests="15" time="2.268" timestamp="2026-02-19T04:35:37.214204+00:00" hostname="agent-env-50a6dc0f-a013-46d7-80b1-83d7172efbf9"><testcase classname="backend.tests.test_realtime_websocket.TestWebSocketEndpoint" name="test_websocket_stats_endpoint" time="0.475" /><testcase classname="backend.tests.test_realtime_websocket.TestWebSocketEndpoint" name="test_websocket_rooms_endpoint" time="0.127" /><testcase classname="backend.tests.test_realtime_websocket.TestActivityFeedSettingsAPI" name="test_get_activity_feed_settings" time="0.123" /><testcase classname="backend.tests.test_realtime_websocket.TestActivityFeedSettingsAPI" name="test_update_activity_feed_settings" time="0.333" /><testcase classname="backend.tests.test_realtime_websocket.TestActivityFeedAPI" name="test_get_activity_feed_default" time="0.109" /><testcase classname="backend.tests.test_realtime_websocket.TestActivityFeedAPI" name="test_get_activity_feed_with_date_filter" time="0.142" /><testcase classname="backend.tests.test_realtime_websocket.TestActivityFeedAPI" name="test_get_activity_feed_with_event_type_filter" time="0.108" /><testcase classname="backend.tests.test_realtime_websocket.TestTextbookAccessRealtimeIntegration" name="test_textbook_access_config" time="0.100" /><testcase classname="backend.tests.test_realtime_websocket.TestTextbookAccessRealtimeIntegration" name="test_admin_pending_requests" time="0.124" /><testcase classname="backend.tests.test_realtime_websocket.TestTextbookAccessRealtimeIntegration" name="test_admin_schools_endpoint" time="0.102" /><testcase classname="backend.tests.test_realtime_websocket.TestTextbookOrdersRealtimeIntegration" name="test_admin_all_orders" time="0.121" /><testcase classname="backend.tests.test_realtime_websocket.TestTextbookOrdersRealtimeIntegration" name="test_admin_order_stats" time="0.111" /><testcase classname="backend.tests.test_realtime_websocket.TestTextbookOrdersRealtimeIntegration" name="test_admin_pending_reorders" time="0.124" /><testcase classname="backend.tests.test_realtime_websocket.TestRealtimeEventsModule" name="test_events_module_imports" time="0.000" /><testcase classname="backend.tests.test_realtime_websocket.TestRealtimeEventsModule" name="test_websocket_manager_stats" time="0.104" /></testsuite></testsuites>