<?xml version="1.0" encoding="utf-8"?><testsuites name="pytest tests"><testsuite name="pytest" errors="0" failures="0" skipped="0" tests="12" time="2.413" timestamp="2026-02-06T20:22:23.610465+00:00" hostname="agent-env-935d6a7b-f95a-4e39-8d1a-253813b0477e"><testcase classname="backend.tests.test_textbook_orders.TestAuthentication" name="test_client_login_success" time="0.314" /><testcase classname="backend.tests.test_textbook_orders.TestAuthentication" name="test_admin_login_success" time="0.259" /><testcase classname="backend.tests.test_textbook_orders.TestAuthentication" name="test_login_invalid_credentials" time="0.040" /><testcase classname="backend.tests.test_textbook_orders.TestPrivateCatalogAccess" name="test_private_catalog_access" time="0.305" /><testcase classname="backend.tests.test_textbook_orders.TestPrivateCatalogAccess" name="test_private_catalog_requires_auth" time="0.034" /><testcase classname="backend.tests.test_textbook_orders.TestTextbooksByGrade" name="test_get_textbooks_grade_3" time="0.295" /><testcase classname="backend.tests.test_textbook_orders.TestTextbooksByGrade" name="test_get_textbooks_grade_5" time="0.298" /><testcase classname="backend.tests.test_textbook_orders.TestTextbooksByGrade" name="test_textbooks_by_grade_requires_auth" time="0.032" /><testcase classname="backend.tests.test_textbook_orders.TestStoreEndpoints" name="test_store_products_endpoint" time="0.037" /><testcase classname="backend.tests.test_textbook_orders.TestStoreEndpoints" name="test_store_categories_endpoint" time="0.037" /><testcase classname="backend.tests.test_textbook_orders.TestAdminEndpoints" name="test_admin_sidebar_visibility" time="0.295" /><testcase classname="backend.tests.test_textbook_orders.TestAdminEndpoints" name="test_admin_stats_endpoint" time="0.337" /></testsuite></testsuites>