<?xml version="1.0" encoding="utf-8"?><testsuites name="pytest tests"><testsuite name="pytest" errors="0" failures="0" skipped="0" tests="24" time="24.458" timestamp="2026-02-19T05:00:46.260068+00:00" hostname="agent-env-50a6dc0f-a013-46d7-80b1-83d7172efbf9"><testcase classname="backend.tests.test_tts_notifications.TestTTSSettings" name="test_get_tts_settings_returns_defaults" time="2.502" /><testcase classname="backend.tests.test_tts_notifications.TestTTSSettings" name="test_get_tts_settings_requires_auth" time="0.136" /><testcase classname="backend.tests.test_tts_notifications.TestTTSSettings" name="test_update_tts_settings_voice" time="0.497" /><testcase classname="backend.tests.test_tts_notifications.TestTTSSettings" name="test_update_tts_settings_language" time="0.342" /><testcase classname="backend.tests.test_tts_notifications.TestTTSSettings" name="test_update_tts_settings_speed" time="0.352" /><testcase classname="backend.tests.test_tts_notifications.TestTTSSettings" name="test_update_tts_settings_volume" time="0.328" /><testcase classname="backend.tests.test_tts_notifications.TestTTSSettings" name="test_update_tts_settings_enabled" time="0.346" /><testcase classname="backend.tests.test_tts_notifications.TestTTSSettings" name="test_update_tts_settings_enabled_events" time="0.310" /><testcase classname="backend.tests.test_tts_notifications.TestTTSSpeak" name="test_tts_speak_generates_audio" time="2.390" /><testcase classname="backend.tests.test_tts_notifications.TestTTSSpeak" name="test_tts_speak_with_custom_voice" time="1.107" /><testcase classname="backend.tests.test_tts_notifications.TestTTSSpeak" name="test_tts_speak_with_custom_speed" time="0.985" /><testcase classname="backend.tests.test_tts_notifications.TestTTSSpeak" name="test_tts_speak_spanish_text" time="2.344" /><testcase classname="backend.tests.test_tts_notifications.TestTTSSpeak" name="test_tts_speak_requires_text" time="0.111" /><testcase classname="backend.tests.test_tts_notifications.TestTTSSpeak" name="test_tts_speak_requires_auth" time="0.115" /><testcase classname="backend.tests.test_tts_notifications.TestTTSSpeak" name="test_tts_caching_same_text" time="1.420" /><testcase classname="backend.tests.test_tts_notifications.TestTTSVoices" name="test_tts_voice_options[nova]" time="1.815" /><testcase classname="backend.tests.test_tts_notifications.TestTTSVoices" name="test_tts_voice_options[coral]" time="1.132" /><testcase classname="backend.tests.test_tts_notifications.TestTTSVoices" name="test_tts_voice_options[alloy]" time="0.155" /><testcase classname="backend.tests.test_tts_notifications.TestTTSVoices" name="test_tts_voice_options[shimmer]" time="1.290" /><testcase classname="backend.tests.test_tts_notifications.TestTTSVoices" name="test_tts_voice_options[echo]" time="1.522" /><testcase classname="backend.tests.test_tts_notifications.TestTTSVoices" name="test_tts_voice_options[onyx]" time="1.300" /><testcase classname="backend.tests.test_tts_notifications.TestTTSVoices" name="test_tts_voice_options[fable]" time="1.299" /><testcase classname="backend.tests.test_tts_notifications.TestTTSVoices" name="test_tts_voice_options[sage]" time="0.970" /><testcase classname="backend.tests.test_tts_notifications.TestTTSVoices" name="test_tts_voice_options[ash]" time="1.597" /></testsuite></testsuites>