<?xml version="1.0" encoding="utf-8"?><testsuites name="pytest tests"><testsuite name="pytest" errors="0" failures="0" skipped="0" tests="12" time="8.758" timestamp="2026-02-17T18:17:23.342525+00:00" hostname="agent-env-84e9bebb-001c-45f9-b4ee-078ba9f71f78"><testcase classname="backend.tests.test_login_page_design.TestLoginPageDesignConfig" name="test_public_site_config_returns_login_design_fields" time="0.704" /><testcase classname="backend.tests.test_login_page_design.TestLoginPageDesignConfig" name="test_admin_site_config_returns_login_design_fields" time="0.585" /><testcase classname="backend.tests.test_login_page_design.TestLoginPageDesignConfig" name="test_admin_site_config_requires_auth" time="0.523" /><testcase classname="backend.tests.test_login_page_design.TestLoginPageDesignConfig" name="test_update_login_layout_split" time="0.724" /><testcase classname="backend.tests.test_login_page_design.TestLoginPageDesignConfig" name="test_update_login_layout_centered" time="0.730" /><testcase classname="backend.tests.test_login_page_design.TestLoginPageDesignConfig" name="test_update_login_layout_fullscreen" time="0.848" /><testcase classname="backend.tests.test_login_page_design.TestLoginPageDesignConfig" name="test_update_login_logo_size" time="1.268" /><testcase classname="backend.tests.test_login_page_design.TestLoginPageDesignConfig" name="test_update_login_heading_and_subtext" time="0.648" /><testcase classname="backend.tests.test_login_page_design.TestLoginPageDesignConfig" name="test_update_login_bg_overlay_settings" time="0.637" /><testcase classname="backend.tests.test_login_page_design.TestLoginPageDesignConfig" name="test_update_login_bg_image" time="0.809" /><testcase classname="backend.tests.test_login_page_design.TestLoginPageDesignConfig" name="test_update_site_config_requires_auth" time="0.500" /><testcase classname="backend.tests.test_login_page_design.TestLoginPageDesignCleanup" name="test_reset_to_defaults" time="0.671" /></testsuite></testsuites>