<?xml version="1.0" encoding="utf-8"?><testsuites name="pytest tests"><testsuite name="pytest" errors="0" failures="0" skipped="0" tests="14" time="1.108" timestamp="2026-02-20T13:14:55.017042+00:00" hostname="agent-env-8083145f-0219-4a1d-9009-6ef7bf4713f8"><testcase classname="tests.test_access_request_push_notifications.TestPushNotificationCodeVerification" name="test_events_has_send_push_to_admins_function" time="0.001" /><testcase classname="tests.test_access_request_push_notifications.TestPushNotificationCodeVerification" name="test_events_has_send_push_to_user_function" time="0.000" /><testcase classname="tests.test_access_request_push_notifications.TestPushNotificationCodeVerification" name="test_emit_access_request_created_calls_push" time="0.000" /><testcase classname="tests.test_access_request_push_notifications.TestPushNotificationCodeVerification" name="test_emit_access_request_updated_calls_push" time="0.000" /><testcase classname="tests.test_access_request_push_notifications.TestPushNotificationCodeVerification" name="test_push_helper_functions_have_error_handling" time="0.000" /><testcase classname="tests.test_access_request_push_notifications.TestPushNotificationCodeVerification" name="test_push_category_is_student_access" time="0.000" /><testcase classname="tests.test_access_request_push_notifications.TestPushNotificationCodeVerification" name="test_push_service_exists_with_required_methods" time="0.000" /><testcase classname="tests.test_access_request_push_notifications.TestBackendAPIEndpoints" name="test_backend_health" time="0.005" /><testcase classname="tests.test_access_request_push_notifications.TestBackendAPIEndpoints" name="test_admin_login" time="0.226" /><testcase classname="tests.test_access_request_push_notifications.TestBackendAPIEndpoints" name="test_textbook_access_admin_endpoint" time="0.280" /><testcase classname="tests.test_access_request_push_notifications.TestBackendAPIEndpoints" name="test_notifications_config_endpoint" time="0.270" /><testcase classname="tests.test_access_request_push_notifications.TestBackendAPIEndpoints" name="test_notifications_categories_endpoint" time="0.271" /><testcase classname="tests.test_access_request_push_notifications.TestEventsModuleImport" name="test_events_module_imports" time="0.000" /><testcase classname="tests.test_access_request_push_notifications.TestEventsModuleImport" name="test_push_service_module_imports" time="0.000" /></testsuite></testsuites>