<?xml version="1.0" encoding="utf-8"?><testsuites name="pytest tests"><testsuite name="pytest" errors="0" failures="0" skipped="0" tests="13" time="11.378" timestamp="2026-02-14T19:34:44.904296+00:00" hostname="agent-env-bd162be3-c2b3-41c1-bfaf-aaa53c07e9bb"><testcase classname="backend.tests.test_telegram_album_containers.TestTelegramFeedPublicAPIs" name="test_public_recent_posts" time="2.791" /><testcase classname="backend.tests.test_telegram_album_containers.TestTelegramFeedPublicAPIs" name="test_public_recent_album_grouping" time="0.120" /><testcase classname="backend.tests.test_telegram_album_containers.TestTelegramFeedPublicAPIs" name="test_public_containers_endpoint" time="0.128" /><testcase classname="backend.tests.test_telegram_album_containers.TestTelegramFeedAdminAPIs" name="test_admin_list_containers" time="0.634" /><testcase classname="backend.tests.test_telegram_album_containers.TestTelegramFeedAdminAPIs" name="test_admin_create_container" time="0.541" /><testcase classname="backend.tests.test_telegram_album_containers.TestTelegramFeedAdminAPIs" name="test_admin_update_container" time="0.861" /><testcase classname="backend.tests.test_telegram_album_containers.TestTelegramFeedAdminAPIs" name="test_admin_delete_container" time="0.845" /><testcase classname="backend.tests.test_telegram_album_containers.TestTelegramFeedAdminAPIs" name="test_admin_delete_nonexistent_container" time="0.496" /><testcase classname="backend.tests.test_telegram_album_containers.TestTelegramFeedAdminAPIs" name="test_admin_container_crud_no_auth" time="1.020" /><testcase classname="backend.tests.test_telegram_album_containers.TestTelegramFeedContainerConfig" name="test_container_all_config_fields" time="0.572" /><testcase classname="backend.tests.test_telegram_album_containers.TestTelegramFeedContainerConfig" name="test_container_card_styles" time="1.192" /><testcase classname="backend.tests.test_telegram_album_containers.TestTelegramFeedContainerConfig" name="test_container_border_radius_options" time="1.450" /><testcase classname="backend.tests.test_telegram_album_containers.TestCleanupTestContainers" name="test_cleanup_test_containers" time="0.596" /></testsuite></testsuites>