<?xml version="1.0" encoding="utf-8"?><testsuites name="pytest tests"><testsuite name="pytest" errors="0" failures="0" skipped="0" tests="9" time="40.972" timestamp="2026-02-15T21:58:30.824192+00:00" hostname="agent-env-dc3a6e45-0aef-4ca9-b793-eac57b611773"><testcase classname="backend.tests.test_new_animations_v2.TestNewAnimationTypes" name="test_public_icon_statuses_endpoint" time="35.202" /><testcase classname="backend.tests.test_new_animations_v2.TestNewAnimationTypes" name="test_admin_icon_statuses_returns_defaults" time="0.538" /><testcase classname="backend.tests.test_new_animations_v2.TestNewAnimationTypes" name="test_new_animation_types_have_correct_labels" time="0.569" /><testcase classname="backend.tests.test_new_animations_v2.TestNewAnimationTypes" name="test_save_status_with_lottie_url" time="0.934" /><testcase classname="backend.tests.test_new_animations_v2.TestNewAnimationTypes" name="test_save_status_with_coding_scene" time="1.575" /><testcase classname="backend.tests.test_new_animations_v2.TestNewAnimationTypes" name="test_save_status_with_building_progress" time="0.813" /><testcase classname="backend.tests.test_new_animations_v2.TestLayoutIconsWithNewAnimations" name="test_get_layout_icons" time="0.153" /><testcase classname="backend.tests.test_new_animations_v2.TestLayoutIconsWithNewAnimations" name="test_update_layout_icon_with_coding_scene_animation" time="0.600" /><testcase classname="backend.tests.test_new_animations_v2.TestExistingIconStatusesPresent" name="test_existing_default_statuses" time="0.476" /></testsuite></testsuites>