<?xml version="1.0" encoding="utf-8"?><testsuites name="pytest tests"><testsuite name="pytest" errors="0" failures="0" skipped="1" tests="26" time="4.326" timestamp="2026-02-25T17:40:34.104826+00:00" hostname="agent-env-4f77e924-19d0-4f8c-b56b-c6e8bf66fe70"><testcase classname="backend.tests.test_generic_archive_system.TestStudentArchive" name="test_archive_students_endpoint_exists" time="0.524" /><testcase classname="backend.tests.test_generic_archive_system.TestStudentArchive" name="test_get_archived_students" time="0.132" /><testcase classname="backend.tests.test_generic_archive_system.TestStudentArchive" name="test_get_student_counts" time="0.153" /><testcase classname="backend.tests.test_generic_archive_system.TestStudentArchive" name="test_restore_students_endpoint" time="0.120" /><testcase classname="backend.tests.test_generic_archive_system.TestStudentArchive" name="test_permanent_delete_students_endpoint" time="0.201" /><testcase classname="backend.tests.test_generic_archive_system.TestOrderArchive" name="test_archive_orders_endpoint_exists" time="0.209" /><testcase classname="backend.tests.test_generic_archive_system.TestOrderArchive" name="test_get_archived_orders" time="0.111" /><testcase classname="backend.tests.test_generic_archive_system.TestOrderArchive" name="test_get_order_counts" time="0.151" /><testcase classname="backend.tests.test_generic_archive_system.TestOrderArchive" name="test_restore_orders_endpoint" time="0.136" /><testcase classname="backend.tests.test_generic_archive_system.TestOrderArchive" name="test_permanent_delete_orders_endpoint" time="0.115" /><testcase classname="backend.tests.test_generic_archive_system.TestAlertsArchive" name="test_archive_alerts_endpoint_exists" time="0.159" /><testcase classname="backend.tests.test_generic_archive_system.TestAlertsArchive" name="test_get_archived_alerts" time="0.134" /><testcase classname="backend.tests.test_generic_archive_system.TestAlertsArchive" name="test_get_alert_counts" time="0.167" /><testcase classname="backend.tests.test_generic_archive_system.TestMovementsArchive" name="test_archive_movements_endpoint_exists" time="0.106" /><testcase classname="backend.tests.test_generic_archive_system.TestMovementsArchive" name="test_get_archived_movements" time="0.127" /><testcase classname="backend.tests.test_generic_archive_system.TestMovementsArchive" name="test_get_movement_counts" time="0.148" /><testcase classname="backend.tests.test_generic_archive_system.TestProductsArchive" name="test_archive_products_endpoint_exists" time="0.124" /><testcase classname="backend.tests.test_generic_archive_system.TestProductsArchive" name="test_get_archived_products" time="0.119" /><testcase classname="backend.tests.test_generic_archive_system.TestProductsArchive" name="test_get_product_counts" time="0.140" /><testcase classname="backend.tests.test_generic_archive_system.TestUnknownEntityType" name="test_unknown_entity_type_returns_400" time="0.131" /><testcase classname="backend.tests.test_generic_archive_system.TestFullArchiveWorkflow" name="test_student_archive_workflow" time="0.175"><skipped type="pytest.skip" message="Cannot create test student: {&quot;detail&quot;:&quot;Not Found&quot;}">/app/backend/tests/test_generic_archive_system.py:345: Cannot create test student: {"detail":"Not Found"}</skipped></testcase><testcase classname="backend.tests.test_generic_archive_system.TestFullArchiveWorkflow" name="test_permanent_delete_requires_archived_status" time="0.199" /><testcase classname="backend.tests.test_generic_archive_system.TestListingExclusion" name="test_students_listing_excludes_archived" time="0.228" /><testcase classname="backend.tests.test_generic_archive_system.TestListingExclusion" name="test_orders_listing_excludes_archived" time="0.133" /><testcase classname="backend.tests.test_generic_archive_system.TestListingExclusion" name="test_alerts_listing_excludes_archived" time="0.139" /><testcase classname="backend.tests.test_generic_archive_system.TestListingExclusion" name="test_stock_movements_listing_excludes_archived" time="0.159" /></testsuite></testsuites>