<?xml version="1.0" encoding="utf-8"?><testsuites name="pytest tests"><testsuite name="pytest" errors="0" failures="8" skipped="0" tests="15" time="9.000" timestamp="2026-02-14T21:42:41.580751+00:00" hostname="agent-env-5d487975-e708-4af9-8566-7314c9238a7d"><testcase classname="backend.tests.test_txb_create_item_webhook.TestTxbCreateItemWebhookEndpoints" name="test_config_includes_create_item_webhook_config_field" time="0.697"><failure message="AssertionError: Expected 200, got 401: {&quot;detail&quot;:&quot;Invalid token&quot;}&#10;assert 401 == 200&#10; +  where 401 = &lt;Response [401]&gt;.status_code">backend/tests/test_txb_create_item_webhook.py:41: in test_config_includes_create_item_webhook_config_field
    assert resp.status_code == 200, f"Expected 200, got {resp.status_code}: {resp.text}"
E   AssertionError: Expected 200, got 401: {"detail":"Invalid token"}
E   assert 401 == 200
E    +  where 401 = &lt;Response [401]&gt;.status_code</failure></testcase><testcase classname="backend.tests.test_txb_create_item_webhook.TestTxbCreateItemWebhookEndpoints" name="test_config_still_includes_existing_fields" time="0.494"><failure message="assert 401 == 200&#10; +  where 401 = &lt;Response [401]&gt;.status_code">backend/tests/test_txb_create_item_webhook.py:56: in test_config_still_includes_existing_fields
    assert resp.status_code == 200
E   assert 401 == 200
E    +  where 401 = &lt;Response [401]&gt;.status_code</failure></testcase><testcase classname="backend.tests.test_txb_create_item_webhook.TestTxbCreateItemWebhookEndpoints" name="test_webhook_challenge_still_works" time="0.564" /><testcase classname="backend.tests.test_txb_create_item_webhook.TestTxbCreateItemWebhookEndpoints" name="test_webhook_routes_create_item_event" time="0.916" /><testcase classname="backend.tests.test_txb_create_item_webhook.TestTxbCreateItemWebhookEndpoints" name="test_webhook_routes_change_column_value_event" time="0.934" /><testcase classname="backend.tests.test_txb_create_item_webhook.TestTxbCreateItemWebhookEndpoints" name="test_webhook_no_event" time="0.589" /><testcase classname="backend.tests.test_txb_create_item_webhook.TestTxbCreateItemWebhookEndpoints" name="test_register_create_item_webhook_endpoint_exists" time="0.482"><failure message="AssertionError: Expected 400 or 200, got 401: {&quot;detail&quot;:&quot;Invalid token&quot;}&#10;assert 401 in [400, 200]&#10; +  where 401 = &lt;Response [401]&gt;.status_code">backend/tests/test_txb_create_item_webhook.py:146: in test_register_create_item_webhook_endpoint_exists
    assert resp.status_code in [400, 200], f"Expected 400 or 200, got {resp.status_code}: {resp.text}"
E   AssertionError: Expected 400 or 200, got 401: {"detail":"Invalid token"}
E   assert 401 in [400, 200]
E    +  where 401 = &lt;Response [401]&gt;.status_code</failure></testcase><testcase classname="backend.tests.test_txb_create_item_webhook.TestTxbCreateItemWebhookEndpoints" name="test_register_create_item_webhook_requires_auth" time="0.584" /><testcase classname="backend.tests.test_txb_create_item_webhook.TestTxbCreateItemWebhookEndpoints" name="test_unregister_create_item_webhook_endpoint_exists" time="0.456"><failure message="AssertionError: Expected 200, got 401: {&quot;detail&quot;:&quot;Invalid token&quot;}&#10;assert 401 == 200&#10; +  where 401 = &lt;Response [401]&gt;.status_code">backend/tests/test_txb_create_item_webhook.py:169: in test_unregister_create_item_webhook_endpoint_exists
    assert resp.status_code == 200, f"Expected 200, got {resp.status_code}: {resp.text}"
E   AssertionError: Expected 200, got 401: {"detail":"Invalid token"}
E   assert 401 == 200
E    +  where 401 = &lt;Response [401]&gt;.status_code</failure></testcase><testcase classname="backend.tests.test_txb_create_item_webhook.TestTxbCreateItemWebhookEndpoints" name="test_unregister_create_item_webhook_requires_auth" time="0.445" /><testcase classname="backend.tests.test_txb_create_item_webhook.TestTxbCreateItemWebhookEndpoints" name="test_webhook_dedup_by_monday_item_id" time="0.835" /><testcase classname="backend.tests.test_txb_create_item_webhook.TestTxbCreateItemWebhookEndpoints" name="test_stock_webhook_register_still_works" time="0.436"><failure message="AssertionError: Expected 400 or 200, got 401&#10;assert 401 in [400, 200]&#10; +  where 401 = &lt;Response [401]&gt;.status_code">backend/tests/test_txb_create_item_webhook.py:214: in test_stock_webhook_register_still_works
    assert resp.status_code in [400, 200], f"Expected 400 or 200, got {resp.status_code}"
E   AssertionError: Expected 400 or 200, got 401
E   assert 401 in [400, 200]
E    +  where 401 = &lt;Response [401]&gt;.status_code</failure></testcase><testcase classname="backend.tests.test_txb_create_item_webhook.TestTxbCreateItemWebhookEndpoints" name="test_stock_webhook_unregister_still_works" time="0.466"><failure message="assert 401 == 200&#10; +  where 401 = &lt;Response [401]&gt;.status_code">backend/tests/test_txb_create_item_webhook.py:223: in test_stock_webhook_unregister_still_works
    assert resp.status_code == 200
E   assert 401 == 200
E    +  where 401 = &lt;Response [401]&gt;.status_code</failure></testcase><testcase classname="backend.tests.test_txb_create_item_webhook.TestSyncDashboardStillWorks" name="test_sync_dashboard_endpoint_works" time="0.550"><failure message="AssertionError: Sync dashboard failed: 401&#10;assert 401 == 200&#10; +  where 401 = &lt;Response [401]&gt;.status_code">backend/tests/test_txb_create_item_webhook.py:243: in test_sync_dashboard_endpoint_works
    assert resp.status_code == 200, f"Sync dashboard failed: {resp.status_code}"
E   AssertionError: Sync dashboard failed: 401
E   assert 401 == 200
E    +  where 401 = &lt;Response [401]&gt;.status_code</failure></testcase><testcase classname="backend.tests.test_txb_create_item_webhook.TestSyncDashboardStillWorks" name="test_txb_inventory_board_in_dashboard" time="0.436"><failure message="assert 401 == 200&#10; +  where 401 = &lt;Response [401]&gt;.status_code">backend/tests/test_txb_create_item_webhook.py:253: in test_txb_inventory_board_in_dashboard
    assert resp.status_code == 200
E   assert 401 == 200
E    +  where 401 = &lt;Response [401]&gt;.status_code</failure></testcase></testsuite></testsuites>