<?xml version="1.0" encoding="utf-8"?><testsuites name="pytest tests"><testsuite name="pytest" errors="0" failures="0" skipped="0" tests="18" time="3.429" timestamp="2026-02-10T19:34:56.459735+00:00" hostname="agent-env-2d4fad78-76a2-48f7-b0ef-dda716ddba58"><testcase classname="tests.test_wallet_payment_system.TestWalletBasicEndpoints" name="test_wallet_me_requires_auth" time="0.086" /><testcase classname="tests.test_wallet_payment_system.TestWalletBasicEndpoints" name="test_wallet_me_authenticated" time="0.324" /><testcase classname="tests.test_wallet_payment_system.TestWalletBasicEndpoints" name="test_wallet_config_public" time="0.037" /><testcase classname="tests.test_wallet_payment_system.TestAdminWalletEndpoints" name="test_admin_all_users_requires_admin" time="0.041" /><testcase classname="tests.test_wallet_payment_system.TestAdminWalletEndpoints" name="test_admin_all_users_returns_users" time="0.271" /><testcase classname="tests.test_wallet_payment_system.TestAdminWalletEndpoints" name="test_admin_adjust_requires_admin" time="0.037" /><testcase classname="tests.test_wallet_payment_system.TestAdminWalletEndpoints" name="test_admin_adjust_topup" time="0.292" /><testcase classname="tests.test_wallet_payment_system.TestAdminWalletEndpoints" name="test_admin_adjust_deduct" time="0.284" /><testcase classname="tests.test_wallet_payment_system.TestAdminWalletEndpoints" name="test_admin_adjust_invalid_action" time="0.286" /><testcase classname="tests.test_wallet_payment_system.TestAdminWalletEndpoints" name="test_admin_adjust_negative_amount" time="0.274" /><testcase classname="tests.test_wallet_payment_system.TestMondayWebhook" name="test_monday_webhook_challenge" time="0.033" /><testcase classname="tests.test_wallet_payment_system.TestMondayWebhook" name="test_monday_webhook_registered_boards" time="0.034" /><testcase classname="tests.test_wallet_payment_system.TestMondayWebhook" name="test_monday_webhook_unhandled_board" time="0.037" /><testcase classname="tests.test_wallet_payment_system.TestMondayWebhook" name="test_monday_webhook_wallet_topup_missing_email" time="0.373" /><testcase classname="tests.test_wallet_payment_system.TestTextbookOrderWalletPayment" name="test_submit_order_wallet_insufficient_balance" time="0.275" /><testcase classname="tests.test_wallet_payment_system.TestTextbookOrderWalletPayment" name="test_submit_order_endpoint_exists" time="0.033" /><testcase classname="tests.test_wallet_payment_system.TestWalletDataValidation" name="test_wallet_summary_structure" time="0.312" /><testcase classname="tests.test_wallet_payment_system.TestWalletDataValidation" name="test_wallet_transactions_endpoint" time="0.269" /></testsuite></testsuites>