<?xml version="1.0" encoding="utf-8"?><testsuites name="pytest tests"><testsuite name="pytest" errors="0" failures="0" skipped="0" tests="7" time="2.407" timestamp="2026-02-16T06:10:21.876901+00:00" hostname="agent-env-caa80300-2728-4b84-a85d-73779d25c1d7"><testcase classname="tests.test_stock_approval.TestStockApprovalFeature" name="test_txb_inventory_config_returns_stock_approval_column_id" time="0.474" /><testcase classname="tests.test_stock_approval.TestStockApprovalFeature" name="test_setup_stock_approval_creates_or_finds_column" time="0.637" /><testcase classname="tests.test_stock_approval.TestStockApprovalFeature" name="test_config_has_column_id_after_setup" time="0.740" /><testcase classname="tests.test_stock_approval.TestStockApprovalFeature" name="test_stock_orders_returns_catalog_counts" time="0.114" /><testcase classname="tests.test_stock_approval.TestStockApprovalFeature" name="test_stock_orders_list_includes_source_field" time="0.185" /><testcase classname="tests.test_stock_approval.TestStockApprovalFeature" name="test_stock_orders_endpoint_without_auth_fails" time="0.103" /><testcase classname="tests.test_stock_approval.TestStockApprovalFeature" name="test_setup_approval_without_auth_fails" time="0.103" /></testsuite></testsuites>