<?xml version="1.0" encoding="utf-8"?><testsuites name="pytest tests"><testsuite name="pytest" errors="0" failures="4" skipped="0" tests="14" time="7.451" timestamp="2026-02-25T00:40:59.626299+00:00" hostname="agent-env-7e8611ff-f183-46e6-b40d-fa0e26372e51"><testcase classname="backend.tests.test_print_module.TestPrintConfig" name="test_get_format_config_returns_default" time="0.647" /><testcase classname="backend.tests.test_print_module.TestPrintConfig" name="test_get_format_config_requires_auth" time="0.494"><failure message="AssertionError: Expected 401/403 without auth, got 200&#10;assert 200 in [401, 403]&#10; +  where 200 = &lt;Response [200]&gt;.status_code">backend/tests/test_print_module.py:74: in test_get_format_config_requires_auth
    assert res.status_code in [401, 403], f"Expected 401/403 without auth, got {res.status_code}"
E   AssertionError: Expected 401/403 without auth, got 200
E   assert 200 in [401, 403]
E    +  where 200 = &lt;Response [200]&gt;.status_code</failure></testcase><testcase classname="backend.tests.test_print_module.TestPrintConfig" name="test_put_format_config_saves_format" time="0.936" /><testcase classname="backend.tests.test_print_module.TestPrintConfig" name="test_get_printer_config_returns_default" time="0.580" /><testcase classname="backend.tests.test_print_module.TestPrintConfig" name="test_get_printer_config_requires_auth" time="0.519"><failure message="AssertionError: Expected 401/403 without auth, got 200&#10;assert 200 in [401, 403]&#10; +  where 200 = &lt;Response [200]&gt;.status_code">backend/tests/test_print_module.py:125: in test_get_printer_config_requires_auth
    assert res.status_code in [401, 403], f"Expected 401/403 without auth, got {res.status_code}"
E   AssertionError: Expected 401/403 without auth, got 200
E   assert 200 in [401, 403]
E    +  where 200 = &lt;Response [200]&gt;.status_code</failure></testcase><testcase classname="backend.tests.test_print_module.TestPrintConfig" name="test_put_printer_config_saves_printer" time="0.624" /><testcase classname="backend.tests.test_print_module.TestPrintJobs" name="test_create_print_job_with_valid_orders" time="0.618"><failure message="AssertionError: Expected 200, got 404: {&quot;detail&quot;:&quot;No orders found&quot;}&#10;assert 404 == 200&#10; +  where 404 = &lt;Response [404]&gt;.status_code">backend/tests/test_print_module.py:191: in test_create_print_job_with_valid_orders
    assert res.status_code == 200, f"Expected 200, got {res.status_code}: {res.text}"
E   AssertionError: Expected 200, got 404: {"detail":"No orders found"}
E   assert 404 == 200
E    +  where 404 = &lt;Response [404]&gt;.status_code</failure></testcase><testcase classname="backend.tests.test_print_module.TestPrintJobs" name="test_create_print_job_requires_order_ids" time="0.617" /><testcase classname="backend.tests.test_print_module.TestPrintJobs" name="test_create_print_job_returns_404_for_invalid_orders" time="0.707" /><testcase classname="backend.tests.test_print_module.TestPrintJobs" name="test_create_print_job_requires_auth" time="0.663"><failure message="AssertionError: Expected 401/403 without auth, got 404&#10;assert 404 in [401, 403]&#10; +  where 404 = &lt;Response [404]&gt;.status_code">backend/tests/test_print_module.py:229: in test_create_print_job_requires_auth
    assert res.status_code in [401, 403], f"Expected 401/403 without auth, got {res.status_code}"
E   AssertionError: Expected 401/403 without auth, got 404
E   assert 404 in [401, 403]
E    +  where 404 = &lt;Response [404]&gt;.status_code</failure></testcase><testcase classname="backend.tests.test_print_module.TestMondayTrigger" name="test_monday_trigger_challenge_verification" time="0.125" /><testcase classname="backend.tests.test_print_module.TestMondayTrigger" name="test_monday_trigger_with_item_id" time="0.126" /><testcase classname="backend.tests.test_print_module.TestMondayTrigger" name="test_monday_trigger_no_item_id_returns_400" time="0.135" /><testcase classname="backend.tests.test_print_module.TestPrintJobRetrieval" name="test_get_print_job_not_found" time="0.493" /></testsuite></testsuites>