<?xml version="1.0" encoding="utf-8"?><testsuites name="pytest tests"><testsuite name="pytest" errors="0" failures="0" skipped="0" tests="21" time="3.996" timestamp="2026-02-11T12:53:55.521946+00:00" hostname="agent-env-2d4fad78-76a2-48f7-b0ef-dda716ddba58"><testcase classname="backend.tests.test_community_telegram_feed.TestCommunityFeedPosts" name="test_posts_requires_auth" time="0.081" /><testcase classname="backend.tests.test_community_telegram_feed.TestCommunityFeedPosts" name="test_posts_returns_paginated_data" time="0.318" /><testcase classname="backend.tests.test_community_telegram_feed.TestCommunityFeedPosts" name="test_posts_structure" time="0.044" /><testcase classname="backend.tests.test_community_telegram_feed.TestCommunityFeedLikes" name="test_like_requires_auth" time="0.048" /><testcase classname="backend.tests.test_community_telegram_feed.TestCommunityFeedLikes" name="test_like_toggle_on" time="0.043" /><testcase classname="backend.tests.test_community_telegram_feed.TestCommunityFeedLikes" name="test_like_toggle_off" time="0.042" /><testcase classname="backend.tests.test_community_telegram_feed.TestCommunityFeedComments" name="test_get_comments_requires_auth" time="0.079" /><testcase classname="backend.tests.test_community_telegram_feed.TestCommunityFeedComments" name="test_get_comments_returns_list" time="0.043" /><testcase classname="backend.tests.test_community_telegram_feed.TestCommunityFeedComments" name="test_add_comment_requires_auth" time="0.039" /><testcase classname="backend.tests.test_community_telegram_feed.TestCommunityFeedComments" name="test_add_comment_success" time="0.082" /><testcase classname="backend.tests.test_community_telegram_feed.TestCommunityFeedComments" name="test_add_comment_empty_rejected" time="0.042" /><testcase classname="backend.tests.test_community_telegram_feed.TestCommunityFeedComments" name="test_verify_comment_persisted" time="0.039" /><testcase classname="backend.tests.test_community_telegram_feed.TestCommunityMediaProxy" name="test_media_invalid_file_id" time="0.400" /><testcase classname="backend.tests.test_community_telegram_feed.TestCommunityAdminSync" name="test_sync_requires_admin" time="0.041" /><testcase classname="backend.tests.test_community_telegram_feed.TestCommunityAdminSync" name="test_sync_success" time="1.417" /><testcase classname="backend.tests.test_community_telegram_feed.TestCommunityAdminConfig" name="test_get_config_requires_admin" time="0.036" /><testcase classname="backend.tests.test_community_telegram_feed.TestCommunityAdminConfig" name="test_get_config_success" time="0.418" /><testcase classname="backend.tests.test_community_telegram_feed.TestCommunityAdminConfig" name="test_update_config_requires_admin" time="0.040" /><testcase classname="backend.tests.test_community_telegram_feed.TestCommunityAdminConfig" name="test_update_config_success" time="0.473" /><testcase classname="backend.tests.test_community_telegram_feed.TestCommunityAdminStats" name="test_stats_requires_admin" time="0.037" /><testcase classname="backend.tests.test_community_telegram_feed.TestCommunityAdminStats" name="test_stats_returns_counts" time="0.038" /></testsuite></testsuites>