<?xml version="1.0" encoding="utf-8"?><testsuites name="pytest tests"><testsuite name="pytest" errors="0" failures="2" skipped="0" tests="20" time="6.036" timestamp="2026-01-11T22:27:21.217122+00:00" hostname="agent-env-89a2a230-f7b9-423a-9a67-d643f4de9299"><testcase classname="tests.test_bulk_import_vinculacion.TestBulkImportVinculacion" name="test_parse_tsv_success" time="0.319" /><testcase classname="tests.test_bulk_import_vinculacion.TestBulkImportVinculacion" name="test_parse_tsv_empty_text" time="0.312" /><testcase classname="tests.test_bulk_import_vinculacion.TestBulkImportVinculacion" name="test_preview_estudiantes_success" time="0.279" /><testcase classname="tests.test_bulk_import_vinculacion.TestBulkImportVinculacion" name="test_preview_estudiantes_with_grado_default" time="0.275"><failure message="assert 422 == 200&#10; +  where 422 = &lt;Response [422]&gt;.status_code">tests/test_bulk_import_vinculacion.py:164: in test_preview_estudiantes_with_grado_default
    assert response.status_code == 200
E   assert 422 == 200
E    +  where 422 = &lt;Response [422]&gt;.status_code</failure></testcase><testcase classname="tests.test_bulk_import_vinculacion.TestBulkImportVinculacion" name="test_import_estudiantes_success" time="0.268" /><testcase classname="tests.test_bulk_import_vinculacion.TestBulkImportVinculacion" name="test_get_estudiantes_importados" time="0.276" /><testcase classname="tests.test_bulk_import_vinculacion.TestBulkImportVinculacion" name="test_get_estudiantes_with_search" time="0.280" /><testcase classname="tests.test_bulk_import_vinculacion.TestBulkImportVinculacion" name="test_get_grados_disponibles" time="0.269" /><testcase classname="tests.test_bulk_import_vinculacion.TestBulkImportVinculacion" name="test_preview_libros_success" time="0.312" /><testcase classname="tests.test_bulk_import_vinculacion.TestBulkImportVinculacion" name="test_import_libros_success" time="0.267"><failure message="AssertionError: Expected 200, got 422: {&quot;detail&quot;:[{&quot;type&quot;:&quot;int_type&quot;,&quot;loc&quot;:[&quot;body&quot;,&quot;column_mapping&quot;,&quot;isbn&quot;],&quot;msg&quot;:&quot;Input should be a valid integer&quot;,&quot;input&quot;:null,&quot;url&quot;:&quot;https://errors.pydantic.dev/2.12/v/int_type&quot;},{&quot;type&quot;:&quot;int_type&quot;,&quot;loc&quot;:[&quot;body&quot;,&quot;column_mapping&quot;,&quot;grado&quot;],&quot;msg&quot;:&quot;Input should be a valid integer&quot;,&quot;input&quot;:null,&quot;url&quot;:&quot;https://errors.pydantic.dev/2.12/v/int_type&quot;},{&quot;type&quot;:&quot;int_type&quot;,&quot;loc&quot;:[&quot;body&quot;,&quot;column_mapping&quot;,&quot;materia&quot;],&quot;msg&quot;:&quot;Input should be a valid integer&quot;,&quot;input&quot;:null,&quot;url&quot;:&quot;https://errors.pydantic.dev/2.12/v/int_type&quot;}]}&#10;assert 422 == 200&#10; +  where 422 = &lt;Response [422]&gt;.status_code">tests/test_bulk_import_vinculacion.py:336: in test_import_libros_success
    assert response.status_code == 200, f"Expected 200, got {response.status_code}: {response.text}"
E   AssertionError: Expected 200, got 422: {"detail":[{"type":"int_type","loc":["body","column_mapping","isbn"],"msg":"Input should be a valid integer","input":null,"url":"https://errors.pydantic.dev/2.12/v/int_type"},{"type":"int_type","loc":["body","column_mapping","grado"],"msg":"Input should be a valid integer","input":null,"url":"https://errors.pydantic.dev/2.12/v/int_type"},{"type":"int_type","loc":["body","column_mapping","materia"],"msg":"Input should be a valid integer","input":null,"url":"https://errors.pydantic.dev/2.12/v/int_type"}]}
E   assert 422 == 200
E    +  where 422 = &lt;Response [422]&gt;.status_code</failure></testcase><testcase classname="tests.test_bulk_import_vinculacion.TestBulkImportVinculacion" name="test_get_import_history" time="0.267" /><testcase classname="tests.test_bulk_import_vinculacion.TestBulkImportVinculacion" name="test_get_import_history_filtered" time="0.267" /><testcase classname="tests.test_bulk_import_vinculacion.TestBulkImportVinculacion" name="test_buscar_estudiante_para_vincular" time="0.318" /><testcase classname="tests.test_bulk_import_vinculacion.TestBulkImportVinculacion" name="test_buscar_estudiante_not_found" time="0.314" /><testcase classname="tests.test_bulk_import_vinculacion.TestBulkImportVinculacion" name="test_solicitar_vinculacion" time="0.281" /><testcase classname="tests.test_bulk_import_vinculacion.TestBulkImportVinculacion" name="test_admin_get_solicitudes_pendientes" time="0.311" /><testcase classname="tests.test_bulk_import_vinculacion.TestBulkImportVinculacion" name="test_admin_get_todas_vinculaciones" time="0.270" /><testcase classname="tests.test_bulk_import_vinculacion.TestBulkImportVinculacion" name="test_admin_get_vinculaciones_filtered" time="0.266" /><testcase classname="tests.test_bulk_import_vinculacion.TestBulkImportVinculacion" name="test_bulk_import_requires_admin" time="0.306" /><testcase classname="tests.test_bulk_import_vinculacion.TestBulkImportVinculacion" name="test_vinculacion_requires_auth" time="0.335" /></testsuite></testsuites>