<?xml version="1.0" encoding="utf-8"?><testsuites name="pytest tests"><testsuite name="pytest" errors="0" failures="0" skipped="1" tests="21" time="3.092" timestamp="2026-01-11T22:46:14.520043+00:00" hostname="agent-env-89a2a230-f7b9-423a-9a67-d643f4de9299"><testcase classname="tests.test_pedidos_libros.TestPedidosAuth" name="test_preview_requires_auth" time="0.069" /><testcase classname="tests.test_pedidos_libros.TestPedidosAuth" name="test_crear_pedido_requires_auth" time="0.042" /><testcase classname="tests.test_pedidos_libros.TestPedidosAuth" name="test_mis_pedidos_requires_auth" time="0.042" /><testcase classname="tests.test_pedidos_libros.TestPedidosPreview" name="test_preview_existing_student" time="0.308" /><testcase classname="tests.test_pedidos_libros.TestPedidosPreview" name="test_preview_invalid_student" time="0.035" /><testcase classname="tests.test_pedidos_libros.TestPedidosCrearYModificar" name="test_crear_pedido_borrador" time="0.304" /><testcase classname="tests.test_pedidos_libros.TestPedidosCrearYModificar" name="test_obtener_pedido" time="0.043" /><testcase classname="tests.test_pedidos_libros.TestPedidosCrearYModificar" name="test_agregar_todos_libros" time="0.041" /><testcase classname="tests.test_pedidos_libros.TestMisPedidos" name="test_obtener_mis_pedidos" time="0.297" /><testcase classname="tests.test_pedidos_libros.TestMisPedidos" name="test_filtrar_por_estudiante" time="0.043" /><testcase classname="tests.test_pedidos_libros.TestMisPedidos" name="test_filtrar_por_estado" time="0.042" /><testcase classname="tests.test_pedidos_libros.TestPedidosAdmin" name="test_admin_demanda_agregada" time="0.300" /><testcase classname="tests.test_pedidos_libros.TestPedidosAdmin" name="test_admin_todos_pedidos" time="0.041" /><testcase classname="tests.test_pedidos_libros.TestPedidosAdmin" name="test_admin_filtrar_por_estado" time="0.039" /><testcase classname="tests.test_pedidos_libros.TestPedidosAdmin" name="test_admin_obtener_pedido" time="0.073" /><testcase classname="tests.test_pedidos_libros.TestPedidosAdmin" name="test_admin_actualizar_estado" time="0.152" /><testcase classname="tests.test_pedidos_libros.TestPedidosAdmin" name="test_admin_estado_invalido" time="0.084" /><testcase classname="tests.test_pedidos_libros.TestRestriccionDuplicados" name="test_verificar_libros_ya_pedidos_en_preview" time="0.299" /><testcase classname="tests.test_pedidos_libros.TestCancelarPedido" name="test_cancelar_pedido_borrador" time="0.336" /><testcase classname="tests.test_pedidos_libros.TestConfirmarPedido" name="test_confirmar_pedido_vacio_falla" time="0.372" /><testcase classname="tests.test_pedidos_libros.TestConfirmarPedido" name="test_confirmar_sin_aceptar_terminos_falla" time="0.037"><skipped type="pytest.skip" message="No borrador order with items found">/app/tests/test_pedidos_libros.py:619: No borrador order with items found</skipped></testcase></testsuite></testsuites>