<?xml version="1.0" encoding="utf-8"?><testsuites name="pytest tests"><testsuite name="pytest" errors="0" failures="1" skipped="6" tests="13" time="2.530" timestamp="2026-02-14T00:27:09.950173+00:00" hostname="agent-env-317652f6-56b1-482c-a474-608404690a6b"><testcase classname="backend.tests.test_monday_dual_board_webhooks.TestHealthAndAuth" name="test_health_returns_200" time="0.216" /><testcase classname="backend.tests.test_monday_dual_board_webhooks.TestHealthAndAuth" name="test_login_with_valid_credentials" time="0.140"><failure message="AssertionError: Login failed with status 422&#10;assert 422 == 200&#10; +  where 422 = &lt;Response [422]&gt;.status_code">backend/tests/test_monday_dual_board_webhooks.py:42: in test_login_with_valid_credentials
    assert response.status_code == 200, f"Login failed with status {response.status_code}"
E   AssertionError: Login failed with status 422
E   assert 422 == 200
E    +  where 422 = &lt;Response [422]&gt;.status_code</failure></testcase><testcase classname="backend.tests.test_monday_dual_board_webhooks.TestWebhookRouting" name="test_webhook_registered_boards" time="0.176" /><testcase classname="backend.tests.test_monday_dual_board_webhooks.TestWebhookRouting" name="test_webhook_challenge_verification" time="0.157" /><testcase classname="backend.tests.test_monday_dual_board_webhooks.TestWebhookRouting" name="test_chipi_wallet_board_webhook" time="0.599" /><testcase classname="backend.tests.test_monday_dual_board_webhooks.TestWebhookRouting" name="test_recharge_approval_board_webhook" time="0.111" /><testcase classname="backend.tests.test_monday_dual_board_webhooks.TestWebhookRouting" name="test_unregistered_board_webhook" time="0.167" /><testcase classname="backend.tests.test_monday_dual_board_webhooks.TestWalletSyncDashboard" name="test_wallet_sync_dashboard" time="0.103"><skipped type="pytest.skip" message="Could not get auth token">/app/backend/tests/test_monday_dual_board_webhooks.py:158: Could not get auth token</skipped></testcase><testcase classname="backend.tests.test_monday_dual_board_webhooks.TestWalletSyncDashboard" name="test_wallet_webhook_logs" time="0.199"><skipped type="pytest.skip" message="Could not get auth token">/app/backend/tests/test_monday_dual_board_webhooks.py:174: Could not get auth token</skipped></testcase><testcase classname="backend.tests.test_monday_dual_board_webhooks.TestRechargeApprovalDashboard" name="test_recharge_approval_dashboard" time="0.152"><skipped type="pytest.skip" message="Could not get auth token">/app/backend/tests/test_monday_dual_board_webhooks.py:203: Could not get auth token</skipped></testcase><testcase classname="backend.tests.test_monday_dual_board_webhooks.TestRechargeApprovalDashboard" name="test_recharge_approval_logs" time="0.123"><skipped type="pytest.skip" message="Could not get auth token">/app/backend/tests/test_monday_dual_board_webhooks.py:218: Could not get auth token</skipped></testcase><testcase classname="backend.tests.test_monday_dual_board_webhooks.TestGmailIntegration" name="test_gmail_status_non_blocking" time="0.112"><skipped type="pytest.skip" message="Could not get auth token">/app/backend/tests/test_monday_dual_board_webhooks.py:247: Could not get auth token</skipped></testcase><testcase classname="backend.tests.test_monday_dual_board_webhooks.TestRawWebhookLogs" name="test_raw_webhook_logs" time="0.142"><skipped type="pytest.skip" message="Could not get auth token">/app/backend/tests/test_monday_dual_board_webhooks.py:279: Could not get auth token</skipped></testcase></testsuite></testsuites>