<?xml version="1.0" encoding="utf-8"?><testsuites name="pytest tests"><testsuite name="pytest" errors="0" failures="0" skipped="0" tests="17" time="2.006" timestamp="2026-01-10T03:05:15.409097+00:00" hostname="agent-env-6a0ce961-beef-4326-b83d-2c38e93a9094"><testcase classname="tests.test_p1_features.TestMatchPredictor" name="test_predict_match_returns_200" time="0.077" /><testcase classname="tests.test_p1_features.TestMatchPredictor" name="test_predict_match_returns_player_info" time="0.046" /><testcase classname="tests.test_p1_features.TestMatchPredictor" name="test_predict_match_returns_probability" time="0.045" /><testcase classname="tests.test_p1_features.TestMatchPredictor" name="test_predict_match_returns_prediction_object" time="0.041" /><testcase classname="tests.test_p1_features.TestMatchPredictor" name="test_predict_match_returns_factors" time="0.045" /><testcase classname="tests.test_p1_features.TestMatchPredictor" name="test_predict_match_returns_advantages" time="0.086" /><testcase classname="tests.test_p1_features.TestMatchPredictor" name="test_predict_match_returns_h2h_history" time="0.050" /><testcase classname="tests.test_p1_features.TestMatchPredictor" name="test_predict_match_elo_in_player_info" time="0.084" /><testcase classname="tests.test_p1_features.TestCloseSeasonEndpoint" name="test_close_season_requires_auth" time="0.036" /><testcase classname="tests.test_p1_features.TestCloseSeasonEndpoint" name="test_close_season_returns_final_results" time="0.346" /><testcase classname="tests.test_p1_features.TestCloseSeasonEndpoint" name="test_close_season_updates_status" time="0.301" /><testcase classname="tests.test_p1_features.TestCloseSeasonEndpoint" name="test_close_already_closed_season_fails" time="0.290" /><testcase classname="tests.test_p1_features.TestPendingMatchNotifications" name="test_get_pending_matches_for_user" time="0.034" /><testcase classname="tests.test_p1_features.TestPendingMatchNotifications" name="test_get_all_pending_matches_for_user" time="0.035" /><testcase classname="tests.test_p1_features.TestPendingMatchNotifications" name="test_pending_count_updates_after_match_registration" time="0.285" /><testcase classname="tests.test_p1_features.TestRapidPinDashboardActivity" name="test_get_active_seasons" time="0.035" /><testcase classname="tests.test_p1_features.TestRapidPinDashboardActivity" name="test_get_season_matches_for_leaderboard" time="0.038" /></testsuite></testsuites>