<?xml version="1.0" encoding="utf-8"?><testsuites name="pytest tests"><testsuite name="pytest" errors="0" failures="0" skipped="0" tests="19" time="3.598" timestamp="2026-02-11T04:24:55.124839+00:00" hostname="agent-env-2d4fad78-76a2-48f7-b0ef-dda716ddba58"><testcase classname="backend.tests.test_wallet_admin_module.TestAdminAllUsers" name="test_all_users_requires_admin" time="0.061" /><testcase classname="backend.tests.test_wallet_admin_module.TestAdminAllUsers" name="test_all_users_returns_list" time="0.271" /><testcase classname="backend.tests.test_wallet_admin_module.TestAdminAdjustWallet" name="test_adjust_requires_admin" time="0.040" /><testcase classname="backend.tests.test_wallet_admin_module.TestAdminAdjustWallet" name="test_adjust_topup_works" time="0.280" /><testcase classname="backend.tests.test_wallet_admin_module.TestAdminAdjustWallet" name="test_adjust_deduct_works" time="0.317" /><testcase classname="backend.tests.test_wallet_admin_module.TestAdminTransactions" name="test_transactions_requires_admin" time="0.043" /><testcase classname="backend.tests.test_wallet_admin_module.TestAdminTransactions" name="test_transactions_returns_list" time="0.278" /><testcase classname="backend.tests.test_wallet_admin_module.TestAdminTransactions" name="test_transactions_pagination" time="0.268" /><testcase classname="backend.tests.test_wallet_admin_module.TestAdminTransactions" name="test_transactions_filter_by_user" time="0.277" /><testcase classname="backend.tests.test_wallet_admin_module.TestBankInfoCRUD" name="test_get_all_bank_info_requires_admin" time="0.036" /><testcase classname="backend.tests.test_wallet_admin_module.TestBankInfoCRUD" name="test_get_all_bank_info" time="0.266" /><testcase classname="backend.tests.test_wallet_admin_module.TestBankInfoCRUD" name="test_create_bank_info" time="0.321" /><testcase classname="backend.tests.test_wallet_admin_module.TestBankInfoCRUD" name="test_update_bank_info_upsert" time="0.379" /><testcase classname="backend.tests.test_wallet_admin_module.TestBankInfoCRUD" name="test_delete_bank_info" time="0.286" /><testcase classname="backend.tests.test_wallet_admin_module.TestBankInfoCRUD" name="test_delete_nonexistent_bank_info" time="0.270" /><testcase classname="backend.tests.test_wallet_admin_module.TestPublicBankInfo" name="test_public_bank_info_by_context" time="0.038" /><testcase classname="backend.tests.test_wallet_admin_module.TestPublicBankInfo" name="test_public_bank_info_nonexistent" time="0.035" /><testcase classname="backend.tests.test_wallet_admin_module.TestSeededBankInfo" name="test_wallet_general_exists" time="0.037" /><testcase classname="backend.tests.test_wallet_admin_module.TestSeededBankInfo" name="test_pca_private_exists" time="0.037" /></testsuite></testsuites>