<?xml version="1.0" encoding="utf-8"?><testsuites name="pytest tests"><testsuite name="pytest" errors="0" failures="2" skipped="0" tests="17" time="29.972" timestamp="2026-02-22T17:55:30.330601+00:00" hostname="agent-env-887dd3c5-5a81-4251-9a17-341cd7478c54"><testcase classname="tests.test_student_textbook_workflow.TestTextbookAccessEndpoints" name="test_get_schools" time="22.429" /><testcase classname="tests.test_student_textbook_workflow.TestTextbookAccessEndpoints" name="test_get_config" time="0.475" /><testcase classname="tests.test_student_textbook_workflow.TestTextbookAccessEndpoints" name="test_get_my_students" time="0.438" /><testcase classname="tests.test_student_textbook_workflow.TestPrivateCatalogEndpoints" name="test_get_private_catalog_products" time="0.558" /><testcase classname="tests.test_student_textbook_workflow.TestPrivateCatalogEndpoints" name="test_get_private_catalog_products_with_grade_filter" time="0.460" /><testcase classname="tests.test_student_textbook_workflow.TestPrivateCatalogEndpoints" name="test_admin_get_private_catalog_products" time="0.446" /><testcase classname="tests.test_student_textbook_workflow.TestTextbookOrderEndpoints" name="test_get_my_orders" time="0.451" /><testcase classname="tests.test_student_textbook_workflow.TestTextbookOrderEndpoints" name="test_admin_diagnostic_textbooks" time="0.460" /><testcase classname="tests.test_student_textbook_workflow.TestWalletTopupsEndpoints" name="test_get_wallet_settings" time="0.495" /><testcase classname="tests.test_student_textbook_workflow.TestWalletTopupsEndpoints" name="test_get_wallet_pending" time="0.437" /><testcase classname="tests.test_student_textbook_workflow.TestCRMChatEndpoints" name="test_crm_chat_topics_endpoint_exists" time="0.450" /><testcase classname="tests.test_student_textbook_workflow.TestStoreInventoryWithInventorySource" name="test_store_products_endpoint" time="0.443" /><testcase classname="tests.test_student_textbook_workflow.TestStoreInventoryWithInventorySource" name="test_store_inventory_with_catalog_type_sysbook" time="0.455"><failure message="AssertionError: Product Historia 8 Santillana should have is_sysbook=True&#10;assert None == True&#10; +  where None = &lt;built-in method get of dict object at 0xf928449d3f00&gt;('is_sysbook')&#10; +    where &lt;built-in method get of dict object at 0xf928449d3f00&gt; = {'active': True, 'archived': False, 'book_id': 'book_a518be8bdb61', 'code': 'HIS8-SANT', ...}.get">tests/test_student_textbook_workflow.py:306: in test_store_inventory_with_catalog_type_sysbook
    assert product.get("is_sysbook") == True, \
E   AssertionError: Product Historia 8 Santillana should have is_sysbook=True
E   assert None == True
E    +  where None = &lt;built-in method get of dict object at 0xf928449d3f00&gt;('is_sysbook')
E    +    where &lt;built-in method get of dict object at 0xf928449d3f00&gt; = {'active': True, 'archived': False, 'book_id': 'book_a518be8bdb61', 'code': 'HIS8-SANT', ...}.get</failure></testcase><testcase classname="tests.test_student_textbook_workflow.TestStoreInventoryWithInventorySource" name="test_store_inventory_with_catalog_type_public" time="0.444"><failure message="AssertionError: Product Ciencias 5to Grado - Discovery should not have is_sysbook=True for public catalog&#10;assert True != True&#10; +  where True = &lt;built-in method get of dict object at 0xf9284443c9c0&gt;('is_sysbook')&#10; +    where &lt;built-in method get of dict object at 0xf9284443c9c0&gt; = {'active': True, 'book_id': 'book_5a8f533e8388', 'category': 'Textbooks', 'code': 'SCI-5-DIS', ...}.get">tests/test_student_textbook_workflow.py:323: in test_store_inventory_with_catalog_type_public
    assert product.get("is_sysbook") != True, \
E   AssertionError: Product Ciencias 5to Grado - Discovery should not have is_sysbook=True for public catalog
E   assert True != True
E    +  where True = &lt;built-in method get of dict object at 0xf9284443c9c0&gt;('is_sysbook')
E    +    where &lt;built-in method get of dict object at 0xf9284443c9c0&gt; = {'active': True, 'book_id': 'book_5a8f533e8388', 'category': 'Textbooks', 'code': 'SCI-5-DIS', ...}.get</failure></testcase><testcase classname="tests.test_student_textbook_workflow.TestSysbookInventoryEndpoints" name="test_sysbook_inventory_products" time="0.491" /><testcase classname="tests.test_student_textbook_workflow.TestSysbookInventoryEndpoints" name="test_sysbook_inventory_dashboard" time="0.451" /><testcase classname="tests.test_student_textbook_workflow.TestTextbookOrderSubmission" name="test_order_submission_endpoint_exists" time="0.435" /></testsuite></testsuites>