<?xml version="1.0" encoding="utf-8"?><testsuites name="pytest tests"><testsuite name="pytest" errors="0" failures="0" skipped="0" tests="13" time="0.886" timestamp="2026-01-11T17:03:10.338899+00:00" hostname="agent-env-480db9e7-5c19-446a-896d-40961d5d38eb"><testcase classname="tests.test_rapidpin_challenges.TestChallengeCreation" name="test_create_challenge_success" time="0.060" /><testcase classname="tests.test_rapidpin_challenges.TestChallengeCreation" name="test_create_challenge_self_fails" time="0.039" /><testcase classname="tests.test_rapidpin_challenges.TestChallengeCreation" name="test_create_challenge_invalid_season" time="0.041" /><testcase classname="tests.test_rapidpin_challenges.TestChallengeAcceptDecline" name="test_get_my_challenges" time="0.046" /><testcase classname="tests.test_rapidpin_challenges.TestChallengeAcceptDecline" name="test_accept_challenge" time="0.090" /><testcase classname="tests.test_rapidpin_challenges.TestChallengeAcceptDecline" name="test_decline_challenge_wrong_user_fails" time="0.081" /><testcase classname="tests.test_rapidpin_challenges.TestRefereeAssignment" name="test_get_waiting_matches" time="0.039" /><testcase classname="tests.test_rapidpin_challenges.TestRefereeAssignment" name="test_assign_referee_player_cannot_be_referee" time="0.079" /><testcase classname="tests.test_rapidpin_challenges.TestRefereeAssignment" name="test_assign_referee_success" time="0.079" /><testcase classname="tests.test_rapidpin_challenges.TestPublicFeed" name="test_public_feed_structure" time="0.044" /><testcase classname="tests.test_rapidpin_challenges.TestPublicFeed" name="test_public_feed_active_season" time="0.042" /><testcase classname="tests.test_rapidpin_challenges.TestQueueFilters" name="test_queue_filter_by_status" time="0.152" /><testcase classname="tests.test_rapidpin_challenges.TestQueueFilters" name="test_queue_filter_by_player" time="0.039" /></testsuite></testsuites>