<?xml version="1.0" encoding="utf-8"?><testsuites name="pytest tests"><testsuite name="pytest" errors="0" failures="0" skipped="0" tests="12" time="20.353" timestamp="2026-02-13T18:42:25.874960+00:00" hostname="agent-env-e5965784-ec68-40c6-842d-7f79b725de31"><testcase classname="backend.tests.test_scheduled_banners_monday_sync.TestBannerScheduleFiltering" name="test_create_banner_with_schedule_dates" time="12.516" /><testcase classname="backend.tests.test_scheduled_banners_monday_sync.TestBannerScheduleFiltering" name="test_future_scheduled_banner_not_visible" time="0.307" /><testcase classname="backend.tests.test_scheduled_banners_monday_sync.TestBannerScheduleFiltering" name="test_past_ended_banner_not_visible" time="0.388" /><testcase classname="backend.tests.test_scheduled_banners_monday_sync.TestBannerScheduleFiltering" name="test_active_scheduled_banner_visible" time="0.326" /><testcase classname="backend.tests.test_scheduled_banners_monday_sync.TestBannerScheduleFiltering" name="test_banner_without_dates_visible" time="0.261" /><testcase classname="backend.tests.test_scheduled_banners_monday_sync.TestMondayBannerSyncConfig" name="test_get_monday_config_returns_default" time="0.100" /><testcase classname="backend.tests.test_scheduled_banners_monday_sync.TestMondayBannerSyncConfig" name="test_save_monday_config" time="0.312" /><testcase classname="backend.tests.test_scheduled_banners_monday_sync.TestMondayBannerSyncBoards" name="test_list_monday_boards" time="2.094" /><testcase classname="backend.tests.test_scheduled_banners_monday_sync.TestMondayBannerSync" name="test_sync_skips_when_not_configured" time="0.305" /><testcase classname="backend.tests.test_scheduled_banners_monday_sync.TestMondayBannerSync" name="test_sync_with_valid_config" time="3.001" /><testcase classname="backend.tests.test_scheduled_banners_monday_sync.TestBannerSourceTracking" name="test_manual_banner_has_source_manual" time="0.151" /><testcase classname="backend.tests.test_scheduled_banners_monday_sync.TestCleanupScheduledBannerTestData" name="test_cleanup_test_banners" time="0.461" /></testsuite></testsuites>