<?xml version="1.0" encoding="utf-8"?><testsuites name="pytest tests"><testsuite name="pytest" errors="0" failures="0" skipped="0" tests="15" time="0.721" timestamp="2026-01-10T05:16:01.938270+00:00" hostname="agent-env-55e4b98e-11ea-474a-982b-b4535c967e32"><testcase classname="tests.test_rank_rewards.TestRankRewardsInfo" name="test_rank_rewards_info_spanish" time="0.070" /><testcase classname="tests.test_rank_rewards.TestRankRewardsInfo" name="test_rank_rewards_info_english" time="0.037" /><testcase classname="tests.test_rank_rewards.TestRankRewardsInfo" name="test_rank_rewards_info_chinese" time="0.040" /><testcase classname="tests.test_rank_rewards.TestRankRewardsInfo" name="test_rank_rewards_info_default_language" time="0.040" /><testcase classname="tests.test_rank_rewards.TestPlayerCurrentRank" name="test_get_current_rank" time="0.040" /><testcase classname="tests.test_rank_rewards.TestPlayerCurrentRank" name="test_get_current_rank_english" time="0.040" /><testcase classname="tests.test_rank_rewards.TestPlayerCurrentRank" name="test_get_current_rank_nonexistent_player" time="0.039" /><testcase classname="tests.test_rank_rewards.TestPlayerRankHistory" name="test_get_rank_history" time="0.036" /><testcase classname="tests.test_rank_rewards.TestPlayerRankHistory" name="test_get_rank_history_nonexistent_player" time="0.077" /><testcase classname="tests.test_rank_rewards.TestCheckPromotion" name="test_check_promotion_no_rank_change" time="0.038" /><testcase classname="tests.test_rank_rewards.TestCheckPromotion" name="test_check_promotion_already_earned" time="0.036" /><testcase classname="tests.test_rank_rewards.TestCheckPromotion" name="test_check_promotion_new_player" time="0.038" /><testcase classname="tests.test_rank_rewards.TestRankRewardsStructure" name="test_rank_point_thresholds" time="0.036" /><testcase classname="tests.test_rank_rewards.TestRankRewardsStructure" name="test_rank_reward_values" time="0.036" /><testcase classname="tests.test_rank_rewards.TestRankRewardsStructure" name="test_rank_icons" time="0.039" /></testsuite></testsuites>