<?xml version="1.0" encoding="utf-8"?><testsuites name="pytest tests"><testsuite name="pytest" errors="0" failures="0" skipped="0" tests="19" time="4.767" timestamp="2026-01-10T00:09:17.388709+00:00" hostname="agent-env-2389c44d-d8d6-4afc-8369-04e3e3bcab9e"><testcase classname="tests.test_superpin_tournaments.TestTournamentEndpoints" name="test_get_tournament_brackets_success" time="0.311" /><testcase classname="tests.test_superpin_tournaments.TestTournamentEndpoints" name="test_get_tournament_brackets_not_found" time="0.274" /><testcase classname="tests.test_superpin_tournaments.TestTournamentEndpoints" name="test_get_tournament_by_id" time="0.279" /><testcase classname="tests.test_superpin_tournaments.TestTournamentEndpoints" name="test_get_league_tournaments" time="0.276" /><testcase classname="tests.test_superpin_tournaments.TestTournamentEndpoints" name="test_create_tournament_success" time="0.276" /><testcase classname="tests.test_superpin_tournaments.TestTournamentEndpoints" name="test_create_tournament_invalid_league" time="0.275" /><testcase classname="tests.test_superpin_tournaments.TestTournamentEndpoints" name="test_create_tournament_requires_auth" time="0.298" /><testcase classname="tests.test_superpin_tournaments.TestTournamentEndpoints" name="test_generate_brackets_on_new_tournament" time="0.284" /><testcase classname="tests.test_superpin_tournaments.TestTournamentEndpoints" name="test_generate_brackets_requires_auth" time="0.304" /><testcase classname="tests.test_superpin_tournaments.TestTournamentEndpoints" name="test_generate_brackets_invalid_tournament" time="0.312" /><testcase classname="tests.test_superpin_tournaments.TestTournamentEndpoints" name="test_update_match_result_success" time="0.279" /><testcase classname="tests.test_superpin_tournaments.TestTournamentEndpoints" name="test_update_match_result_requires_auth" time="0.298" /><testcase classname="tests.test_superpin_tournaments.TestTournamentEndpoints" name="test_update_match_result_invalid_tournament" time="0.315" /><testcase classname="tests.test_superpin_tournaments.TestTournamentEndpoints" name="test_update_match_result_invalid_match" time="0.309" /><testcase classname="tests.test_superpin_tournaments.TestTournamentI18n" name="test_spanish_tournament_translations" time="0.000" /><testcase classname="tests.test_superpin_tournaments.TestTournamentI18n" name="test_english_tournament_translations" time="0.000" /><testcase classname="tests.test_superpin_tournaments.TestTournamentI18n" name="test_chinese_tournament_translations" time="0.000" /><testcase classname="tests.test_superpin_tournaments.TestBracketLogic" name="test_bracket_structure_with_2_players" time="0.271" /><testcase classname="tests.test_superpin_tournaments.TestBracketLogic" name="test_participants_from_ranking" time="0.275" /></testsuite></testsuites>