<?xml version="1.0" encoding="utf-8"?><testsuites name="pytest tests"><testsuite name="pytest" errors="0" failures="0" skipped="0" tests="14" time="1.687" timestamp="2026-02-01T19:35:04.991094+00:00" hostname="agent-env-7db1c557-bb88-441e-9577-8f2624fce96d"><testcase classname="backend.tests.test_laopan_oauth.TestLaoPanOAuthConfig" name="test_oauth_config_returns_200" time="0.063" /><testcase classname="backend.tests.test_laopan_oauth.TestLaoPanOAuthConfig" name="test_oauth_config_has_required_fields" time="0.038" /><testcase classname="backend.tests.test_laopan_oauth.TestLaoPanOAuthLogin" name="test_oauth_login_returns_auth_url" time="0.044" /><testcase classname="backend.tests.test_laopan_oauth.TestLaoPanOAuthLogin" name="test_oauth_login_with_redirect_param" time="0.038" /><testcase classname="backend.tests.test_laopan_oauth.TestLaoPanOAuthCallback" name="test_callback_without_code_returns_400" time="0.040" /><testcase classname="backend.tests.test_laopan_oauth.TestLaoPanOAuthCallback" name="test_callback_without_state_returns_400" time="0.033" /><testcase classname="backend.tests.test_laopan_oauth.TestLaoPanOAuthCallback" name="test_callback_with_invalid_state_returns_400" time="0.036" /><testcase classname="backend.tests.test_laopan_oauth.TestLaoPanOAuthCallback" name="test_callback_with_oauth_error_returns_400" time="0.038" /><testcase classname="backend.tests.test_laopan_oauth.TestAdminLogin" name="test_admin_login_success" time="0.305" /><testcase classname="backend.tests.test_laopan_oauth.TestAdminLogin" name="test_admin_login_invalid_credentials" time="0.259" /><testcase classname="backend.tests.test_laopan_oauth.TestInvisionAdminEndpoints" name="test_invision_status_requires_auth" time="0.041" /><testcase classname="backend.tests.test_laopan_oauth.TestInvisionAdminEndpoints" name="test_invision_status_with_admin" time="0.302" /><testcase classname="backend.tests.test_laopan_oauth.TestInvisionAdminEndpoints" name="test_invision_config_requires_auth" time="0.040" /><testcase classname="backend.tests.test_laopan_oauth.TestInvisionAdminEndpoints" name="test_invision_config_with_admin" time="0.293" /></testsuite></testsuites>