<?xml version="1.0" encoding="utf-8"?><testsuites name="pytest tests"><testsuite name="pytest" errors="0" failures="0" skipped="0" tests="11" time="11.533" timestamp="2026-02-13T02:46:51.291684+00:00" hostname="agent-env-50899225-2d7e-46b1-bd57-89798421a32c"><testcase classname="tests.test_gmail_polling.TestGmailPolling" name="test_polling_status_returns_poller_running" time="1.079" /><testcase classname="tests.test_gmail_polling.TestGmailPolling" name="test_settings_returns_polling_mode_and_interval" time="0.308" /><testcase classname="tests.test_gmail_polling.TestGmailPolling" name="test_settings_update_polling_mode_to_manual_stops_poller" time="0.848" /><testcase classname="tests.test_gmail_polling.TestGmailPolling" name="test_settings_update_polling_mode_to_realtime_restarts_poller" time="4.546" /><testcase classname="tests.test_gmail_polling.TestPendingTopupsE2E" name="test_create_pending_topup_and_sync_to_monday" time="1.321" /><testcase classname="tests.test_gmail_polling.TestPendingTopupsE2E" name="test_approve_topup_updates_monday_status" time="0.383" /><testcase classname="tests.test_gmail_polling.TestPendingTopupsE2E" name="test_reject_topup_updates_monday_status" time="0.433" /><testcase classname="tests.test_gmail_polling.TestMondayConfigEndpoints" name="test_get_monday_config" time="0.305" /><testcase classname="tests.test_gmail_polling.TestMondayConfigEndpoints" name="test_monday_connection" time="0.847" /><testcase classname="tests.test_gmail_polling.TestGmailEndpoints" name="test_gmail_status" time="1.096" /><testcase classname="tests.test_gmail_polling.TestGmailEndpoints" name="test_gmail_processed_log" time="0.303" /></testsuite></testsuites>