<?xml version="1.0" encoding="utf-8"?><testsuites name="pytest tests"><testsuite name="pytest" errors="0" failures="0" skipped="0" tests="13" time="7.772" timestamp="2026-02-22T15:41:21.940953+00:00" hostname="agent-env-887dd3c5-5a81-4251-9a17-341cd7478c54"><testcase classname="backend.tests.test_sysbook_separation.TestSysbookInventoryAPIs" name="test_sysbook_dashboard_endpoint" time="0.486" /><testcase classname="backend.tests.test_sysbook_separation.TestSysbookInventoryAPIs" name="test_sysbook_products_list_basic" time="0.464" /><testcase classname="backend.tests.test_sysbook_separation.TestSysbookInventoryAPIs" name="test_sysbook_products_columns_exist" time="0.604" /><testcase classname="backend.tests.test_sysbook_separation.TestSysbookInventoryAPIs" name="test_sysbook_products_search_filter" time="0.560" /><testcase classname="backend.tests.test_sysbook_separation.TestSysbookInventoryAPIs" name="test_sysbook_products_grade_filter" time="0.561" /><testcase classname="backend.tests.test_sysbook_separation.TestSysbookInventoryAPIs" name="test_sysbook_products_subject_filter" time="0.604" /><testcase classname="backend.tests.test_sysbook_separation.TestSysbookInventoryAPIs" name="test_sysbook_create_product" time="0.521" /><testcase classname="backend.tests.test_sysbook_separation.TestSysbookInventoryAPIs" name="test_sysbook_update_product" time="0.810" /><testcase classname="backend.tests.test_sysbook_separation.TestSysbookInventoryAPIs" name="test_sysbook_archive_restore" time="0.944" /><testcase classname="backend.tests.test_sysbook_separation.TestSysbookInventoryAPIs" name="test_sysbook_alerts_settings" time="0.432" /><testcase classname="backend.tests.test_sysbook_separation.TestSysbookInventoryAPIs" name="test_sysbook_products_sorting" time="0.800" /><testcase classname="backend.tests.test_sysbook_separation.TestUnatiendaNotAffected" name="test_unatienda_store_products_endpoint" time="0.444" /><testcase classname="backend.tests.test_sysbook_separation.TestUnatiendaNotAffected" name="test_unatienda_inventory_adjust_endpoint" time="0.452" /></testsuite></testsuites>