<?xml version="1.0" encoding="utf-8"?><testsuites name="pytest tests"><testsuite name="pytest" errors="0" failures="2" skipped="0" tests="14" time="79.450" timestamp="2026-02-20T13:11:44.876819+00:00" hostname="agent-env-8083145f-0219-4a1d-9009-6ef7bf4713f8"><testcase classname="tests.test_access_request_push_notifications.TestPushNotificationCodeVerification" name="test_events_has_send_push_to_admins_function" time="0.000" /><testcase classname="tests.test_access_request_push_notifications.TestPushNotificationCodeVerification" name="test_events_has_send_push_to_user_function" time="0.000" /><testcase classname="tests.test_access_request_push_notifications.TestPushNotificationCodeVerification" name="test_emit_access_request_created_calls_push" time="0.000" /><testcase classname="tests.test_access_request_push_notifications.TestPushNotificationCodeVerification" name="test_emit_access_request_updated_calls_push" time="0.000" /><testcase classname="tests.test_access_request_push_notifications.TestPushNotificationCodeVerification" name="test_push_helper_functions_have_error_handling" time="0.000" /><testcase classname="tests.test_access_request_push_notifications.TestPushNotificationCodeVerification" name="test_push_category_is_student_access" time="0.000" /><testcase classname="tests.test_access_request_push_notifications.TestPushNotificationCodeVerification" name="test_push_service_exists_with_required_methods" time="0.000" /><testcase classname="tests.test_access_request_push_notifications.TestBackendAPIEndpoints" name="test_backend_health" time="60.187"><failure message="assert 520 == 200&#10; +  where 520 = &lt;Response [520]&gt;.status_code">tests/test_access_request_push_notifications.py:160: in test_backend_health
    assert response.status_code == 200
E   assert 520 == 200
E    +  where 520 = &lt;Response [520]&gt;.status_code</failure></testcase><testcase classname="tests.test_access_request_push_notifications.TestBackendAPIEndpoints" name="test_admin_login" time="17.902" /><testcase classname="tests.test_access_request_push_notifications.TestBackendAPIEndpoints" name="test_textbook_access_admin_endpoint" time="0.484" /><testcase classname="tests.test_access_request_push_notifications.TestBackendAPIEndpoints" name="test_notifications_config_endpoint" time="0.395"><failure message="AssertionError: Expected list of categories&#10;assert False&#10; +  where False = isinstance({'categories': [{'category_id': 'cat_ea82571f', 'color': '#9333ea', 'created_at': '2026-01-10T14:00:45.857769+00:00', 'default_enabled': True, ...}, {'category_id': 'wallet_alerts', 'color': '#f59e0b', 'created_at': '2026-01-12T06:07:33.261383+00:00', 'default_enabled': True, ...}, {'category_id': 'connections', 'color': '#8b5cf6', 'created_at': '2026-01-12T06:07:33.267094+00:00', 'default_enabled': True, ...}, {'category_id': 'cat_qr_payments', 'color': '#10b981', 'created_at': '2026-01-10T13:31:49.448158+00:00', 'default_enabled': True, ...}, {'category_id': 'cat_checkin', 'color': '#3b82f6', 'created_at': '2026-01-10T13:31:49.469470+00:00', 'default_enabled': True, ...}, {'category_id': 'cat_membership', 'color': '#8b5cf6', 'created_at': '2026-01-10T13:31:49.470046+00:00', 'default_enabled': True, ...}, ...], 'count': 12, 'success': True}, list)">tests/test_access_request_push_notifications.py:228: in test_notifications_config_endpoint
    assert isinstance(data, list), "Expected list of categories"
E   AssertionError: Expected list of categories
E   assert False
E    +  where False = isinstance({'categories': [{'category_id': 'cat_ea82571f', 'color': '#9333ea', 'created_at': '2026-01-10T14:00:45.857769+00:00', 'default_enabled': True, ...}, {'category_id': 'wallet_alerts', 'color': '#f59e0b', 'created_at': '2026-01-12T06:07:33.261383+00:00', 'default_enabled': True, ...}, {'category_id': 'connections', 'color': '#8b5cf6', 'created_at': '2026-01-12T06:07:33.267094+00:00', 'default_enabled': True, ...}, {'category_id': 'cat_qr_payments', 'color': '#10b981', 'created_at': '2026-01-10T13:31:49.448158+00:00', 'default_enabled': True, ...}, {'category_id': 'cat_checkin', 'color': '#3b82f6', 'created_at': '2026-01-10T13:31:49.469470+00:00', 'default_enabled': True, ...}, {'category_id': 'cat_membership', 'color': '#8b5cf6', 'created_at': '2026-01-10T13:31:49.470046+00:00', 'default_enabled': True, ...}, ...], 'count': 12, 'success': True}, list)</failure></testcase><testcase classname="tests.test_access_request_push_notifications.TestBackendAPIEndpoints" name="test_notifications_categories_endpoint" time="0.384" /><testcase classname="tests.test_access_request_push_notifications.TestEventsModuleImport" name="test_events_module_imports" time="0.000" /><testcase classname="tests.test_access_request_push_notifications.TestEventsModuleImport" name="test_push_service_module_imports" time="0.000" /></testsuite></testsuites>