<?xml version="1.0" encoding="utf-8"?><testsuites name="pytest tests"><testsuite name="pytest" errors="0" failures="4" skipped="0" tests="18" time="1.990" timestamp="2026-01-10T17:26:55.357723+00:00" hostname="agent-env-83677c54-db95-4d4f-8c2f-040ce61f025d"><testcase classname="tests.test_seed_demo.TestSeedDemoEndpoints" name="test_demo_stats_endpoint_accessible" time="0.105" /><testcase classname="tests.test_seed_demo.TestSeedDemoEndpoints" name="test_demo_stats_returns_correct_structure" time="0.045" /><testcase classname="tests.test_seed_demo.TestSeedDemoEndpoints" name="test_demo_stats_has_seeded_data" time="0.082" /><testcase classname="tests.test_seed_demo.TestSeedDemoEndpoints" name="test_seed_demo_data_requires_auth" time="0.039" /><testcase classname="tests.test_seed_demo.TestSeedDemoEndpoints" name="test_seed_demo_data_with_admin_auth" time="0.385" /><testcase classname="tests.test_seed_demo.TestSeedDemoEndpoints" name="test_seed_demo_data_creates_pinpanclub_data" time="0.079" /><testcase classname="tests.test_seed_demo.TestSeedDemoEndpoints" name="test_delete_demo_data_requires_auth" time="0.044" /><testcase classname="tests.test_seed_demo.TestSeedDemoEndpoints" name="test_delete_demo_data_with_admin_auth" time="0.048" /><testcase classname="tests.test_seed_demo.TestSeedDemoEndpoints" name="test_activity_feed_accessible" time="0.047" /><testcase classname="tests.test_seed_demo.TestSeedDemoEndpoints" name="test_activity_feed_returns_matches" time="0.043"><failure message="AssertionError: Expected recent matches in activity feed&#10;assert 0 &gt; 0&#10; +  where 0 = len([])">tests/test_seed_demo.py:199: in test_activity_feed_returns_matches
    assert len(recent_matches) &gt; 0, "Expected recent matches in activity feed"
E   AssertionError: Expected recent matches in activity feed
E   assert 0 &gt; 0
E    +  where 0 = len([])</failure></testcase><testcase classname="tests.test_seed_demo.TestSeedDemoEndpoints" name="test_activity_feed_returns_leaderboard" time="0.047"><failure message="AssertionError: Expected players in leaderboard&#10;assert 0 &gt; 0&#10; +  where 0 = len([])">tests/test_seed_demo.py:219: in test_activity_feed_returns_leaderboard
    assert len(leaderboard) &gt; 0, "Expected players in leaderboard"
E   AssertionError: Expected players in leaderboard
E   assert 0 &gt; 0
E    +  where 0 = len([])</failure></testcase><testcase classname="tests.test_seed_demo.TestSeedDemoEndpoints" name="test_activity_feed_returns_challenges" time="0.047" /><testcase classname="tests.test_seed_demo.TestSeedDemoEndpoints" name="test_activity_feed_returns_achievements" time="0.044"><failure message="AssertionError: Expected recent achievements in activity feed&#10;assert 0 &gt; 0&#10; +  where 0 = len([])">tests/test_seed_demo.py:256: in test_activity_feed_returns_achievements
    assert len(achievements) &gt; 0, "Expected recent achievements in activity feed"
E   AssertionError: Expected recent achievements in activity feed
E   assert 0 &gt; 0
E    +  where 0 = len([])</failure></testcase><testcase classname="tests.test_seed_demo.TestSeedDemoEndpoints" name="test_activity_feed_returns_stats" time="0.043"><failure message="AssertionError: assert 'superpin_matches' in {'active_players': 0, 'total_matches': 0, 'total_rapidpin_matches': 0, 'total_superpin_matches': 0}">tests/test_seed_demo.py:276: in test_activity_feed_returns_stats
    assert "superpin_matches" in stats
E   AssertionError: assert 'superpin_matches' in {'active_players': 0, 'total_matches': 0, 'total_rapidpin_matches': 0, 'total_superpin_matches': 0}</failure></testcase><testcase classname="tests.test_seed_demo.TestSeedDemoEndpoints" name="test_activity_feed_returns_tournaments" time="0.040" /><testcase classname="tests.test_seed_demo.TestSeedDemoEndpoints" name="test_activity_feed_with_language_param" time="0.085" /><testcase classname="tests.test_seed_demo.TestSeedDemoEndpoints" name="test_activity_feed_with_limit_params" time="0.041" /><testcase classname="tests.test_seed_demo.TestSeedDemoIntegration" name="test_full_seed_workflow" time="0.482" /></testsuite></testsuites>