<?xml version="1.0" encoding="utf-8"?><testsuites name="pytest tests"><testsuite name="pytest" errors="0" failures="0" skipped="0" tests="14" time="2.934" timestamp="2026-02-13T13:08:11.556327+00:00" hostname="agent-env-e5965784-ec68-40c6-842d-7f79b725de31"><testcase classname="backend.tests.test_layout_icons.TestPublicLayoutIconsAPI" name="test_get_layout_icons_returns_200" time="1.041" /><testcase classname="backend.tests.test_layout_icons.TestPublicLayoutIconsAPI" name="test_layout_icons_has_all_4_layouts" time="0.142" /><testcase classname="backend.tests.test_layout_icons.TestPublicLayoutIconsAPI" name="test_mosaic_community_has_6_default_icons" time="0.101" /><testcase classname="backend.tests.test_layout_icons.TestPublicLayoutIconsAPI" name="test_mosaic_community_icon_structure" time="0.113" /><testcase classname="backend.tests.test_layout_icons.TestPublicLayoutIconsAPI" name="test_mosaic_community_icon_keys" time="0.150" /><testcase classname="backend.tests.test_layout_icons.TestAdminLayoutIconsAPI" name="test_admin_get_layout_icons_returns_200" time="0.121" /><testcase classname="backend.tests.test_layout_icons.TestAdminLayoutIconsAPI" name="test_admin_response_structure" time="0.120" /><testcase classname="backend.tests.test_layout_icons.TestAdminLayoutIconsAPI" name="test_admin_defaults_match_public" time="0.256" /><testcase classname="backend.tests.test_layout_icons.TestUIStyleLayout" name="test_ui_style_returns_200" time="0.102" /><testcase classname="backend.tests.test_layout_icons.TestUIStyleLayout" name="test_mosaic_community_is_active_layout" time="0.124" /><testcase classname="backend.tests.test_layout_icons.TestPutLayoutIconsAPI" name="test_put_layout_icons_returns_200" time="0.106" /><testcase classname="backend.tests.test_layout_icons.TestPutLayoutIconsAPI" name="test_put_layout_icons_persists_changes" time="0.223" /><testcase classname="backend.tests.test_layout_icons.TestLandingPageIntegration" name="test_landing_images_api_works" time="0.157" /><testcase classname="backend.tests.test_layout_icons.TestLandingPageIntegration" name="test_landing_images_has_mosaic_keys" time="0.117" /></testsuite></testsuites>