<?xml version="1.0" encoding="utf-8"?><testsuites name="pytest tests"><testsuite name="pytest" errors="0" failures="0" skipped="0" tests="7" time="9.873" timestamp="2026-02-18T21:26:16.188094+00:00" hostname="agent-env-66e42301-b726-4167-a46d-e6534d91f723"><testcase classname="tests.test_separate_orders.TestSeparateOrdersFeature" name="test_1_login_and_get_baseline_orders" time="0.758" /><testcase classname="tests.test_separate_orders.TestSeparateOrdersFeature" name="test_2_existing_orders_are_separate" time="0.528" /><testcase classname="tests.test_separate_orders.TestSeparateOrdersFeature" name="test_3_submit_creates_new_order" time="2.530" /><testcase classname="tests.test_separate_orders.TestSeparateOrdersFeature" name="test_4_multiple_submissions_create_multiple_orders" time="4.202" /><testcase classname="tests.test_separate_orders.TestSeparateOrdersFeature" name="test_5_admin_stats_count_separate_orders" time="0.642" /><testcase classname="tests.test_separate_orders.TestSeparateOrdersFeature" name="test_6_order_details_have_correct_structure" time="0.634" /><testcase classname="tests.test_separate_orders.TestStudentBrowsingEndpoint" name="test_student_endpoint_returns_books" time="0.474" /></testsuite></testsuites>