<?xml version="1.0" encoding="utf-8"?><testsuites name="pytest tests"><testsuite name="pytest" errors="0" failures="0" skipped="0" tests="10" time="1.321" timestamp="2026-02-13T12:42:48.118456+00:00" hostname="agent-env-e5965784-ec68-40c6-842d-7f79b725de31"><testcase classname="backend.tests.test_mosaic_community_landing.TestMosaicCommunityBackend" name="test_health_check" time="0.167" /><testcase classname="backend.tests.test_mosaic_community_landing.TestMosaicCommunityBackend" name="test_landing_images_returns_mosaic_keys" time="0.111" /><testcase classname="backend.tests.test_mosaic_community_landing.TestMosaicCommunityBackend" name="test_landing_images_has_valid_urls" time="0.134" /><testcase classname="backend.tests.test_mosaic_community_landing.TestMosaicCommunityBackend" name="test_public_ui_style_returns_layout" time="0.113" /><testcase classname="backend.tests.test_mosaic_community_landing.TestMosaicCommunityBackend" name="test_public_ui_style_has_required_fields" time="0.137" /><testcase classname="backend.tests.test_mosaic_community_landing.TestMosaicCommunityBackend" name="test_community_landing_endpoint" time="0.107" /><testcase classname="backend.tests.test_mosaic_community_landing.TestMosaicCommunityBackend" name="test_module_status_endpoint" time="0.105" /><testcase classname="backend.tests.test_mosaic_community_landing.TestMosaicLayoutInAvailableLayouts" name="test_ui_style_service_has_mosaic_layout" time="0.110" /><testcase classname="backend.tests.test_mosaic_community_landing.TestMosaicImageConfiguration" name="test_landing_images_api_structure" time="0.119" /><testcase classname="backend.tests.test_mosaic_community_landing.TestMosaicImageConfiguration" name="test_mosaic_images_have_unique_urls" time="0.113" /></testsuite></testsuites>