<?xml version="1.0" encoding="utf-8"?><testsuites name="pytest tests"><testsuite name="pytest" errors="0" failures="1" skipped="0" tests="16" time="65.611" timestamp="2026-02-19T15:12:22.702509+00:00" hostname="agent-env-50a6dc0f-a013-46d7-80b1-83d7172efbf9"><testcase classname="backend.tests.test_tts_elevenlabs_provider.TestTTSProviders" name="test_get_providers_returns_both" time="50.681" /><testcase classname="backend.tests.test_tts_elevenlabs_provider.TestTTSProviders" name="test_providers_requires_auth" time="0.628" /><testcase classname="backend.tests.test_tts_elevenlabs_provider.TestTTSSettings" name="test_settings_has_provider_field" time="0.579" /><testcase classname="backend.tests.test_tts_elevenlabs_provider.TestTTSSettings" name="test_settings_has_elevenlabs_fields" time="0.493" /><testcase classname="backend.tests.test_tts_elevenlabs_provider.TestTTSSettings" name="test_update_provider_to_elevenlabs" time="0.802" /><testcase classname="backend.tests.test_tts_elevenlabs_provider.TestTTSSettings" name="test_update_provider_back_to_openai" time="0.995" /><testcase classname="backend.tests.test_tts_elevenlabs_provider.TestTTSSettings" name="test_update_elevenlabs_settings" time="1.103" /><testcase classname="backend.tests.test_tts_elevenlabs_provider.TestElevenLabsVoices" name="test_get_elevenlabs_voices_returns_defaults" time="0.738" /><testcase classname="backend.tests.test_tts_elevenlabs_provider.TestElevenLabsVoices" name="test_elevenlabs_default_voices_content" time="0.548" /><testcase classname="backend.tests.test_tts_elevenlabs_provider.TestElevenLabsVoices" name="test_elevenlabs_voices_requires_auth" time="0.479" /><testcase classname="backend.tests.test_tts_elevenlabs_provider.TestTTSSpeak" name="test_speak_with_openai_provider" time="1.977" /><testcase classname="backend.tests.test_tts_elevenlabs_provider.TestTTSSpeak" name="test_speak_with_elevenlabs_fails_gracefully" time="0.593"><failure message="AssertionError: Expected 500 for missing ElevenLabs key, got 520&#10;assert 520 == 500&#10; +  where 520 = &lt;Response [520]&gt;.status_code">backend/tests/test_tts_elevenlabs_provider.py:259: in test_speak_with_elevenlabs_fails_gracefully
    assert response.status_code == 500, f"Expected 500 for missing ElevenLabs key, got {response.status_code}"
E   AssertionError: Expected 500 for missing ElevenLabs key, got 520
E   assert 520 == 500
E    +  where 520 = &lt;Response [520]&gt;.status_code</failure></testcase><testcase classname="backend.tests.test_tts_elevenlabs_provider.TestTTSSpeak" name="test_speak_default_provider_uses_settings" time="4.084" /><testcase classname="backend.tests.test_tts_elevenlabs_provider.TestTTSSpeak" name="test_speak_requires_text" time="0.480" /><testcase classname="backend.tests.test_tts_elevenlabs_provider.TestTTSSpeak" name="test_speak_requires_auth" time="0.532" /><testcase classname="backend.tests.test_tts_elevenlabs_provider.TestCleanup" name="test_reset_provider_to_openai" time="0.793" /></testsuite></testsuites>