<?xml version="1.0" encoding="utf-8"?><testsuites name="pytest tests"><testsuite name="pytest" errors="0" failures="0" skipped="0" tests="18" time="23.698" timestamp="2026-02-14T20:57:52.820523+00:00" hostname="agent-env-5d487975-e708-4af9-8566-7314c9238a7d"><testcase classname="backend.tests.test_monday_sync_dashboard_widget.TestMondaySyncDashboard" name="test_dashboard_returns_overall_health" time="0.507" /><testcase classname="backend.tests.test_monday_sync_dashboard_widget.TestMondaySyncDashboard" name="test_dashboard_returns_board_counts" time="0.000" /><testcase classname="backend.tests.test_monday_sync_dashboard_widget.TestMondaySyncDashboard" name="test_dashboard_returns_boards_array" time="0.000" /><testcase classname="backend.tests.test_monday_sync_dashboard_widget.TestMondaySyncDashboard" name="test_txb_inventory_board_structure" time="0.000" /><testcase classname="backend.tests.test_monday_sync_dashboard_widget.TestMondaySyncDashboard" name="test_txb_inventory_sync_stats" time="0.000" /><testcase classname="backend.tests.test_monday_sync_dashboard_widget.TestMondaySyncDashboard" name="test_txb_inventory_recent_activity" time="0.000" /><testcase classname="backend.tests.test_monday_sync_dashboard_widget.TestMondaySyncDashboard" name="test_textbook_orders_board_structure" time="0.000" /><testcase classname="backend.tests.test_monday_sync_dashboard_widget.TestMondaySyncDashboard" name="test_textbook_orders_sync_stats" time="0.000" /><testcase classname="backend.tests.test_monday_sync_dashboard_widget.TestMondaySyncDashboard" name="test_wallet_recharge_board_structure" time="0.000" /><testcase classname="backend.tests.test_monday_sync_dashboard_widget.TestMondaySyncDashboard" name="test_wallet_recharge_sync_stats" time="0.000" /><testcase classname="backend.tests.test_monday_sync_dashboard_widget.TestMondaySyncDashboard" name="test_wallet_recharge_recent_activity" time="0.000" /><testcase classname="backend.tests.test_monday_sync_dashboard_widget.TestMondaySyncDashboard" name="test_overall_health_degraded_when_any_board_degraded" time="0.000" /><testcase classname="backend.tests.test_monday_sync_dashboard_widget.TestMondaySyncDashboard" name="test_health_badges_valid_values" time="0.000" /><testcase classname="backend.tests.test_monday_sync_dashboard_widget.TestMondaySyncDashboard" name="test_dashboard_requires_authentication" time="0.250" /><testcase classname="backend.tests.test_monday_sync_dashboard_widget.TestMondaySyncDashboard" name="test_dashboard_rejects_invalid_token" time="0.113" /><testcase classname="backend.tests.test_monday_sync_dashboard_widget.TestSyncActions" name="test_txb_inventory_full_sync_endpoint_exists" time="22.338" /><testcase classname="backend.tests.test_monday_sync_dashboard_widget.TestSyncActions" name="test_textbook_orders_sync_all_endpoint_exists" time="0.187" /><testcase classname="backend.tests.test_monday_sync_dashboard_widget.TestSyncActions" name="test_sync_endpoints_require_auth" time="0.242" /></testsuite></testsuites>