<?xml version="1.0" encoding="utf-8"?><testsuites name="pytest tests"><testsuite name="pytest" errors="0" failures="0" skipped="0" tests="9" time="5.314" timestamp="2026-02-18T23:51:22.228788+00:00" hostname="agent-env-50a6dc0f-a013-46d7-80b1-83d7172efbf9"><testcase classname="backend.tests.test_data_cleanup_students_requests.TestCleanupStudentsWithRequests" name="test_get_cleanup_students_returns_all" time="0.511" /><testcase classname="backend.tests.test_data_cleanup_students_requests.TestCleanupStudentsWithRequests" name="test_students_include_zero_orders_with_requests" time="0.472" /><testcase classname="backend.tests.test_data_cleanup_students_requests.TestCleanupStudentsWithRequests" name="test_student_data_structure" time="0.610" /><testcase classname="backend.tests.test_data_cleanup_students_requests.TestCleanupStudentsWithRequests" name="test_preview_with_student_zero_orders" time="0.702" /><testcase classname="backend.tests.test_data_cleanup_students_requests.TestCleanupStudentsWithRequests" name="test_preview_includes_wallets_and_users" time="0.694" /><testcase classname="backend.tests.test_data_cleanup_students_requests.TestCleanupStudentsWithRequests" name="test_preview_protects_admin_users" time="0.585" /><testcase classname="backend.tests.test_data_cleanup_students_requests.TestAccessRequestsAdminEndpoint" name="test_get_admin_requests" time="0.540" /><testcase classname="backend.tests.test_data_cleanup_students_requests.TestAccessRequestsAdminEndpoint" name="test_get_admin_requests_filtered_pending" time="0.602" /><testcase classname="backend.tests.test_data_cleanup_students_requests.TestAccessRequestsAdminEndpoint" name="test_get_admin_schools" time="0.516" /></testsuite></testsuites>