<?xml version="1.0" encoding="utf-8"?><testsuites name="pytest tests"><testsuite name="pytest" errors="0" failures="1" skipped="0" tests="13" time="2.481" timestamp="2026-01-12T06:11:08.782874+00:00" hostname="agent-env-7939b107-b7c6-40a8-a0ff-ae70765fbe43"><testcase classname="tests.test_push_notifications_wallet.TestNotificationCategories" name="test_get_categories_includes_wallet_alerts" time="0.071" /><testcase classname="tests.test_push_notifications_wallet.TestNotificationCategories" name="test_wallet_alerts_category_properties" time="0.038" /><testcase classname="tests.test_push_notifications_wallet.TestNotificationCategories" name="test_get_categories_includes_connections" time="0.035" /><testcase classname="tests.test_push_notifications_wallet.TestNotificationCategories" name="test_connections_category_properties" time="0.044" /><testcase classname="tests.test_push_notifications_wallet.TestAlertaSaldoInsuficiente" name="test_crear_alerta_saldo_insuficiente_returns_push_notifications" time="0.318"><failure message="AssertionError: Unexpected push failure reason: None&#10;assert None in ['No devices registered', 'Category disabled by user', 'User has push disabled']&#10; +  where None = &lt;built-in method get of dict object at 0xfda9320e1bc0&gt;('reason')&#10; +    where &lt;built-in method get of dict object at 0xfda9320e1bc0&gt; = {'category_id': 'wallet_alerts', 'failed': 0, 'providers_used': [], 'sent': 0, ...}.get">tests/test_push_notifications_wallet.py:128: in test_crear_alerta_saldo_insuficiente_returns_push_notifications
    assert usuario_result.get("reason") in ["No devices registered", "Category disabled by user", "User has push disabled"], \
E   AssertionError: Unexpected push failure reason: None
E   assert None in ['No devices registered', 'Category disabled by user', 'User has push disabled']
E    +  where None = &lt;built-in method get of dict object at 0xfda9320e1bc0&gt;('reason')
E    +    where &lt;built-in method get of dict object at 0xfda9320e1bc0&gt; = {'category_id': 'wallet_alerts', 'failed': 0, 'providers_used': [], 'sent': 0, ...}.get</failure></testcase><testcase classname="tests.test_push_notifications_wallet.TestAlertaSaldoInsuficiente" name="test_alerta_includes_action_url_and_data" time="0.301" /><testcase classname="tests.test_push_notifications_wallet.TestTransferenciaWallet" name="test_transferir_requires_connection" time="0.303" /><testcase classname="tests.test_push_notifications_wallet.TestTransferenciaWallet" name="test_transferir_requires_positive_amount" time="0.302" /><testcase classname="tests.test_push_notifications_wallet.TestMisAlertas" name="test_get_mis_alertas" time="0.300" /><testcase classname="tests.test_push_notifications_wallet.TestNotificationCategoriesComplete" name="test_all_categories_have_required_fields" time="0.041" /><testcase classname="tests.test_push_notifications_wallet.TestNotificationCategoriesComplete" name="test_categories_count" time="0.038" /><testcase classname="tests.test_push_notifications_wallet.TestPushNotificationServiceIntegration" name="test_get_user_preferences" time="0.295" /><testcase classname="tests.test_push_notifications_wallet.TestPushNotificationServiceIntegration" name="test_get_user_devices" time="0.296" /></testsuite></testsuites>