<?xml version="1.0" encoding="utf-8"?><testsuites name="pytest tests"><testsuite name="pytest" errors="0" failures="0" skipped="5" tests="17" time="5.070" timestamp="2026-01-12T06:33:51.830265+00:00" hostname="agent-env-7939b107-b7c6-40a8-a0ff-ae70765fbe43"><testcase classname="tests.test_push_notifications_conexiones.TestPushNotificationsConexiones" name="test_connections_category_exists" time="0.300" /><testcase classname="tests.test_push_notifications_conexiones.TestPushNotificationsConexiones" name="test_search_users_for_connection" time="0.273" /><testcase classname="tests.test_push_notifications_conexiones.TestPushNotificationsConexiones" name="test_get_existing_solicitudes" time="0.281" /><testcase classname="tests.test_push_notifications_conexiones.TestPushNotificationsConexiones" name="test_get_received_solicitudes" time="0.274" /><testcase classname="tests.test_push_notifications_conexiones.TestPushNotificationsConexiones" name="test_crear_solicitud_returns_push_notification" time="0.334"><skipped type="pytest.skip" message="Already have connection/request with available users">/app/tests/test_push_notifications_conexiones.py:157: Already have connection/request with available users</skipped></testcase><testcase classname="tests.test_push_notifications_conexiones.TestPushNotificationsConexiones" name="test_responder_solicitud_aceptar_returns_push_notification" time="0.314"><skipped type="pytest.skip" message="No received requests to respond to">/app/tests/test_push_notifications_conexiones.py:206: No received requests to respond to</skipped></testcase><testcase classname="tests.test_push_notifications_conexiones.TestPushNotificationsConexiones" name="test_responder_solicitud_rechazar_returns_push_notification" time="0.272"><skipped type="pytest.skip" message="No received requests to respond to">/app/tests/test_push_notifications_conexiones.py:259: No received requests to respond to</skipped></testcase><testcase classname="tests.test_push_notifications_conexiones.TestPushNotificationContent" name="test_connections_category_has_correct_properties" time="0.273" /><testcase classname="tests.test_push_notifications_conexiones.TestPushNotificationContent" name="test_code_review_crear_solicitud_push_content" time="0.260" /><testcase classname="tests.test_push_notifications_conexiones.TestPushNotificationContent" name="test_code_review_responder_solicitud_aceptar_push_content" time="0.266" /><testcase classname="tests.test_push_notifications_conexiones.TestPushNotificationContent" name="test_code_review_responder_solicitud_rechazar_push_content" time="0.259" /><testcase classname="tests.test_push_notifications_conexiones.TestPushNotificationContent" name="test_subtipo_label_conversion" time="0.264" /><testcase classname="tests.test_push_notifications_conexiones.TestAdminSolicitudesEndpoint" name="test_admin_get_all_pending_solicitudes" time="0.271" /><testcase classname="tests.test_push_notifications_conexiones.TestAdminSolicitudesEndpoint" name="test_admin_responder_solicitud_returns_push_notification" time="0.306"><skipped type="pytest.skip" message="No pending requests for admin to respond to">/app/tests/test_push_notifications_conexiones.py:500: No pending requests for admin to respond to</skipped></testcase><testcase classname="tests.test_push_notifications_conexiones.TestPushNotificationE2EFlow" name="test_e2e_crear_solicitud_push_notification_structure" time="0.339" /><testcase classname="tests.test_push_notifications_conexiones.TestPushNotificationE2EFlow" name="test_e2e_responder_aceptar_push_notification_structure" time="0.354" /><testcase classname="tests.test_push_notifications_conexiones.TestPushNotificationE2EFlow" name="test_e2e_responder_rechazar_push_notification_structure" time="0.340"><skipped type="pytest.skip" message="Request already responded">/app/tests/test_push_notifications_conexiones.py:756: Request already responded</skipped></testcase></testsuite></testsuites>