<?xml version="1.0" encoding="utf-8"?><testsuites name="pytest tests"><testsuite name="pytest" errors="0" failures="0" skipped="0" tests="14" time="7.254" timestamp="2026-02-25T00:42:30.137432+00:00" hostname="agent-env-7e8611ff-f183-46e6-b40d-fa0e26372e51"><testcase classname="backend.tests.test_print_module.TestPrintConfig" name="test_get_format_config_returns_default" time="0.491" /><testcase classname="backend.tests.test_print_module.TestPrintConfig" name="test_get_format_config_without_auth_returns_default" time="0.482" /><testcase classname="backend.tests.test_print_module.TestPrintConfig" name="test_put_format_config_saves_format" time="0.839" /><testcase classname="backend.tests.test_print_module.TestPrintConfig" name="test_get_printer_config_returns_default" time="0.660" /><testcase classname="backend.tests.test_print_module.TestPrintConfig" name="test_get_printer_config_without_auth_returns_default" time="0.549" /><testcase classname="backend.tests.test_print_module.TestPrintConfig" name="test_put_printer_config_saves_printer" time="0.593" /><testcase classname="backend.tests.test_print_module.TestPrintJobs" name="test_create_print_job_with_valid_orders" time="0.609" /><testcase classname="backend.tests.test_print_module.TestPrintJobs" name="test_create_print_job_requires_order_ids" time="0.667" /><testcase classname="backend.tests.test_print_module.TestPrintJobs" name="test_create_print_job_returns_404_for_invalid_orders" time="0.660" /><testcase classname="backend.tests.test_print_module.TestPrintJobs" name="test_create_print_job_without_auth_returns_error" time="0.624" /><testcase classname="backend.tests.test_print_module.TestMondayTrigger" name="test_monday_trigger_challenge_verification" time="0.179" /><testcase classname="backend.tests.test_print_module.TestMondayTrigger" name="test_monday_trigger_with_item_id" time="0.129" /><testcase classname="backend.tests.test_print_module.TestMondayTrigger" name="test_monday_trigger_no_item_id_returns_400" time="0.121" /><testcase classname="backend.tests.test_print_module.TestPrintJobRetrieval" name="test_get_print_job_not_found" time="0.558" /></testsuite></testsuites>