<?xml version="1.0" encoding="utf-8"?><testsuites name="pytest tests"><testsuite name="pytest" errors="0" failures="0" skipped="0" tests="10" time="3.335" timestamp="2026-02-07T01:56:19.285382+00:00" hostname="agent-env-f5095deb-0f85-48b3-bbaa-bfaf8f07f713"><testcase classname="backend.tests.test_chat_updates.TestChatFeature" name="test_login_returns_user_name" time="0.555" /><testcase classname="backend.tests.test_chat_updates.TestChatFeature" name="test_get_updates_without_monday_item" time="0.273" /><testcase classname="backend.tests.test_chat_updates.TestChatFeature" name="test_get_updates_second_order" time="0.275" /><testcase classname="backend.tests.test_chat_updates.TestChatFeature" name="test_post_message_stores_locally_and_returns_author_name" time="0.284" /><testcase classname="backend.tests.test_chat_updates.TestChatFeature" name="test_posted_message_appears_in_get_updates" time="0.321" /><testcase classname="backend.tests.test_chat_updates.TestChatFeature" name="test_messages_chronological_order" time="0.397" /><testcase classname="backend.tests.test_chat_updates.TestChatFeature" name="test_empty_message_rejected" time="0.277" /><testcase classname="backend.tests.test_chat_updates.TestChatFeature" name="test_whitespace_only_message_rejected" time="0.269" /><testcase classname="backend.tests.test_chat_updates.TestChatFeature" name="test_unauthorized_access_denied" time="0.301" /><testcase classname="backend.tests.test_chat_updates.TestChatFeature" name="test_nonexistent_order_returns_404" time="0.263" /></testsuite></testsuites>