<?xml version="1.0" encoding="utf-8"?><testsuites name="pytest tests"><testsuite name="pytest" errors="0" failures="0" skipped="0" tests="12" time="2.954" timestamp="2026-02-16T03:42:48.187837+00:00" hostname="agent-env-caa80300-2728-4b84-a85d-73779d25c1d7"><testcase classname="backend.tests.test_catalog_type_separation.TestProductCatalogTypeFiltering" name="test_products_pca_filter_returns_only_private_catalog" time="0.505" /><testcase classname="backend.tests.test_catalog_type_separation.TestProductCatalogTypeFiltering" name="test_products_public_filter_returns_only_public_catalog" time="0.121" /><testcase classname="backend.tests.test_catalog_type_separation.TestProductCatalogTypeFiltering" name="test_products_no_filter_returns_all" time="0.241" /><testcase classname="backend.tests.test_catalog_type_separation.TestStockOrdersCatalogTypeFiltering" name="test_stock_orders_list_returns_catalog_counts" time="0.108" /><testcase classname="backend.tests.test_catalog_type_separation.TestStockOrdersCatalogTypeFiltering" name="test_stock_orders_pca_filter" time="0.115" /><testcase classname="backend.tests.test_catalog_type_separation.TestStockOrdersCatalogTypeFiltering" name="test_stock_orders_public_filter" time="0.365" /><testcase classname="backend.tests.test_catalog_type_separation.TestCreateShipmentWithCatalogType" name="test_create_shipment_with_public_catalog_type" time="0.402" /><testcase classname="backend.tests.test_catalog_type_separation.TestCreateShipmentWithCatalogType" name="test_create_shipment_with_pca_catalog_type" time="0.336" /><testcase classname="backend.tests.test_catalog_type_separation.TestCreateAdjustmentWithCatalogType" name="test_create_adjustment_with_public_catalog_type" time="0.133" /><testcase classname="backend.tests.test_catalog_type_separation.TestCreateAdjustmentWithCatalogType" name="test_create_adjustment_with_pca_catalog_type" time="0.104" /><testcase classname="backend.tests.test_catalog_type_separation.TestOrderDetailCatalogType" name="test_order_detail_shows_catalog_type" time="0.222" /><testcase classname="backend.tests.test_catalog_type_separation.TestCatalogTypeCounts" name="test_catalog_counts_update_correctly" time="0.236" /></testsuite></testsuites>