<?xml version="1.0" encoding="utf-8"?><testsuites name="pytest tests"><testsuite name="pytest" errors="0" failures="0" skipped="0" tests="16" time="4.084" timestamp="2026-02-09T01:19:17.455506+00:00" hostname="agent-env-f0f37be8-0479-413d-93b9-ff155de57039"><testcase classname="backend.tests.test_structural_layouts.TestStructuralLayoutsAPI" name="test_get_ui_style_returns_available_layouts" time="0.302" /><testcase classname="backend.tests.test_structural_layouts.TestStructuralLayoutsAPI" name="test_available_layouts_has_11_options" time="0.267" /><testcase classname="backend.tests.test_structural_layouts.TestStructuralLayoutsAPI" name="test_structural_layouts_present" time="0.283" /><testcase classname="backend.tests.test_structural_layouts.TestStructuralLayoutsAPI" name="test_css_overlay_layouts_present" time="0.267" /><testcase classname="backend.tests.test_structural_layouts.TestStructuralLayoutsAPI" name="test_layout_options_have_required_fields" time="0.270" /><testcase classname="backend.tests.test_structural_layouts.TestStructuralLayoutsAPI" name="test_structural_layout_descriptions" time="0.327" /><testcase classname="backend.tests.test_structural_layouts.TestStructuralLayoutsAPI" name="test_save_bento_grid_layout" time="0.282" /><testcase classname="backend.tests.test_structural_layouts.TestStructuralLayoutsAPI" name="test_save_tab_hub_layout" time="0.284" /><testcase classname="backend.tests.test_structural_layouts.TestStructuralLayoutsAPI" name="test_save_social_feed_layout" time="0.348" /><testcase classname="backend.tests.test_structural_layouts.TestStructuralLayoutsAPI" name="test_save_magazine_layout" time="0.335" /><testcase classname="backend.tests.test_structural_layouts.TestStructuralLayoutsAPI" name="test_restore_classic_layout" time="0.297" /><testcase classname="backend.tests.test_structural_layouts.TestStructuralLayoutsAPI" name="test_public_ui_style_returns_layout" time="0.294" /><testcase classname="backend.tests.test_structural_layouts.TestStructuralLayoutsAPI" name="test_admin_style_separate_from_public" time="0.267" /><testcase classname="backend.tests.test_structural_layouts.TestStructuralLayoutsUnauthorized" name="test_admin_ui_style_requires_auth" time="0.035" /><testcase classname="backend.tests.test_structural_layouts.TestStructuralLayoutsUnauthorized" name="test_put_ui_style_requires_auth" time="0.074" /><testcase classname="backend.tests.test_structural_layouts.TestStructuralLayoutsUnauthorized" name="test_public_ui_style_is_public" time="0.035" /></testsuite></testsuites>