<?xml version="1.0" encoding="utf-8"?><testsuites name="pytest tests"><testsuite name="pytest" errors="0" failures="0" skipped="0" tests="18" time="1.410" timestamp="2026-02-07T03:29:19.869677+00:00" hostname="agent-env-f5095deb-0f85-48b3-bbaa-bfaf8f07f713"><testcase classname="backend.tests.test_monday_sync_integration.TestWebhookEndpoint" name="test_webhook_challenge_verification" time="0.085" /><testcase classname="backend.tests.test_monday_sync_integration.TestWebhookEndpoint" name="test_webhook_event_no_event_data" time="0.036" /><testcase classname="backend.tests.test_monday_sync_integration.TestWebhookEndpoint" name="test_webhook_event_missing_pulse_id" time="0.037" /><testcase classname="backend.tests.test_monday_sync_integration.TestSyncOrder" name="test_sync_order_not_linked" time="0.300" /><testcase classname="backend.tests.test_monday_sync_integration.TestSyncOrder" name="test_sync_order_not_found" time="0.037" /><testcase classname="backend.tests.test_monday_sync_integration.TestSyncOrder" name="test_sync_order_unauthorized" time="0.039" /><testcase classname="backend.tests.test_monday_sync_integration.TestInventoryConfig" name="test_get_inventory_config_admin" time="0.300" /><testcase classname="backend.tests.test_monday_sync_integration.TestInventoryConfig" name="test_get_inventory_config_non_admin" time="0.035" /><testcase classname="backend.tests.test_monday_sync_integration.TestInventoryConfig" name="test_put_inventory_config_admin" time="0.050" /><testcase classname="backend.tests.test_monday_sync_integration.TestInventoryConfig" name="test_put_inventory_config_non_admin" time="0.037" /><testcase classname="backend.tests.test_monday_sync_integration.TestStatusMapping" name="test_get_status_mapping_admin" time="0.035" /><testcase classname="backend.tests.test_monday_sync_integration.TestStatusMapping" name="test_get_status_mapping_non_admin" time="0.035" /><testcase classname="backend.tests.test_monday_sync_integration.TestStatusMapping" name="test_put_status_mapping_admin" time="0.040" /><testcase classname="backend.tests.test_monday_sync_integration.TestWebhookConfig" name="test_get_webhook_config_admin" time="0.035" /><testcase classname="backend.tests.test_monday_sync_integration.TestWebhookConfig" name="test_get_webhook_config_non_admin" time="0.041" /><testcase classname="backend.tests.test_monday_sync_integration.TestChatUpdates" name="test_get_updates_has_monday_item_false" time="0.041" /><testcase classname="backend.tests.test_monday_sync_integration.TestChatUpdates" name="test_post_update_correct_author_name" time="0.036" /><testcase classname="backend.tests.test_monday_sync_integration.TestEndToEndFlow" name="test_full_webhook_flow" time="0.069" /></testsuite></testsuites>