<?xml version="1.0" encoding="utf-8"?><testsuites name="pytest tests"><testsuite name="pytest" errors="0" failures="0" skipped="0" tests="13" time="21.702" timestamp="2026-02-16T20:02:34.187545+00:00" hostname="agent-env-49e95ef7-2665-42d3-accf-f90c473a9e96"><testcase classname="backend.tests.test_presale_import.TestPreSaleImportAPI" name="test_presale_preview_endpoint" time="12.740" /><testcase classname="backend.tests.test_presale_import.TestPreSaleImportAPI" name="test_presale_orders_endpoint" time="0.482" /><testcase classname="backend.tests.test_presale_import.TestPreSaleImportAPI" name="test_presale_orders_with_filter" time="0.454" /><testcase classname="backend.tests.test_presale_import.TestPreSaleImportAPI" name="test_presale_execute_endpoint" time="2.541" /><testcase classname="backend.tests.test_presale_import.TestPreSaleImportAPI" name="test_presale_endpoints_require_auth" time="0.808" /><testcase classname="backend.tests.test_presale_import.TestSuggestionBasedLinking" name="test_suggestions_endpoint" time="0.590" /><testcase classname="backend.tests.test_presale_import.TestSuggestionBasedLinking" name="test_suggestions_with_status_filter" time="0.502" /><testcase classname="backend.tests.test_presale_import.TestSuggestionBasedLinking" name="test_confirm_nonexistent_suggestion" time="0.462" /><testcase classname="backend.tests.test_presale_import.TestSuggestionBasedLinking" name="test_reject_nonexistent_suggestion" time="0.477" /><testcase classname="backend.tests.test_presale_import.TestSuggestionBasedLinking" name="test_unlink_nonexistent_order" time="0.506" /><testcase classname="backend.tests.test_presale_import.TestSuggestionBasedLinking" name="test_unlink_missing_order_id" time="0.593" /><testcase classname="backend.tests.test_presale_import.TestSuggestionBasedLinking" name="test_suggestions_endpoints_require_auth" time="0.912" /><testcase classname="backend.tests.test_presale_import.TestTextbookOrdersAwaitingLinkStatus" name="test_orders_admin_all_accepts_awaiting_link_filter" time="0.493" /></testsuite></testsuites>