<?xml version="1.0" encoding="utf-8"?><testsuites name="pytest tests"><testsuite name="pytest" errors="0" failures="0" skipped="0" tests="13" time="200.174" timestamp="2026-02-14T02:24:24.832953+00:00" hostname="agent-env-7756acb6-ad66-4a26-ba81-a23e956630b9"><testcase classname="tests.test_showcase_module.TestShowcasePublicEndpoints" name="test_health_check" time="197.989" /><testcase classname="tests.test_showcase_module.TestShowcasePublicEndpoints" name="test_get_banners_returns_list" time="0.004" /><testcase classname="tests.test_showcase_module.TestShowcasePublicEndpoints" name="test_get_media_player_returns_config" time="0.004" /><testcase classname="tests.test_showcase_module.TestShowcaseAdminEndpoints" name="test_admin_get_banners" time="0.233" /><testcase classname="tests.test_showcase_module.TestShowcaseAdminEndpoints" name="test_create_banner_and_verify" time="0.235" /><testcase classname="tests.test_showcase_module.TestShowcaseAdminEndpoints" name="test_update_banner" time="0.237" /><testcase classname="tests.test_showcase_module.TestShowcaseAdminEndpoints" name="test_delete_banner" time="0.235" /><testcase classname="tests.test_showcase_module.TestShowcaseAdminEndpoints" name="test_admin_get_media_player" time="0.229" /><testcase classname="tests.test_showcase_module.TestShowcaseAdminEndpoints" name="test_update_media_player_config" time="0.231" /><testcase classname="tests.test_showcase_module.TestShowcaseAdminEndpoints" name="test_add_media_item" time="0.232" /><testcase classname="tests.test_showcase_module.TestShowcaseAdminEndpoints" name="test_delete_media_item" time="0.236" /><testcase classname="tests.test_showcase_module.TestShowcaseAsyncBehavior" name="test_concurrent_requests" time="0.009" /><testcase classname="tests.test_showcase_module.TestCleanup" name="test_cleanup_test_banners" time="0.232" /></testsuite></testsuites>