<?xml version="1.0" encoding="utf-8"?><testsuites name="pytest tests"><testsuite name="pytest" errors="0" failures="0" skipped="0" tests="8" time="1.958" timestamp="2026-02-19T03:38:09.538126+00:00" hostname="agent-env-50a6dc0f-a013-46d7-80b1-83d7172efbf9"><testcase classname="backend.tests.test_activity_feed.TestActivityFeedEndpoints" name="test_get_activity_feed_default" time="0.606" /><testcase classname="backend.tests.test_activity_feed.TestActivityFeedEndpoints" name="test_get_activity_feed_date_filter" time="0.167" /><testcase classname="backend.tests.test_activity_feed.TestActivityFeedEndpoints" name="test_get_activity_feed_event_type_filter" time="0.158" /><testcase classname="backend.tests.test_activity_feed.TestActivityFeedEndpoints" name="test_get_activity_feed_limit" time="0.113" /><testcase classname="backend.tests.test_activity_feed.TestActivityFeedEndpoints" name="test_get_activity_feed_settings" time="0.125" /><testcase classname="backend.tests.test_activity_feed.TestActivityFeedEndpoints" name="test_update_activity_feed_settings" time="0.445" /><testcase classname="backend.tests.test_activity_feed.TestActivityFeedEndpoints" name="test_get_activity_feed_unauthorized" time="0.100" /><testcase classname="backend.tests.test_activity_feed.TestActivityFeedEndpoints" name="test_activity_feed_event_type_meta" time="0.134" /></testsuite></testsuites>