<?xml version="1.0" encoding="utf-8"?><testsuites name="pytest tests"><testsuite name="pytest" errors="0" failures="0" skipped="0" tests="15" time="8.400" timestamp="2026-01-12T00:43:11.429292+00:00" hostname="agent-env-341f030e-eae5-48f9-bf3b-9d638865fb49"><testcase classname="tests.test_monday_chat.TestMondayAuth" name="test_config_requires_admin" time="0.073" /><testcase classname="tests.test_monday_chat.TestMondayAuth" name="test_test_connection_requires_admin" time="0.040" /><testcase classname="tests.test_monday_chat.TestMondayAuth" name="test_sync_requires_admin" time="0.040" /><testcase classname="tests.test_monday_chat.TestMondayAuth" name="test_messages_requires_auth" time="0.039" /><testcase classname="tests.test_monday_chat.TestMondayAuth" name="test_post_message_requires_auth" time="0.043" /><testcase classname="tests.test_monday_chat.TestMondayConfig" name="test_get_config" time="0.310" /><testcase classname="tests.test_monday_chat.TestMondayConfig" name="test_test_connection" time="0.467" /><testcase classname="tests.test_monday_chat.TestMondaySync" name="test_sync_existing_pedido" time="0.838" /><testcase classname="tests.test_monday_chat.TestMondaySync" name="test_sync_nonexistent_pedido" time="0.039" /><testcase classname="tests.test_monday_chat.TestMondayChat" name="test_get_messages" time="1.025" /><testcase classname="tests.test_monday_chat.TestMondayChat" name="test_get_messages_nonexistent_pedido" time="0.038" /><testcase classname="tests.test_monday_chat.TestMondayChat" name="test_post_message" time="3.120" /><testcase classname="tests.test_monday_chat.TestMondayChat" name="test_post_message_empty_fails" time="1.031" /><testcase classname="tests.test_monday_chat.TestMondayChat" name="test_post_message_nonexistent_pedido" time="0.038" /><testcase classname="tests.test_monday_chat.TestMondayChatWithLimit" name="test_get_messages_with_limit" time="1.080" /></testsuite></testsuites>