<?xml version="1.0" encoding="utf-8"?><testsuites name="pytest tests"><testsuite name="pytest" errors="0" failures="0" skipped="0" tests="12" time="5.995" timestamp="2026-02-25T23:45:30.328523+00:00" hostname="agent-env-e8a919cd-b58e-4383-9f39-b0066a951d1e"><testcase classname="tests.test_archive_workflow.TestArchiveEndpoints" name="test_get_archived_orders" time="0.518" /><testcase classname="tests.test_archive_workflow.TestArchiveEndpoints" name="test_get_archived_movements" time="0.477" /><testcase classname="tests.test_archive_workflow.TestArchiveEndpoints" name="test_archive_orders_endpoint_exists" time="0.495" /><testcase classname="tests.test_archive_workflow.TestArchiveEndpoints" name="test_archive_movements_endpoint_exists" time="0.486" /><testcase classname="tests.test_archive_workflow.TestArchiveEndpoints" name="test_restore_orders_endpoint_exists" time="0.472" /><testcase classname="tests.test_archive_workflow.TestArchiveEndpoints" name="test_restore_movements_endpoint_exists" time="0.466" /><testcase classname="tests.test_archive_workflow.TestArchiveEndpoints" name="test_permanent_delete_orders_endpoint_exists" time="0.479" /><testcase classname="tests.test_archive_workflow.TestArchiveEndpoints" name="test_permanent_delete_movements_endpoint_exists" time="0.529" /><testcase classname="tests.test_archive_workflow.TestArchiveEndpoints" name="test_archive_counts_orders" time="0.468" /><testcase classname="tests.test_archive_workflow.TestArchiveEndpoints" name="test_archive_counts_movements" time="0.600" /><testcase classname="tests.test_archive_workflow.TestArchiveEndpoints" name="test_stock_orders_list" time="0.480" /><testcase classname="tests.test_archive_workflow.TestArchiveEndpoints" name="test_textbook_orders_list" time="0.455" /></testsuite></testsuites>