<?xml version="1.0" encoding="utf-8"?><testsuites name="pytest tests"><testsuite name="pytest" errors="0" failures="0" skipped="0" tests="13" time="3.269" timestamp="2026-02-08T16:16:09.277393+00:00" hostname="agent-env-14599e90-b43e-4027-8cbb-186599fd7499"><testcase classname="backend.tests.test_layout_templates.TestLayoutTemplatesAPI" name="test_get_ui_style_returns_available_layouts" time="0.337" /><testcase classname="backend.tests.test_layout_templates.TestLayoutTemplatesAPI" name="test_available_layouts_has_7_options" time="0.282" /><testcase classname="backend.tests.test_layout_templates.TestLayoutTemplatesAPI" name="test_layout_options_have_required_fields" time="0.283" /><testcase classname="backend.tests.test_layout_templates.TestLayoutTemplatesAPI" name="test_available_templates_has_6_themes" time="0.284" /><testcase classname="backend.tests.test_layout_templates.TestLayoutTemplatesAPI" name="test_china_panama_template_has_preview_colors" time="0.277" /><testcase classname="backend.tests.test_layout_templates.TestLayoutTemplatesAPI" name="test_style_object_contains_layout_field" time="0.279" /><testcase classname="backend.tests.test_layout_templates.TestLayoutTemplatesAPI" name="test_save_layout_choice" time="0.338" /><testcase classname="backend.tests.test_layout_templates.TestLayoutTemplatesAPI" name="test_save_china_panama_template" time="0.310" /><testcase classname="backend.tests.test_layout_templates.TestLayoutTemplatesAPI" name="test_public_ui_style_returns_layout" time="0.311" /><testcase classname="backend.tests.test_layout_templates.TestLayoutTemplatesAPI" name="test_cleanup_reset_to_default_layout" time="0.333" /><testcase classname="backend.tests.test_layout_templates.TestLayoutTemplatesUnauthorized" name="test_admin_ui_style_requires_auth" time="0.042" /><testcase classname="backend.tests.test_layout_templates.TestLayoutTemplatesUnauthorized" name="test_put_ui_style_requires_auth" time="0.040" /><testcase classname="backend.tests.test_layout_templates.TestLayoutTemplatesUnauthorized" name="test_public_ui_style_is_public" time="0.040" /></testsuite></testsuites>