<?xml version="1.0" encoding="utf-8"?><testsuites name="pytest tests"><testsuite name="pytest" errors="0" failures="0" skipped="0" tests="27" time="2.699" timestamp="2026-01-10T16:32:02.889805+00:00" hostname="agent-env-adc16a15-3c09-4bb9-9f7f-88e12c2636e1"><testcase classname="tests.test_memberships.TestMembershipPlans" name="test_get_plans_no_auth" time="0.104" /><testcase classname="tests.test_memberships.TestMembershipPlans" name="test_get_plans_structure" time="0.042" /><testcase classname="tests.test_memberships.TestMembershipPlans" name="test_get_plans_multilang" time="0.042" /><testcase classname="tests.test_memberships.TestMembershipPlans" name="test_get_single_plan" time="0.082" /><testcase classname="tests.test_memberships.TestMembershipPlans" name="test_create_plan_requires_admin" time="0.039" /><testcase classname="tests.test_memberships.TestMembershipPlans" name="test_create_plan_admin" time="0.315" /><testcase classname="tests.test_memberships.TestMembershipPlans" name="test_update_plan_admin" time="0.035" /><testcase classname="tests.test_memberships.TestMembershipPlans" name="test_delete_plan_admin" time="0.078" /><testcase classname="tests.test_memberships.TestUserMemberships" name="test_get_my_active_membership_requires_auth" time="0.034" /><testcase classname="tests.test_memberships.TestUserMemberships" name="test_get_my_active_membership" time="0.297" /><testcase classname="tests.test_memberships.TestUserMemberships" name="test_get_my_memberships" time="0.036" /><testcase classname="tests.test_memberships.TestUserMemberships" name="test_purchase_membership_requires_auth" time="0.036" /><testcase classname="tests.test_memberships.TestUserMemberships" name="test_purchase_membership_with_cash" time="0.103" /><testcase classname="tests.test_memberships.TestUserMemberships" name="test_purchase_membership_with_points" time="0.118" /><testcase classname="tests.test_memberships.TestVisits" name="test_checkin_requires_auth" time="0.034" /><testcase classname="tests.test_memberships.TestVisits" name="test_checkin" time="0.296" /><testcase classname="tests.test_memberships.TestVisits" name="test_checkout_requires_auth" time="0.035" /><testcase classname="tests.test_memberships.TestVisits" name="test_checkout" time="0.042" /><testcase classname="tests.test_memberships.TestVisits" name="test_get_my_visits_requires_auth" time="0.078" /><testcase classname="tests.test_memberships.TestVisits" name="test_get_my_visits" time="0.039" /><testcase classname="tests.test_memberships.TestVisits" name="test_get_visit_stats" time="0.037" /><testcase classname="tests.test_memberships.TestVisits" name="test_get_current_visitors_requires_admin" time="0.038" /><testcase classname="tests.test_memberships.TestVisits" name="test_get_current_visitors" time="0.039" /><testcase classname="tests.test_memberships.TestAdminMembershipOperations" name="test_grant_membership_requires_admin" time="0.032" /><testcase classname="tests.test_memberships.TestAdminMembershipOperations" name="test_grant_membership" time="0.371" /><testcase classname="tests.test_memberships.TestAdminMembershipOperations" name="test_get_visit_config" time="0.036" /><testcase classname="tests.test_memberships.TestAdminMembershipOperations" name="test_initialize_plans" time="0.038" /></testsuite></testsuites>