<?xml version="1.0" encoding="utf-8"?><testsuites name="pytest tests"><testsuite name="pytest" errors="0" failures="0" skipped="0" tests="12" time="6.103" timestamp="2026-02-21T16:41:43.543409+00:00" hostname="agent-env-2a6b26f9-dbaf-4e95-9fd7-d9c9f4a87513"><testcase classname="backend.tests.test_wallet_transaction_bulk_operations.TestWalletTransactionBulkOperations" name="test_get_admin_transactions_returns_archived_field" time="0.846" /><testcase classname="backend.tests.test_wallet_transaction_bulk_operations.TestWalletTransactionBulkOperations" name="test_bulk_archive_requires_transaction_ids" time="0.434" /><testcase classname="backend.tests.test_wallet_transaction_bulk_operations.TestWalletTransactionBulkOperations" name="test_bulk_unarchive_requires_transaction_ids" time="0.452" /><testcase classname="backend.tests.test_wallet_transaction_bulk_operations.TestWalletTransactionBulkOperations" name="test_bulk_delete_requires_transaction_ids" time="0.403" /><testcase classname="backend.tests.test_wallet_transaction_bulk_operations.TestWalletTransactionBulkOperations" name="test_single_delete_nonexistent_returns_404" time="0.504" /><testcase classname="backend.tests.test_wallet_transaction_bulk_operations.TestWalletTransactionBulkOperations" name="test_bulk_archive_archive_unarchive_flow" time="0.574" /><testcase classname="backend.tests.test_wallet_transaction_bulk_operations.TestWalletTransactionBulkOperations" name="test_bulk_archive_with_nonexistent_ids" time="0.405" /><testcase classname="backend.tests.test_wallet_transaction_bulk_operations.TestWalletTransactionBulkOperations" name="test_bulk_unarchive_with_nonexistent_ids" time="0.414" /><testcase classname="backend.tests.test_wallet_transaction_bulk_operations.TestWalletTransactionBulkOperations" name="test_bulk_delete_with_nonexistent_ids" time="0.439" /><testcase classname="backend.tests.test_wallet_transaction_bulk_operations.TestWalletTransactionBulkOperations" name="test_endpoints_require_admin_auth" time="0.656" /><testcase classname="backend.tests.test_wallet_transaction_bulk_operations.TestWalletTransactionDeleteIntegration" name="test_single_transaction_delete_flow" time="0.484" /><testcase classname="backend.tests.test_wallet_transaction_bulk_operations.TestWalletTransactionDeleteIntegration" name="test_transaction_data_structure" time="0.411" /></testsuite></testsuites>