<?xml version="1.0" encoding="utf-8"?><testsuites name="pytest tests"><testsuite name="pytest" errors="0" failures="0" skipped="0" tests="16" time="2.366" timestamp="2026-02-15T21:08:35.803773+00:00" hostname="agent-env-d4ddde62-eb82-4cb8-83ce-8dbc1bc200e5"><testcase classname="backend.tests.test_new_animations.TestNewAnimationStatuses" name="test_public_icon_statuses_returns_10_defaults" time="0.239" /><testcase classname="backend.tests.test_new_animations.TestNewAnimationStatuses" name="test_new_animation_types_present_in_defaults" time="0.113" /><testcase classname="backend.tests.test_new_animations.TestNewAnimationStatuses" name="test_admin_icon_statuses_returns_defaults_field" time="0.173" /><testcase classname="backend.tests.test_new_animations.TestNewAnimationStatuses" name="test_default_status_lantern_has_correct_animation" time="0.197" /><testcase classname="backend.tests.test_new_animations.TestNewAnimationStatuses" name="test_default_status_dragon_has_correct_animation" time="0.127" /><testcase classname="backend.tests.test_new_animations.TestNewAnimationStatuses" name="test_default_status_bamboo_has_correct_animation" time="0.113" /><testcase classname="backend.tests.test_new_animations.TestNewAnimationStatuses" name="test_default_status_coding_has_correct_animation" time="0.120" /><testcase classname="backend.tests.test_new_animations.TestNewAnimationStatuses" name="test_default_status_fireworks_has_correct_animation" time="0.133" /><testcase classname="backend.tests.test_new_animations.TestNewAnimationStatuses" name="test_default_status_progress_has_progress_bar_animation" time="0.115" /><testcase classname="backend.tests.test_new_animations.TestNewAnimationStatuses" name="test_all_statuses_have_hex_color" time="0.110" /><testcase classname="backend.tests.test_new_animations.TestLayoutIconsWithAnimations" name="test_layout_icons_endpoint_works" time="0.142" /><testcase classname="backend.tests.test_new_animations.TestLayoutIconsWithAnimations" name="test_admin_layout_icons_returns_resolved" time="0.158" /><testcase classname="backend.tests.test_new_animations.TestOriginalStatusesStillWork" name="test_ready_status_exists" time="0.160" /><testcase classname="backend.tests.test_new_animations.TestOriginalStatusesStillWork" name="test_building_status_exists" time="0.140" /><testcase classname="backend.tests.test_new_animations.TestOriginalStatusesStillWork" name="test_coming_soon_status_exists" time="0.113" /><testcase classname="backend.tests.test_new_animations.TestOriginalStatusesStillWork" name="test_maintenance_status_exists" time="0.140" /></testsuite></testsuites>