<?xml version="1.0" encoding="utf-8"?><testsuites name="pytest tests"><testsuite name="pytest" errors="0" failures="0" skipped="0" tests="11" time="36.184" timestamp="2026-02-15T01:55:10.370333+00:00" hostname="agent-env-e5427c9a-3f46-49cf-aca4-32ae1dd4265a"><testcase classname="backend.tests.test_txb_column_sync_bugfix.TestUnmappedColumnErrorHandling" name="test_unmapped_grade_column_returns_json_400" time="24.882" /><testcase classname="backend.tests.test_txb_column_sync_bugfix.TestUnmappedColumnErrorHandling" name="test_unmapped_name_column_returns_json_400" time="0.131" /><testcase classname="backend.tests.test_txb_column_sync_bugfix.TestInvalidColumnKeyErrorHandling" name="test_invalid_column_key_returns_json_400" time="0.148" /><testcase classname="backend.tests.test_txb_column_sync_bugfix.TestInvalidColumnKeyErrorHandling" name="test_another_invalid_key" time="0.136" /><testcase classname="backend.tests.test_txb_column_sync_bugfix.TestMappedColumnSync" name="test_code_column_sync_returns_202" time="0.113" /><testcase classname="backend.tests.test_txb_column_sync_bugfix.TestMappedColumnSync" name="test_stock_column_sync_returns_202" time="2.129" /><testcase classname="backend.tests.test_txb_column_sync_bugfix.TestSyncColumnStatus" name="test_get_sync_status_for_code" time="1.281" /><testcase classname="backend.tests.test_txb_column_sync_bugfix.TestSyncColumnStatus" name="test_get_sync_status_for_unsynced_column" time="0.116" /><testcase classname="backend.tests.test_txb_column_sync_bugfix.TestEndToEndColumnSync" name="test_full_sync_flow_for_status_column" time="6.897" /><testcase classname="backend.tests.test_txb_column_sync_bugfix.TestAuthenticationRequired" name="test_sync_column_requires_auth" time="0.108" /><testcase classname="backend.tests.test_txb_column_sync_bugfix.TestAuthenticationRequired" name="test_sync_status_requires_auth" time="0.123" /></testsuite></testsuites>