<?xml version="1.0" encoding="utf-8"?><testsuites name="pytest tests"><testsuite name="pytest" errors="0" failures="0" skipped="0" tests="15" time="1.380" timestamp="2026-02-13T02:36:50.478546+00:00" hostname="agent-env-50899225-2d7e-46b1-bd57-89798421a32c"><testcase classname="backend.tests.test_feed_visibility_controls.TestFeedAccessEndpoint" name="test_access_requires_auth" time="0.367" /><testcase classname="backend.tests.test_feed_visibility_controls.TestFeedAccessEndpoint" name="test_access_returns_admin_status" time="0.044" /><testcase classname="backend.tests.test_feed_visibility_controls.TestGetVisibilitySettings" name="test_visibility_requires_admin" time="0.040" /><testcase classname="backend.tests.test_feed_visibility_controls.TestGetVisibilitySettings" name="test_visibility_returns_settings_and_roles" time="0.039" /><testcase classname="backend.tests.test_feed_visibility_controls.TestGetVisibilitySettings" name="test_available_roles_include_expected_roles" time="0.035" /><testcase classname="backend.tests.test_feed_visibility_controls.TestGetVisibilitySettings" name="test_roles_have_spanish_names" time="0.039" /><testcase classname="backend.tests.test_feed_visibility_controls.TestPutVisibilitySettings" name="test_put_requires_admin" time="0.079" /><testcase classname="backend.tests.test_feed_visibility_controls.TestPutVisibilitySettings" name="test_set_visibility_all_users" time="0.037" /><testcase classname="backend.tests.test_feed_visibility_controls.TestPutVisibilitySettings" name="test_set_visibility_admin_only" time="0.034" /><testcase classname="backend.tests.test_feed_visibility_controls.TestPutVisibilitySettings" name="test_set_visibility_specific_roles" time="0.040" /><testcase classname="backend.tests.test_feed_visibility_controls.TestPutVisibilitySettings" name="test_reject_invalid_visibility_mode" time="0.042" /><testcase classname="backend.tests.test_feed_visibility_controls.TestPutVisibilitySettings" name="test_visibility_change_persists" time="0.119" /><testcase classname="backend.tests.test_feed_visibility_controls.TestFeedPostsWithVisibility" name="test_posts_with_all_users" time="0.117" /><testcase classname="backend.tests.test_feed_visibility_controls.TestFeedPostsWithVisibility" name="test_admin_always_has_access" time="0.114" /><testcase classname="backend.tests.test_feed_visibility_controls.TestAdminStatsWithVisibility" name="test_stats_includes_visibility" time="0.118" /></testsuite></testsuites>