<?xml version="1.0" encoding="utf-8"?><testsuites name="pytest tests"><testsuite name="pytest" errors="0" failures="0" skipped="0" tests="7" time="5.167" timestamp="2026-02-17T20:02:21.103007+00:00" hostname="agent-env-76dc8cdf-93b1-4768-9d4e-d2e08957be92"><testcase classname="backend.tests.test_link_student_flow.TestLinkStudentFlow" name="test_schools_endpoint_returns_3_schools" time="0.728" /><testcase classname="backend.tests.test_link_student_flow.TestLinkStudentFlow" name="test_student_creation_succeeds_on_first_attempt" time="0.681" /><testcase classname="backend.tests.test_link_student_flow.TestLinkStudentFlow" name="test_second_student_creation_also_succeeds" time="0.609" /><testcase classname="backend.tests.test_link_student_flow.TestLinkStudentFlow" name="test_schools_still_accessible_after_student_creation" time="0.831" /><testcase classname="backend.tests.test_link_student_flow.TestLinkStudentFlow" name="test_my_students_endpoint" time="0.502" /><testcase classname="backend.tests.test_link_student_flow.TestLinkStudentFlow" name="test_grade_field_used_in_presale_suggestion" time="0.645" /><testcase classname="backend.tests.test_link_student_flow.TestLinkStudentFlow" name="test_validation_errors_return_400" time="1.116" /></testsuite></testsuites>